TN:
SF:cadence/contracts/AlpenFlow.cdc
DA:15,2
DA:20,0
DA:21,0
DA:22,0
DA:27,0
DA:28,0
DA:30,0
DA:31,0
DA:32,0
DA:33,0
DA:37,3
DA:55,0
DA:59,0
DA:68,0
DA:72,0
DA:76,0
DA:95,0
DA:96,0
DA:97,0
DA:110,0
DA:111,0
DA:112,0
DA:113,0
DA:135,1
DA:136,1
DA:140,1
DA:147,1
DA:150,1
DA:153,1
DA:157,0
DA:160,0
DA:162,0
DA:164,0
DA:168,0
DA:171,0
DA:173,0
DA:174,0
DA:178,0
DA:179,0
DA:185,0
DA:192,0
DA:195,0
DA:198,0
DA:202,0
DA:205,0
DA:208,0
DA:210,0
DA:214,0
DA:217,0
DA:219,0
DA:220,0
DA:224,0
DA:225,0
DA:239,1
DA:247,1
DA:254,1
DA:261,88
DA:262,88
DA:264,88
DA:276,0
DA:277,0
DA:279,0
DA:285,2
DA:286,2
DA:287,2
DA:289,2
DA:290,62
DA:291,26
DA:293,62
DA:294,62
DA:297,2
DA:304,2
DA:305,2
DA:312,1
DA:313,1
DA:328,1
DA:329,1
DA:334,0
DA:335,0
DA:339,1
DA:340,1
DA:341,1
DA:342,1
DA:343,1
DA:347,1
DA:348,1
DA:349,1
DA:350,1
DA:351,0
DA:352,0
DA:356,1
DA:357,1
DA:358,1
DA:359,1
DA:360,1
DA:361,1
DA:362,1
DA:363,1
DA:397,1
DA:398,1
DA:399,1
DA:400,1
DA:401,1
DA:402,1
DA:403,1
DA:404,1
DA:407,1
DA:412,1
DA:413,1
DA:414,1
DA:418,1
DA:419,1
DA:420,1
DA:423,1
DA:424,1
DA:428,1
DA:430,1
DA:433,1
DA:436,1
DA:439,0
DA:444,0
DA:445,0
DA:446,0
DA:450,0
DA:451,0
DA:454,0
DA:455,0
DA:459,0
DA:461,0
DA:464,0
DA:467,0
DA:470,0
DA:472,0
DA:479,0
DA:482,0
DA:483,0
DA:485,0
DA:486,0
DA:487,0
DA:488,0
DA:489,0
DA:492,0
DA:494,0
DA:497,0
DA:502,0
DA:503,0
DA:505,0
DA:509,1
DA:510,1
DA:511,1
DA:512,1
DA:517,0
DA:518,0
DA:528,0
DA:533,0
DA:538,0
DA:544,0
DA:551,0
DA:559,0
DA:567,0
DA:592,0
DA:593,0
DA:600,1
DA:601,1
DA:606,2
DA:607,2
DA:608,2
DA:613,0
DA:614,0
DA:615,0
DA:616,0
DA:617,0
DA:618,0
LF:173
LH:76
end_of_record
