TN:
SF:./cadence/contracts/AlpenFlow.cdc
DA:17,31
DA:18,31
DA:19,31
DA:20,31
DA:24,15
DA:25,15
DA:29,0
DA:33,0
DA:38,0
DA:42,0
DA:47,0
DA:48,0
DA:50,0
DA:54,64
DA:75,26
DA:76,26
DA:80,31
DA:87,31
DA:90,31
DA:93,31
DA:97,0
DA:100,0
DA:102,0
DA:104,0
DA:108,0
DA:111,0
DA:113,0
DA:114,0
DA:118,0
DA:119,0
DA:125,15
DA:132,0
DA:135,0
DA:138,0
DA:142,15
DA:145,15
DA:148,15
DA:150,15
DA:154,15
DA:157,0
DA:159,0
DA:160,0
DA:164,0
DA:165,0
DA:179,31
DA:187,45
DA:194,45
DA:201,1301
DA:202,1301
DA:204,1301
DA:216,93
DA:217,93
DA:219,93
DA:225,96
DA:226,96
DA:227,96
DA:229,96
DA:230,904
DA:231,394
DA:233,904
DA:234,904
DA:237,96
DA:244,50
DA:245,50
DA:252,50
DA:253,50
DA:268,46
DA:269,46
DA:274,0
DA:275,0
DA:279,46
DA:280,46
DA:281,46
DA:282,46
DA:283,46
DA:289,46
DA:290,1
DA:291,1
DA:292,1
DA:295,45
DA:296,45
DA:299,45
DA:302,45
DA:303,45
DA:304,0
DA:308,45
DA:311,45
DA:312,45
DA:316,16
DA:317,16
DA:318,16
DA:319,16
DA:320,16
DA:321,16
DA:322,16
DA:323,16
DA:357,16
DA:358,16
DA:359,16
DA:360,16
DA:361,16
DA:362,16
DA:363,16
DA:364,16
DA:367,16
DA:372,31
DA:373,31
DA:374,31
DA:378,31
DA:379,31
DA:380,31
DA:383,31
DA:384,25
DA:388,31
DA:390,31
DA:393,31
DA:396,31
DA:399,31
DA:404,15
DA:405,15
DA:406,15
DA:410,15
DA:411,15
DA:414,15
DA:415,0
DA:419,15
DA:421,15
DA:424,15
DA:427,15
DA:430,15
DA:432,15
DA:439,30
DA:442,30
DA:443,30
DA:445,30
DA:446,30
DA:447,30
DA:448,30
DA:449,30
DA:452,30
DA:454,0
DA:457,0
DA:462,30
DA:463,30
DA:465,0
DA:469,31
DA:470,31
DA:471,31
DA:472,31
DA:477,13
DA:478,13
DA:483,0
DA:484,0
DA:486,0
DA:487,0
DA:488,0
DA:490,0
DA:494,0
DA:501,0
DA:503,0
DA:518,0
DA:523,0
DA:528,0
DA:534,0
DA:541,0
DA:549,0
DA:550,0
DA:558,0
DA:559,0
DA:584,0
DA:585,0
DA:592,16
DA:593,16
DA:598,33
DA:603,7
DA:604,7
DA:605,7
DA:606,7
DA:607,7
DA:608,7
DA:623,0
DA:628,0
DA:637,0
DA:639,0
DA:644,0
DA:650,0
DA:661,0
DA:668,0
DA:672,0
DA:676,0
DA:686,0
DA:691,0
DA:695,0
DA:696,0
DA:697,0
DA:698,0
DA:703,0
DA:704,0
DA:705,0
DA:717,0
DA:722,0
DA:723,0
DA:724,0
DA:725,0
DA:728,0
DA:732,0
DA:733,0
DA:734,0
DA:735,0
DA:737,0
DA:742,0
DA:743,0
DA:744,0
DA:745,0
DA:764,0
DA:765,0
DA:766,0
DA:779,0
DA:780,0
DA:781,0
DA:782,0
DA:788,8
DA:791,8
DA:792,8
DA:793,8
DA:794,8
LF:226
LH:133
end_of_record
TN:
SF:S../test_helpers.cdc
DA:6,7
DA:11,7
DA:14,7
DA:19,7
DA:24,0
DA:29,0
LF:6
LH:4
end_of_record
TN:
SF:t.00a8cd1925f7d77ea0125f94d1e6daceeb901a0bfd883acae47af45359b7e4bc
DA:5,1
DA:8,1
DA:9,1
DA:13,1
DA:14,0
LF:5
LH:4
end_of_record
TN:
SF:t.00b285cea55cb634ad6c74c1b26d395e9fbd5cbeb41e7b954e0b69c8e03834a6
DA:5,1
DA:8,1
DA:9,1
DA:13,1
DA:14,0
LF:5
LH:4
end_of_record
TN:
SF:t.00c6ed0c2a0157f274e322f343fd7b1e93a78219d52ebb5fbf248d3ae2b01205
DA:5,1
DA:8,1
DA:9,1
DA:13,1
DA:14,0
LF:5
LH:4
end_of_record
TN:
SF:t.01105d3b2e7b66f9fefbd409e6c2ed95b467993070b16764b0dd1c263abf686c
DA:5,1
DA:8,1
DA:9,1
DA:13,1
DA:14,0
LF:5
LH:4
end_of_record
TN:
SF:t.01ea4ac72874e8ae047225dc642b018ddddcc13373aa695ff3622a0f8688eca6
DA:6,1
DA:9,1
DA:11,1
DA:14,1
LF:4
LH:4
end_of_record
TN:
SF:t.022efa398f5688570305167ee6699b208cf9f859ae950672a8b9466a811ad92b
DA:6,1
DA:9,1
DA:11,1
DA:14,1
LF:4
LH:4
end_of_record
TN:
SF:t.02f98a185d32c7844f3a161e7a17bce4519642f0dcc8bb7722913e760825dd76
DA:5,1
DA:8,1
DA:9,1
DA:13,1
DA:14,0
LF:5
LH:4
end_of_record
TN:
SF:t.035f4744c882563e1bfc87137bcc607c5818d51420d25deb0e7b5d2116fa4515
DA:5,1
DA:8,1
DA:9,1
DA:13,1
DA:14,0
LF:5
LH:4
end_of_record
TN:
SF:t.04406f84e951314b11a51b39e9cc41a9ed4bca1f49bf423bd52a5e83a40095e8
DA:6,1
DA:9,1
DA:11,1
DA:14,1
LF:4
LH:4
end_of_record
TN:
SF:t.04d33e6aa45ce3d66725db93c3caa5cbbc05ac66a4fa74953d89e633cc8eec7f
DA:4,1
LF:1
LH:1
end_of_record
TN:
SF:t.06c56b11222bc6da97d29e184f4097f639028417c7306326defc0aade68e023f
DA:6,1
DA:9,1
DA:11,1
DA:14,1
LF:4
LH:4
end_of_record
TN:
SF:t.072514d4554d892e3ae1bfe681101531c10e17c481f3e93792b13f324ec5adcd
DA:5,1
DA:8,1
DA:9,1
DA:13,1
DA:14,0
LF:5
LH:4
end_of_record
TN:
SF:t.0828bc0452eba1877a950f545c11a382e04e8f3eff615714b5c729e8729e1cd5
DA:5,1
DA:8,1
DA:9,1
DA:13,1
DA:14,0
LF:5
LH:4
end_of_record
TN:
SF:t.0841432d3293120be1e50110215d1a4fcba201cacd4504b144ee2da1e6c1042f
DA:5,1
DA:8,1
DA:9,1
DA:13,1
DA:14,0
LF:5
LH:4
end_of_record
TN:
SF:t.08477986daa2df29b6f6138022f9daf579a1089c9097cb2dd3c48ffd2fc6c38d
DA:6,1
DA:9,1
DA:11,1
DA:14,1
LF:4
LH:4
end_of_record
TN:
SF:t.089833d285884dcf5976a68ed5a96759376cf436a552fc1b3149f08417322010
DA:12,9
DA:17,9
LF:2
LH:2
end_of_record
TN:
SF:t.08aa4d9e3beedc13207b08bf8b75db85685718cf871bad7ba9c96fb9a076f2d8
DA:6,1
DA:9,1
DA:11,1
DA:14,1
LF:4
LH:4
end_of_record
TN:
SF:t.08b50bfc0b7fda9bce94878283cf3e0329c5c50fe104a34f8ddef150264c14e3
DA:6,1
DA:9,1
DA:11,1
DA:14,1
LF:4
LH:4
end_of_record
TN:
SF:t.094477efabde1b20b522f2e4278e5a76891ed1cbf935471a389193db1fa3d797
DA:6,1
DA:9,1
DA:11,1
DA:14,1
LF:4
LH:4
end_of_record
TN:
SF:t.096a452cceae40de94530422a1838fffe8b9ea15929a9222716e0ef99f0b70bf
DA:6,1
DA:9,1
DA:11,1
DA:14,1
LF:4
LH:4
end_of_record
TN:
SF:t.0ab300a98f94215972ffe1d5100564322f13374a22ba0236a59d84638b6a9ffe
DA:6,1
DA:9,1
DA:11,1
DA:14,1
LF:4
LH:4
end_of_record
TN:
SF:t.0ac5e3766bb7595f67fb011fda4f0914844fe76016dc09c5cefdcd6d481da016
DA:6,1
DA:9,1
DA:11,1
DA:14,1
LF:4
LH:4
end_of_record
TN:
SF:t.0af131729488738e01a24bd480e1fe10b69134798c6ba79d4069fef73dbb58fb
DA:6,1
DA:9,1
DA:11,1
DA:14,1
LF:4
LH:4
end_of_record
TN:
SF:t.0b90899a9becc60e1a8ea3329eeb8111f79973ba8c4eed80a6c4467da1379844
DA:6,1
DA:9,1
DA:11,1
DA:14,1
LF:4
LH:4
end_of_record
TN:
SF:t.0ba6c6b1cea1939e14abb6a62140d3910fa1dd72ac75b017fe416d0fb715ad4a
DA:6,1
DA:9,1
DA:11,1
DA:14,1
LF:4
LH:4
end_of_record
TN:
SF:t.0c3caad6d9965960431558f287b4d133c81afda8495d43148534e5d091d68be9
DA:6,1
DA:9,1
DA:11,1
DA:14,1
LF:4
LH:4
end_of_record
TN:
SF:t.0c40339647adc14609913fc70fbf1cf53f8fc6150a4863dbbfe24f2ae0ba28f3
DA:3,9
LF:1
LH:1
end_of_record
TN:
SF:t.0cd0e93be13226758352b853b5ab7b0ada44b069204355f378f6134de7f6032a
DA:6,1
DA:9,1
DA:11,1
DA:14,1
LF:4
LH:4
end_of_record
TN:
SF:t.0d7ee788fe6dc1ca9b194ac96c855ba4a5d8def96ccdc903fc2e1ca57ae70c37
DA:6,1
DA:9,1
DA:11,1
DA:14,1
LF:4
LH:4
end_of_record
TN:
SF:t.0ddfc9dba0df641c9f5d8596dfd2f65088bc550118fac6c5b0d65b19ddc09666
DA:6,1
DA:9,1
DA:11,1
DA:14,1
LF:4
LH:4
end_of_record
TN:
SF:t.0e566b339c8750751026ee7369b4653af81d0a6ea028141dbf221e792cbe8274
DA:6,1
DA:9,1
DA:11,1
DA:14,1
LF:4
LH:4
end_of_record
TN:
SF:t.0ed88fa456ade61c18efcf51b95b0eb748a629313532988effa38bb93e7703eb
DA:6,1
DA:9,1
DA:11,1
DA:14,1
LF:4
LH:4
end_of_record
TN:
SF:t.0ee49bb67291e9bca29346d36badb2699cc5b1c7fdc186d7408b8f9d188c2d0b
DA:6,1
DA:9,1
DA:11,1
DA:14,1
LF:4
LH:4
end_of_record
TN:
SF:t.0f287dfce0116ccc4aec27d2ca8ab070ea45d04044880f0791736784e63f0faf
DA:6,1
DA:9,1
DA:11,1
DA:14,1
LF:4
LH:4
end_of_record
TN:
SF:t.10035bfb5fc62cf5d0cb9ca1b0a114237f6684ec37bc3ef4d7497bf0268a4490
DA:6,1
DA:9,1
DA:11,1
DA:14,1
LF:4
LH:4
end_of_record
TN:
SF:t.102d2d3473a316d592c4d5c54c1420c842b59c632ee974fdacffd93daa2d98c9
DA:6,1
DA:9,1
DA:11,1
DA:14,1
LF:4
LH:4
end_of_record
TN:
SF:t.10517d28440801a32f2202965e824e4e9381ac7b2b22cfaea3280bb2e20955e5
DA:3,1
LF:1
LH:1
end_of_record
TN:
SF:t.109f8f33bc4945c2d3faff8aee29abc36037e0edfe68bbca32008a7aaaaa0d6f
DA:6,9
DA:10,9
DA:12,9
LF:3
LH:3
end_of_record
TN:
SF:t.135f604ce2bb03afc993639185c3cd1fbf0f5643f8d18e3b0136cf4808f8428d
DA:6,1
DA:9,1
DA:11,1
DA:14,1
LF:4
LH:4
end_of_record
TN:
SF:t.13749d8390f4e191cdcaa80bf5f4df3e9ff79c42cc61d411e5c2363afc1548cd
DA:6,1
DA:9,1
DA:11,1
DA:14,1
LF:4
LH:4
end_of_record
TN:
SF:t.13dbe6c4338bea1ac594ba69d53cb12846cbb02125dc2306e95984ea937879ac
DA:5,1
DA:8,1
DA:9,1
DA:13,1
DA:14,0
LF:5
LH:4
end_of_record
TN:
SF:t.141c4beadac7bb1d6d23a7eef1c25bd5d9c5072c20c63db20a4d067985795237
DA:5,1
DA:8,1
DA:9,1
DA:13,1
DA:14,0
LF:5
LH:4
end_of_record
TN:
SF:t.14581939e7167ec20d9f61b2e419132c11bf672ec9c8c4a6d41f0fec3fd90519
DA:6,1
DA:9,1
DA:11,1
DA:14,1
LF:4
LH:4
end_of_record
TN:
SF:t.14de7d4754e460916782342ce518c273e3a3b9f74c80275c0f7bd9f65fbc26d0
DA:6,1
DA:9,1
DA:11,1
DA:14,1
LF:4
LH:4
end_of_record
TN:
SF:t.152f145c9d62ba7409b4f828fe50ea0d2f221b97bb20e5e82d5ebecf4524c308
DA:6,1
DA:9,1
DA:11,1
DA:14,1
LF:4
LH:4
end_of_record
TN:
SF:t.1549b097541dedbec44826f65470662724b9dc396de300ba8a560eb2d51e108d
DA:5,1
DA:8,1
DA:9,1
DA:13,1
DA:14,0
LF:5
LH:4
end_of_record
TN:
SF:t.15f7966fcb6ff0e7d733d19ad71a1d49fafd899ec0b46193bff0331c79965795
DA:6,1
DA:9,1
DA:11,1
DA:14,1
LF:4
LH:4
end_of_record
TN:
SF:t.16795bdac684fc6755e9013728d5db70ebfecfbca8d1fff7cab4c4ac840d1655
DA:6,1
DA:9,1
DA:11,1
DA:14,1
LF:4
LH:4
end_of_record
TN:
SF:t.1745c135dc86049bdc05675527fa517ba14af1ba78b2bb23b3a0fb4f9fbeffac
DA:3,9
LF:1
LH:1
end_of_record
TN:
SF:t.174c22a3a8d934ec94e94be04a3281cb6fb1a6fb4451d8d55d58df16335fdc9e
DA:3,9
LF:1
LH:1
end_of_record
TN:
SF:t.17be187c4ffb890ea27a7bddbbc7eb7275bd0889b111578de016a10275944277
DA:6,1
DA:9,1
DA:11,1
DA:14,1
LF:4
LH:4
end_of_record
TN:
SF:t.17c28c6dd92ae39425d4c2adbae5569891d15cc28661de08f2fd88c885b19101
DA:6,1
DA:9,1
DA:11,1
DA:14,1
LF:4
LH:4
end_of_record
TN:
SF:t.17da866e507ec2d65464f2a406a803b4cdfa35f8c49576649a162af8380168a5
DA:5,1
DA:8,1
DA:9,1
DA:13,1
DA:14,0
LF:5
LH:4
end_of_record
TN:
SF:t.17de8ba2b8afc4b2e4000b871c6ee87c2c95d32db057a72e7be9a20ce81eca65
DA:6,1
DA:9,1
DA:11,1
DA:14,1
LF:4
LH:4
end_of_record
TN:
SF:t.1867ea02bc5534d90a616ba5c617d8f77dc8b11f3a183f777ed2916216c1370e
DA:6,1
DA:9,1
DA:11,1
DA:14,1
LF:4
LH:4
end_of_record
TN:
SF:t.189159b145ea35faa77f8da0885fef37714998b7d5477f2d3c02d879d2e31849
DA:6,1
DA:9,1
DA:11,1
DA:14,1
LF:4
LH:4
end_of_record
TN:
SF:t.18b2f89a580afb8fcd5bf2a3c813daf409fe36f6a7062851a17813926f768a1b
DA:6,1
DA:9,1
DA:11,1
DA:14,1
LF:4
LH:4
end_of_record
TN:
SF:t.18b33975a0066edb8b589a304713645e846d138c86fb5b75d4c9224dfd53e8fe
DA:3,9
LF:1
LH:1
end_of_record
TN:
SF:t.191e2555432f8cec175163ff504e0fbf092f1a9da8d737a7519bcec6a79f8d5c
DA:5,1
DA:8,1
DA:9,1
DA:13,1
DA:14,0
LF:5
LH:4
end_of_record
TN:
SF:t.194cc286f14d7aa9c847a6e3952bf3614b314e1aa9d944e0fffcf81b50e291bf
DA:5,1
DA:8,1
DA:9,1
DA:13,1
DA:14,0
LF:5
LH:4
end_of_record
TN:
SF:t.1953b2da91ad14489f45bdc17d1c0972486a9d97916fec35f9def3b18205a79e
DA:6,1
DA:9,1
DA:11,1
DA:14,1
LF:4
LH:4
end_of_record
TN:
SF:t.1978efe31d13f58c450740d3f499a2256eaa968d67a23aa1c95e514593b9e6af
DA:6,1
DA:9,1
DA:11,1
DA:14,1
LF:4
LH:4
end_of_record
TN:
SF:t.1abccb6f760d03f97c68d2e12500d117d4c00a44f66aca6d40b443ab3844261f
DA:6,1
DA:9,1
DA:11,1
DA:14,1
LF:4
LH:4
end_of_record
TN:
SF:t.1acd56e46df47a2b38d00398b6b5ff1e0e38a954aaf4823303c8dcd8e7948763
DA:6,1
DA:9,1
DA:11,1
DA:14,1
LF:4
LH:4
end_of_record
TN:
SF:t.1af54053d443216edd55aeb14dd2adae5667cebdd5751e601b4de72888b3ceca
DA:5,1
DA:8,1
DA:9,1
DA:13,1
DA:14,0
LF:5
LH:4
end_of_record
TN:
SF:t.1bb788f566a692904dbad9d2ad15b42be7bdc4ce9e3a82cccf08926054034f9d
DA:6,1
DA:9,1
DA:11,1
DA:14,1
LF:4
LH:4
end_of_record
TN:
SF:t.1bb982e4b723f38f8e699415efb72c56d4baee12ad62b030b9c509f0997c2223
DA:5,1
DA:8,1
DA:9,1
DA:13,1
DA:14,0
LF:5
LH:4
end_of_record
TN:
SF:t.1bff515612524b06bb9ed113e20c490de7166823317e6ec50ab5215ccca45f9a
DA:5,1
DA:8,1
DA:9,1
DA:13,1
DA:14,0
LF:5
LH:4
end_of_record
TN:
SF:t.1c19599b861f14b8f46b04d4dca4c44cf2d73a32bf16bc1a15b0466949142a68
DA:6,1
DA:9,1
DA:11,1
DA:14,1
LF:4
LH:4
end_of_record
TN:
SF:t.1c679d42cf966d99e9564609925a930bff0017bdd47e73e53a8f0aed5f4431ca
DA:5,1
DA:8,1
DA:9,1
DA:13,1
DA:14,0
LF:5
LH:4
end_of_record
TN:
SF:t.1ce49d71370263352a7eb508bf4aad5e66063d3e790cd91c6d4a3706b7eca6f3
DA:6,1
DA:9,1
DA:11,1
DA:14,1
LF:4
LH:4
end_of_record
TN:
SF:t.1e07c761cb356f14163ab005d3b0ff3b929d72db32de4375cd6a97408c38fad5
DA:5,1
DA:8,1
DA:9,1
DA:13,1
DA:14,0
LF:5
LH:4
end_of_record
TN:
SF:t.1e25d5a28c450ebe287dd62604ba2b92bd58f8bec6da36d36187ab8c390dba71
DA:5,1
DA:8,1
DA:9,1
DA:13,1
DA:14,0
LF:5
LH:4
end_of_record
TN:
SF:t.1e71165193d2ec12af805eb38468a0202e7cd1f29d4bf9fd05ad7ac0b527b844
DA:6,1
DA:9,1
DA:11,1
DA:14,1
LF:4
LH:4
end_of_record
TN:
SF:t.1eb71022a8d40233a0e5f932f6910f67d5997e27be48e82052988c6cba1e8435
DA:5,1
DA:8,1
DA:9,1
DA:13,1
DA:14,0
LF:5
LH:4
end_of_record
TN:
SF:t.1f0f98386b7506a20f3032c9ab5df6b29c569171dff2c540346719d2d3d88773
DA:6,1
DA:9,1
DA:11,1
DA:14,1
LF:4
LH:4
end_of_record
TN:
SF:t.1f2eb29020361b170c70f4a7fb717ffb40578f4c3bf6802e434b64a21410e6ec
DA:5,1
DA:8,1
DA:9,1
DA:13,1
DA:14,0
LF:5
LH:4
end_of_record
TN:
SF:t.1f8ffcd1a0baf09e8c8c6f8082d73d6ceeee3b9f8d963852dc8a511907b28dd0
DA:5,1
DA:8,1
DA:9,1
DA:13,1
DA:14,0
LF:5
LH:4
end_of_record
TN:
SF:t.1fb293a600a62ffb7c6cd44b3d2d687675071859f268aa3e33bd8b75ddb38208
DA:6,1
DA:9,1
DA:11,1
DA:14,1
LF:4
LH:4
end_of_record
TN:
SF:t.20b5616716419030a6094724da966adb16d8d939b1d48eff1b8e96cd0a650f37
DA:6,1
DA:9,1
DA:11,1
DA:14,1
LF:4
LH:4
end_of_record
TN:
SF:t.2124f301cd1453bb388999faf9a9175ebf5cdef3a1020769fec5eb2caebef656
DA:6,1
DA:9,1
DA:11,1
DA:14,1
LF:4
LH:4
end_of_record
TN:
SF:t.212d929998d17c1953e37bea526a7690b6b0c0f48146805a236c133ebbac9042
DA:6,1
DA:9,1
DA:11,1
DA:14,1
LF:4
LH:4
end_of_record
TN:
SF:t.217244fc32a314f624e247f4d080096dd1bb79f14702dc9908854adf3ecdae7b
DA:6,1
DA:9,1
DA:11,1
DA:14,1
LF:4
LH:4
end_of_record
TN:
SF:t.2210594aee6e5a29a8ed11345cfab5b284db889035b8c911133ef629b9f3feb5
DA:5,1
DA:8,1
DA:9,1
DA:13,1
DA:14,0
LF:5
LH:4
end_of_record
TN:
SF:t.22328b3532be48fcb29acac4ab5fc0344f2bf796c4af1a1e6c56a24c00e69544
DA:6,1
DA:9,1
DA:11,1
DA:14,1
LF:4
LH:4
end_of_record
TN:
SF:t.22abdc347ff17f61127155005c9a37247ab7ca527a9fceb32e2cd973128690a8
DA:6,1
DA:9,1
DA:11,1
DA:14,1
LF:4
LH:4
end_of_record
TN:
SF:t.22cf882e69cc2d72a8f2a868bb8c7644352c66d439d4b07ff0622e391539af31
DA:5,1
DA:8,1
DA:9,1
DA:13,1
DA:14,0
LF:5
LH:4
end_of_record
TN:
SF:t.2328c39a543d75e146ec04354d38347cb2975d3c0b550fe0f9743859e019eae1
DA:5,1
DA:8,1
DA:9,1
DA:13,1
DA:14,0
LF:5
LH:4
end_of_record
TN:
SF:t.235ee008d158433fc525146c6581a5a00f1f5ca32d56c7bf9bf371f5d73b50b6
DA:6,1
DA:9,1
DA:11,1
DA:14,1
LF:4
LH:4
end_of_record
TN:
SF:t.23a0a61f5532433911c31912beaca36468256f5ccae0daf8016c76dd466459db
DA:6,1
DA:9,1
DA:11,1
DA:14,1
LF:4
LH:4
end_of_record
TN:
SF:t.23eb061bb6924471b2f92754ae675e86df07e265927d59e01bc7fd46cb2c8ddf
DA:6,1
DA:9,1
DA:11,1
DA:14,1
LF:4
LH:4
end_of_record
TN:
SF:t.245cde53b81c581188224e98ac3efcdd89ca1713236c2378ebe9d5ab6a1ccf23
DA:5,1
DA:8,1
DA:9,1
DA:13,1
DA:14,0
LF:5
LH:4
end_of_record
TN:
SF:t.266c8aef4c11d3cde0fcf372cf42b77396235debfa66189550a8da26f66f61bc
DA:5,1
DA:8,1
DA:9,1
DA:13,1
DA:14,0
LF:5
LH:4
end_of_record
TN:
SF:t.275a960704bc96f2a92a5495d23f781254764401267b901a9b7a5ba5034778c0
DA:6,1
DA:9,1
DA:11,1
DA:14,1
LF:4
LH:4
end_of_record
TN:
SF:t.277dcc268bab102bd7a444588ce029ee54034f1082e61c91fddc9a57cfa888d5
DA:6,1
DA:9,1
DA:11,1
DA:14,1
LF:4
LH:4
end_of_record
TN:
SF:t.2787ee79c19cb2e081aeea641c4ef463ff4018b469cb7df7bb0214addc59f586
DA:6,1
DA:9,1
DA:11,1
DA:14,1
LF:4
LH:4
end_of_record
TN:
SF:t.286cec532a8742e4f6d0c5e94e8e7d88519cf50a1a5d68910a02ac4d1b609c93
DA:5,1
DA:8,1
DA:9,1
DA:13,1
DA:14,0
LF:5
LH:4
end_of_record
TN:
SF:t.28d8ad584e602d8226e4a24b4dc82cf0b06f27c74872f1a615755d0acc7f0f7a
DA:6,1
DA:9,1
DA:11,1
DA:14,1
LF:4
LH:4
end_of_record
TN:
SF:t.296dc287301929151c4a4bef8af3a856867d1a5f4f78666aef0e3b3999e9c428
DA:5,1
DA:8,1
DA:9,1
DA:13,1
DA:14,0
LF:5
LH:4
end_of_record
TN:
SF:t.29ff1852ae9069cf1ea7dc4780dead04d61418f05aff4a773d7b47c7c8aae8ea
DA:6,1
DA:9,1
DA:11,1
DA:14,1
LF:4
LH:4
end_of_record
TN:
SF:t.2a88d89797d9524531a29d132df5393c118c3c5c9a491ea28d2f3a56c7445cd2
DA:6,1
DA:9,1
DA:11,1
DA:14,1
LF:4
LH:4
end_of_record
TN:
SF:t.2b50716ea803cb9d52e01fb0e8e7a0598de20bc79fd09da84dbd4c3d8539bb9f
DA:6,1
DA:9,1
DA:11,1
DA:14,1
LF:4
LH:4
end_of_record
TN:
SF:t.2b8f2d67a9539db92ae217520899228380368fa2f40a784344cbf74cd1f0f070
DA:5,1
DA:8,1
DA:9,1
DA:13,1
DA:14,0
LF:5
LH:4
end_of_record
TN:
SF:t.2bab8e8c2937d4cd9df93cb0f992db41b5e17215069369278e290e48d1929ed8
DA:3,1
LF:1
LH:1
end_of_record
TN:
SF:t.2c43d8ebb248ab7bdfe0445d9cf37b24a6468cf30bc3786e2cfab3b7aee91c0f
DA:5,1
DA:8,1
DA:9,1
DA:13,1
DA:14,0
LF:5
LH:4
end_of_record
TN:
SF:t.2c5ac2c5e5df0b58ede97ae856798ca311129f2f3d52ba0c2db2a5366f2a51db
DA:6,1
DA:9,1
DA:11,1
DA:14,1
LF:4
LH:4
end_of_record
TN:
SF:t.2cbdaa5cb7341ea1776f943700d31f0d6a77a633c26751577c8739fc28a49b9d
DA:5,1
DA:8,1
DA:9,1
DA:13,1
DA:14,0
LF:5
LH:4
end_of_record
TN:
SF:t.2df342029b5954cee895b588e49612e793ed361ae98b15b5dd273c293fa79a69
DA:5,1
DA:8,1
DA:9,1
DA:13,1
DA:14,0
LF:5
LH:4
end_of_record
TN:
SF:t.2df5aadc9ba1395e432dbd3c8da431141388ba07ba321e8f2d1488e8105ac81a
DA:6,1
DA:9,1
DA:11,1
DA:14,1
LF:4
LH:4
end_of_record
TN:
SF:t.2e1ce9485a1fa07094f6aa599ba8111404047e6913fbfaa44e1272dbb7dd0f65
DA:6,1
DA:9,1
DA:11,1
DA:14,1
LF:4
LH:4
end_of_record
TN:
SF:t.2eadfdb596de6a9bb7f2c7d40136913d20aed928aa95bcd4df9fc0840236ca78
DA:5,1
DA:8,1
DA:9,1
DA:13,1
DA:14,0
LF:5
LH:4
end_of_record
TN:
SF:t.2ede867227e4bd15df29c13bb1722909a727a5dce38ece27cda061f392feeaba
DA:4,1
LF:1
LH:1
end_of_record
TN:
SF:t.2ee9fe290477a5e38c55f42aec5fba29ce250df788b1e654d6870d9b3cfb5f58
DA:6,1
DA:9,1
DA:11,1
DA:14,1
LF:4
LH:4
end_of_record
TN:
SF:t.2f3844db380ab23942d85c0e1d3254c245114f608163ae5da8395f9a9311470b
DA:6,1
DA:9,1
DA:11,1
DA:14,1
LF:4
LH:4
end_of_record
TN:
SF:t.2f6452c6e3e2cfe1aa5560c15b8be3b2c89de97d7cf56e1d125036347b519d34
DA:5,1
DA:8,1
DA:9,1
DA:13,1
DA:14,0
LF:5
LH:4
end_of_record
TN:
SF:t.315964382da55a6f9827885afca0f022304e4397d628a6e96b3e78d095e5622c
DA:6,1
DA:9,1
DA:11,1
DA:14,1
LF:4
LH:4
end_of_record
TN:
SF:t.31a8cb161eb4641ddcd5b29e9feffe92521e748266c50b91e481b3a544f75b38
DA:6,1
DA:9,1
DA:11,1
DA:14,1
LF:4
LH:4
end_of_record
TN:
SF:t.3204a90864b98ff8ecbfd69586229d88dcac3456d76e0da0c54d4696cb9d0ca8
DA:6,1
DA:9,1
DA:11,1
DA:14,1
LF:4
LH:4
end_of_record
TN:
SF:t.326047840b1b118968b9dfb73a8a69b72d0ae2da57579f5cb03cc2c3b52b9874
DA:6,1
DA:9,1
DA:11,1
DA:14,1
LF:4
LH:4
end_of_record
TN:
SF:t.326ef6212cfe5fe8b7c9b592173dc0b49fb4b4cacd3c908d3e2f91dec3bd165d
DA:5,1
DA:8,1
DA:9,1
DA:13,1
DA:14,0
LF:5
LH:4
end_of_record
TN:
SF:t.33876d9f31b656fed78d4a8d7a0d4d725d2ab936ab8b2766959589382530b5b0
DA:5,1
DA:8,1
DA:9,1
DA:13,1
DA:14,0
LF:5
LH:4
end_of_record
TN:
SF:t.33d6b0df850205aac7687d2c9f88aa8dab66d8288ca716046fa7ed600b02a1f9
DA:5,1
DA:8,1
DA:9,1
DA:13,1
DA:14,0
LF:5
LH:4
end_of_record
TN:
SF:t.3420bfd4199b359e9d3b2d259d69c59bcad7b8984d9472c7530d401bcd70b26c
DA:6,1
DA:9,1
DA:11,1
DA:14,1
LF:4
LH:4
end_of_record
TN:
SF:t.343f7c11da0207c4b9fa7741db04f7edfbe47b062fc993991594885ff489ef3f
DA:6,1
DA:9,1
DA:11,1
DA:14,1
LF:4
LH:4
end_of_record
TN:
SF:t.359c714dd252b268406869c96c369c657e8a171366cb41deb42ef769580b1634
DA:6,1
DA:9,1
DA:11,1
DA:14,1
LF:4
LH:4
end_of_record
TN:
SF:t.35e6b304f76c77a8d5f6794367a37098b7f12d5f581310c7b389bddf4f328cdc
DA:6,1
DA:9,1
DA:11,1
DA:14,1
LF:4
LH:4
end_of_record
TN:
SF:t.35eee704cecc2c85dfa7d7f14241f1dab5a60ba81b788865faa19b3830454907
DA:5,1
DA:8,1
DA:9,1
DA:13,1
DA:14,0
LF:5
LH:4
end_of_record
TN:
SF:t.36a4a728e6863e004cbbdd7a60c9bfbe4f18c17b5d2df73c08cfda82007bb402
DA:3,1
DA:4,1
LF:2
LH:2
end_of_record
TN:
SF:t.37a624f5b4c6a4f633d870254750a5da505ce83a20d6a8e32b962881d0303f3d
DA:5,1
DA:8,1
DA:9,1
DA:13,1
DA:14,0
LF:5
LH:4
end_of_record
TN:
SF:t.37f887c68bcc441c587a8fc72332af1a89b6fcccb2a570286949e3b411c597f7
DA:5,1
DA:8,1
DA:9,1
DA:13,1
DA:14,0
LF:5
LH:4
end_of_record
TN:
SF:t.3805ef7bda80dcf7b2cf9b27141e110277a59fd60764b4e32cd32a4ae69f31c9
DA:6,1
DA:9,1
DA:11,1
DA:14,1
LF:4
LH:4
end_of_record
TN:
SF:t.3872183d76231b436df8c38eaf99dd8cbcbabc5ab32670dab038d1f8db328276
DA:6,1
DA:9,1
DA:11,1
DA:14,1
LF:4
LH:4
end_of_record
TN:
SF:t.3932d6e081f276b3a171ea717be8d90df25e563f9608c8785f143ac0504cda89
DA:5,1
DA:8,1
DA:9,1
DA:13,1
DA:14,0
LF:5
LH:4
end_of_record
TN:
SF:t.39721a7160c2f79e6cb84ca681cce1212929e95b987cb0d3cb2c5d38cc86f153
DA:6,1
DA:9,1
DA:11,1
DA:14,1
LF:4
LH:4
end_of_record
TN:
SF:t.3977ea817e0004eb9dbb9694490b5824d62c8f64d4a4b9be1fe54a36db8b6530
DA:6,1
DA:9,1
DA:11,1
DA:14,1
LF:4
LH:4
end_of_record
TN:
SF:t.3995da4836c29b1661671ed7184a4d2b2419bcceae16d7586a4aeb8d3610885e
DA:6,1
DA:9,1
DA:11,1
DA:14,1
LF:4
LH:4
end_of_record
TN:
SF:t.3a280bdcdd526224736efa1b7eb25fe19641f6f1008206b635151a1549915d0d
DA:4,1
LF:1
LH:1
end_of_record
TN:
SF:t.3bbfc4f2fbd5c721b5518aba7a0fc331157514a71bf8a06b5738b6137d60cc9c
DA:3,9
LF:1
LH:1
end_of_record
TN:
SF:t.3c08e864406c8caf417763b40fddba4246b6ad95c9ef588a81110a9973b11d6b
DA:5,1
DA:8,1
DA:9,1
DA:13,1
DA:14,0
LF:5
LH:4
end_of_record
TN:
SF:t.3c21927daf6e6006d85c30245c6af7f8e6bc01f5bcfcc5c7598e2eccf939511e
DA:6,1
DA:9,1
DA:11,1
DA:14,1
LF:4
LH:4
end_of_record
TN:
SF:t.3c5ca9b3f670fa9aa91210f4f05c59bceeae93d9e53a6e3fe6a85c876fb63d8b
DA:6,1
DA:9,1
DA:11,1
DA:14,1
LF:4
LH:4
end_of_record
TN:
SF:t.3cebdadac68b61525baba709a87836167a4e08650dd56030d5d446d207b206fa
DA:5,1
DA:8,1
DA:9,1
DA:13,1
DA:14,0
LF:5
LH:4
end_of_record
TN:
SF:t.3d1d36b97b3f6b6d2dd5613e683fa21e1c95b74c7a82539477883b5433dfdcbd
DA:5,1
DA:8,1
DA:9,1
DA:13,1
DA:14,0
LF:5
LH:4
end_of_record
TN:
SF:t.3d5b1bacf8846484bf446c974750ba0c822f19af053f457d87933b5094c46c42
DA:4,1
LF:1
LH:1
end_of_record
TN:
SF:t.3eb37932c67fa567538fe8a19c3cd44ed645a89c8149c15e3422a0a6cdc32935
DA:3,1
DA:4,1
LF:2
LH:2
end_of_record
TN:
SF:t.3efbae8d27e57a2035ebc26d7df03e1eb3ee4b45dafd1092636fc9e14d73dcc6
DA:3,1
DA:4,1
LF:2
LH:2
end_of_record
TN:
SF:t.3f3473cccfe59202122e113dcfa4a3f5911349289929be70e59da3486e72f951
DA:5,1
DA:8,1
DA:9,1
DA:13,1
DA:14,0
LF:5
LH:4
end_of_record
TN:
SF:t.3fcc5ac02ae331fecec18ec478f697531cc67c4e86451d49eb476b2339077eab
DA:6,1
DA:9,1
DA:11,1
DA:14,1
LF:4
LH:4
end_of_record
TN:
SF:t.3fd3987108cbd102d99ed346d241c7ecc2fd4075e787b45229661fc9e6b80a42
DA:6,1
DA:9,1
DA:11,1
DA:14,1
LF:4
LH:4
end_of_record
TN:
SF:t.40236ed8e783e51a0485a5b071594f82971ceaf3e57704f3f00a779efbb4647b
DA:5,1
DA:8,1
DA:9,1
DA:13,1
DA:14,0
LF:5
LH:4
end_of_record
TN:
SF:t.4126b4372e9d079fd1d629af1b98f1c96b3544cdd844f5dfc5202a677adf3144
DA:6,1
DA:9,1
DA:11,1
DA:14,1
LF:4
LH:4
end_of_record
TN:
SF:t.420bd6f254637ddb51c513575f6bbfea4698110625419df0e11e9a8ab3309023
DA:4,1
LF:1
LH:1
end_of_record
TN:
SF:t.429bc6d43f2224f29163d54124443be5f6c9a75f84c48bcea32eb96f426dd236
DA:5,1
DA:8,1
DA:9,1
DA:13,1
DA:14,0
LF:5
LH:4
end_of_record
TN:
SF:t.42b7e076356b908392272be76c5d3606575274b61dd1e00b8f9a013d02a2fe3a
DA:6,1
DA:9,1
DA:11,1
DA:14,1
LF:4
LH:4
end_of_record
TN:
SF:t.4418f7f4c5ed319f8034d231df0ef06d4f503842c3942eb56ef55f4a0c0c3bb2
DA:6,1
DA:9,1
DA:11,1
DA:14,1
LF:4
LH:4
end_of_record
TN:
SF:t.44b1f1b25a7ea93b5be8d44676ca4208aefdf249062c8db6d23e556f95a4c537
DA:3,1
LF:1
LH:1
end_of_record
TN:
SF:t.44bc65b16813fbfeebaf9541131270716b8865e56a91dd7daeca0d2d8fa04260
DA:6,1
DA:9,1
DA:11,1
DA:14,1
LF:4
LH:4
end_of_record
TN:
SF:t.4517cdb504551b50cbbba4a1b8e864461e9d05aec059ae15c3fe444e9c6a1a1e
DA:6,1
DA:9,1
DA:11,1
DA:14,1
LF:4
LH:4
end_of_record
TN:
SF:t.4535e028030cd33cd25bccc4f9563dc2a8236206e511913d0cd4a05c34cb2ea4
DA:6,1
DA:9,1
DA:11,1
DA:14,1
LF:4
LH:4
end_of_record
TN:
SF:t.454354b1fcbc23a1e311112e6aff879a0c80426980f3cf35c92d781ca2f9d1c0
DA:6,1
DA:9,1
DA:11,1
DA:14,1
LF:4
LH:4
end_of_record
TN:
SF:t.45b793a24cc11dba2f6c94080c2110c9e48b5b0b392693e376b89d56dc765c14
DA:5,1
DA:8,1
DA:9,1
DA:13,1
DA:14,0
LF:5
LH:4
end_of_record
TN:
SF:t.4616046ec5f667e3f086bc0db05115a0a5bc5373154c791086d2fb2c649494de
DA:6,1
DA:9,1
DA:11,1
DA:14,1
LF:4
LH:4
end_of_record
TN:
SF:t.46b10f325e457a71f5d6ce080b89591f17a7994ff667f1aebd0ca391a8013064
DA:6,1
DA:9,1
DA:11,1
DA:14,1
LF:4
LH:4
end_of_record
TN:
SF:t.470114f444b55290dabe05dadb75714489f99286097640deb1bd270842147327
DA:6,1
DA:9,1
DA:11,1
DA:14,1
LF:4
LH:4
end_of_record
TN:
SF:t.47121266bf7a8cb8f44bf88287636ef18610c276b396a9137bb335602346ead9
DA:6,1
DA:9,1
DA:11,1
DA:14,1
LF:4
LH:4
end_of_record
TN:
SF:t.4790bdc76df961d7b1efbc7a58a8a627a4028fce672c30814cf1f071886fd472
DA:5,1
DA:8,1
DA:9,1
DA:13,1
DA:14,0
LF:5
LH:4
end_of_record
TN:
SF:t.47a52a0399d949d58ff4f37ec42815c62e9b1ac0240d5cf79d218c4f91e0fd8f
DA:6,1
DA:9,1
DA:11,1
DA:14,1
LF:4
LH:4
end_of_record
TN:
SF:t.48b33499e9c6b410b0c9a5b4759f71fdb723ee53404032c667a18bf6d7c041be
DA:6,1
DA:9,1
DA:11,1
DA:14,1
LF:4
LH:4
end_of_record
TN:
SF:t.49d391bab91dd71296b0b2925ef4eeeebb5165ef233fd219585a678a813dad81
DA:6,1
DA:9,1
DA:11,1
DA:14,1
LF:4
LH:4
end_of_record
TN:
SF:t.49e80887c6ff2d2a4a54a978f62cf47fb2e0e55cbaa2bf17ab78cecab8f495f7
DA:6,1
DA:9,1
DA:11,1
DA:14,1
LF:4
LH:4
end_of_record
TN:
SF:t.4a494e9a6779c4c0f62911034e12902b93852f82a265b3b8b758043066c81053
DA:3,9
LF:1
LH:1
end_of_record
TN:
SF:t.4a720a2bea4a0fcfdae79baf57a85f0b7d4969684d56ca7f3896b0e73103275f
DA:6,1
DA:9,1
DA:11,1
DA:14,1
LF:4
LH:4
end_of_record
TN:
SF:t.4a7823525c44aa21e0c4bf6ca9109f359f3873c1d3db0be0995e18489c1befc4
DA:3,1
DA:4,1
LF:2
LH:2
end_of_record
TN:
SF:t.4ab17c74730edadfc3020ded74338a9ee304c7b96bea8ab32b83c0a6ed5335b4
DA:6,1
DA:9,1
DA:11,1
DA:14,1
LF:4
LH:4
end_of_record
TN:
SF:t.4b9a12203f935abc90865023535d3eb8708f5681b1ca1a6f65de1826faabb97a
DA:6,1
DA:9,1
DA:11,1
DA:14,1
LF:4
LH:4
end_of_record
TN:
SF:t.4bc8d215178bd6ee0c784d4d9b2afa74cb02f15c46b6fea158f17f78b3dc72ce
DA:6,1
DA:9,1
DA:11,1
DA:14,1
LF:4
LH:4
end_of_record
TN:
SF:t.4c4f8dfda09e5a235ffc5c1bfae1877d538a8adb8f091f906779f4cb9975c22b
DA:6,1
DA:9,1
DA:11,1
DA:14,1
LF:4
LH:4
end_of_record
TN:
SF:t.4c7144caee0de49ccbf3f3dd09cb632b67ddc2b0e67a69e098af198d14138ccd
DA:6,1
DA:9,1
DA:11,1
DA:14,1
LF:4
LH:4
end_of_record
TN:
SF:t.4ca8dd070733294372ad62823556ed1370c68f4707eb3de0721fdc7940336226
DA:5,1
DA:8,1
DA:9,1
DA:13,1
DA:14,0
LF:5
LH:4
end_of_record
TN:
SF:t.4cd76477c54ff65dddfb8197b6610fbd544aa01d3433bdd3fbc40945e260a175
DA:6,1
DA:9,1
DA:11,1
DA:14,1
LF:4
LH:4
end_of_record
TN:
SF:t.4cf82b7e52bc20a4b321a7c1ba3872cca24968596f36feb6024de63cf6752daf
DA:6,1
DA:9,1
DA:11,1
DA:14,1
LF:4
LH:4
end_of_record
TN:
SF:t.4d534da44a28ebab2a4f65092601c1da5bf8dd3353c034037aead5ccb892c804
DA:5,1
DA:8,1
DA:9,1
DA:13,1
DA:14,0
LF:5
LH:4
end_of_record
TN:
SF:t.4db0af2df9ddee346c01f300dd1a97d3f5bf68eabce8ea2ba77032264f4abecd
DA:5,1
DA:8,1
DA:9,1
DA:13,1
DA:14,0
LF:5
LH:4
end_of_record
TN:
SF:t.4e29c0934d4b050ec2dcd7b369c61c8ebf64a1b8e14f1298db12123cbe0117d0
DA:6,1
DA:9,1
DA:11,1
DA:14,1
LF:4
LH:4
end_of_record
TN:
SF:t.4ea2f29bf1090e4d280495dfbd38403e6886a47177d691b5716e83059ad47ef8
DA:5,1
DA:8,1
DA:9,1
DA:13,1
DA:14,0
LF:5
LH:4
end_of_record
TN:
SF:t.4f6dc3d547bc56a5215bdf2ceb3781687b7146bde4aebe95a6344a0d37ef19ff
DA:5,1
DA:8,1
DA:9,1
DA:13,1
DA:14,0
LF:5
LH:4
end_of_record
TN:
SF:t.4f84ba4183ba24af2473671d9d21e1d978b6d8c82f4f7dac6fbfa321b22feada
DA:6,1
DA:9,1
DA:11,1
DA:14,1
LF:4
LH:4
end_of_record
TN:
SF:t.4f9954bb9d209cfac3e03fe83dd375bc5735d4fd1dc451e9eb0de23ad9dd543d
DA:5,1
DA:8,1
DA:9,1
DA:13,1
DA:14,0
LF:5
LH:4
end_of_record
TN:
SF:t.4fb1a89f737045588d4563a5e2e8012a7896dcf102c789489462587122c35fd3
DA:6,1
DA:9,1
DA:11,1
DA:14,1
LF:4
LH:4
end_of_record
TN:
SF:t.5123743a4df3e55ee8fff9b086336fe3abfe5289d838672efa4c625badfff3f4
DA:6,1
DA:9,1
DA:11,1
DA:14,1
LF:4
LH:4
end_of_record
TN:
SF:t.514d76ec0e3c3434a83192d59b7c13502ea00ea860a8764733f57a7f49bb48bc
DA:5,1
DA:8,1
DA:9,1
DA:13,1
DA:14,0
LF:5
LH:4
end_of_record
TN:
SF:t.51cc20374d74a4eaf93e58bb4e7b3b0f3122689fa728be862cd5f187c2ed7c2c
DA:10,9
DA:14,9
DA:20,9
DA:21,9
DA:23,9
DA:25,9
LF:6
LH:6
end_of_record
TN:
SF:t.51d4d6f2e66b648ab81323e59fed68d0706264761f1ab0da77c029ba8d580d28
DA:6,1
DA:9,1
DA:11,1
DA:14,1
LF:4
LH:4
end_of_record
TN:
SF:t.5245e334cb701dee2ec3dfcc1419339394c2a56273c0624d55f370a41da13055
DA:6,1
DA:9,1
DA:11,1
DA:14,1
LF:4
LH:4
end_of_record
TN:
SF:t.52a1fe9865e196f1e036effa1f02c0300cc840aaa593d59ec6f86521fec94fad
DA:6,1
DA:9,1
DA:11,1
DA:14,1
LF:4
LH:4
end_of_record
TN:
SF:t.539af46e77157c6572f7a83567ea61e917a58c3878c72fc943e496484c26303d
DA:5,1
DA:8,1
DA:9,1
DA:13,1
DA:14,0
LF:5
LH:4
end_of_record
TN:
SF:t.53da47e4c056a355dc8c5f316b8773c47aea91ccc0b4e09fb512835cae1d2ab9
DA:6,1
DA:9,1
DA:11,1
DA:14,1
LF:4
LH:4
end_of_record
TN:
SF:t.558bd487eed5941d2080c178a987f4b138535c86a853024b9b6eb70a49257be3
DA:5,1
DA:8,1
DA:9,1
DA:13,1
DA:14,0
LF:5
LH:4
end_of_record
TN:
SF:t.559d3874dd3d522a4c49c4c808f6b18b214e9921a886461c73406330b50183f1
DA:5,1
DA:8,1
DA:9,1
DA:13,1
DA:14,0
LF:5
LH:4
end_of_record
TN:
SF:t.5689914e465ee415b837e21b0acea12ab231b413bb54b42b3a59c1e6fd2ac1ff
DA:6,1
DA:9,1
DA:11,1
DA:14,1
LF:4
LH:4
end_of_record
TN:
SF:t.57365bcd2b1f2d18b3bcc26f801fc76824245107b666de5f93a20d20b6087cf4
DA:3,1
LF:1
LH:1
end_of_record
TN:
SF:t.573c9e0dfa824e2b7010b4398c3251cb925292d7a397caec5b6ce7facd55da1f
DA:6,1
DA:9,1
DA:11,1
DA:14,1
LF:4
LH:4
end_of_record
TN:
SF:t.57b4c2c7c73774e274fad4418087d0fe26be87e15560880c3bac56b57acc6072
DA:6,1
DA:9,1
DA:11,1
DA:14,1
LF:4
LH:4
end_of_record
TN:
SF:t.580ed3a9385e6ebb764510abe07e09246883217bd3901877e509735a7a20d691
DA:6,1
DA:9,1
DA:11,1
DA:14,1
LF:4
LH:4
end_of_record
TN:
SF:t.585abcbe34169c1718cbdf6fc70e6608a87aeba217c731c9abada2776f36a298
DA:5,1
DA:8,1
DA:9,1
DA:13,1
DA:14,0
LF:5
LH:4
end_of_record
TN:
SF:t.5928deab6f9871e0aeea9a7a497fa05e8774ec81d511e6e26a631c23bf0d0e06
DA:6,1
DA:9,1
DA:11,1
DA:14,1
LF:4
LH:4
end_of_record
TN:
SF:t.596740fb1cb7413df4ac708cef87a19d02409b2994bd8593a367760e7e37f2c4
DA:6,1
DA:9,1
DA:11,1
DA:14,1
LF:4
LH:4
end_of_record
TN:
SF:t.59944d8bd7c3cff594d88e02e9525bb84f2491c34e9c939412a3f20f68d6fd60
DA:6,1
DA:9,1
DA:11,1
DA:14,1
LF:4
LH:4
end_of_record
TN:
SF:t.5a332777b1b6e6c51cf05363d8506e218fd4b2ee9381d3cb46885461c01393bd
DA:6,1
DA:9,1
DA:11,1
DA:14,1
LF:4
LH:4
end_of_record
TN:
SF:t.5b2a7df6eaaa9a92f20f34333db7ef11e60192772580908541df375060562d77
DA:5,1
DA:8,1
DA:9,1
DA:13,1
DA:14,0
LF:5
LH:4
end_of_record
TN:
SF:t.5b94d4333744b8d331152569b1b7c182647634d3478efc55edcbb04597bfd24e
DA:6,1
DA:9,1
DA:11,1
DA:14,1
LF:4
LH:4
end_of_record
TN:
SF:t.5bfd7c4ad5e566d914f80648bbd738d9aa2138c667413adc8085fa18e3a04abe
DA:6,1
DA:9,1
DA:11,1
DA:14,1
LF:4
LH:4
end_of_record
TN:
SF:t.5c12a6bea2d89fadc90cb8b151ec4d0a4ad4a254ca3d351d4133620967afd505
DA:5,1
DA:8,1
DA:9,1
DA:13,1
DA:14,0
LF:5
LH:4
end_of_record
TN:
SF:t.5ca8b766012731f312d493899151a2fb469594645bd0ad9ac907c62a243be457
DA:6,1
DA:9,1
DA:11,1
DA:14,1
LF:4
LH:4
end_of_record
TN:
SF:t.5e5174563cfbede14db1aef415aa6d4da06eee78c47e1d83e78fb81aa8066dba
DA:6,1
DA:9,1
DA:11,1
DA:14,1
LF:4
LH:4
end_of_record
TN:
SF:t.5e98adf01bbedeec1ebf91b2e956aa8c96ead16b0a91722901dcaf8b2296c996
DA:3,1
LF:1
LH:1
end_of_record
TN:
SF:t.5ed8a83c193dcb75905e9bd2384250104472c9f6f23574e1bd3ccdafd60f41a1
DA:5,1
DA:8,1
DA:9,1
DA:13,1
DA:14,0
LF:5
LH:4
end_of_record
TN:
SF:t.5f33f3d816d8ae4a07f01b516e0da029c1c772f358219a811f82b60b5ff083d5
DA:5,1
DA:8,1
DA:9,1
DA:13,1
DA:14,0
LF:5
LH:4
end_of_record
TN:
SF:t.5f73bbc2b93e0b9c36d6543a35cb43b0dd708c029d85546e0379041efcde4f55
DA:6,1
DA:9,1
DA:11,1
DA:14,1
LF:4
LH:4
end_of_record
TN:
SF:t.5f7e88f8218947a07db6fbd519c8a68508086893f9f3156de9d45fa075e688b0
DA:5,1
DA:8,1
DA:9,1
DA:13,1
DA:14,0
LF:5
LH:4
end_of_record
TN:
SF:t.5fa7248fa3d589997d54cce78b0029f42edd2c27e3e511084c9b2e7026f0580f
DA:6,1
DA:9,1
DA:11,1
DA:14,1
LF:4
LH:4
end_of_record
TN:
SF:t.5fade0276ecb9798dcc6b32a831074d59ec5c09621e7fde55a3a9319f98ec811
DA:6,1
DA:9,1
DA:11,1
DA:14,1
LF:4
LH:4
end_of_record
TN:
SF:t.5fc4716e2ea18ffc809be35a9fd708072a6dab67c722959c1f28870c775e22ac
DA:6,1
DA:9,1
DA:11,1
DA:14,1
LF:4
LH:4
end_of_record
TN:
SF:t.615a2350df940da9724fb8b16d87814d21edf54327a1b798c13cbdf06c6cb2d5
DA:6,1
DA:9,1
DA:11,1
DA:14,1
LF:4
LH:4
end_of_record
TN:
SF:t.61b226c875aa4b341df341e32094163bec995cf6ddae44102d1ee9e470ec88c9
DA:6,1
DA:9,1
DA:11,1
DA:14,1
LF:4
LH:4
end_of_record
TN:
SF:t.61baf1ded7814d8e86f805bfe99dfc43639af5daece436dbab8944e5977652d2
DA:5,1
DA:8,1
DA:9,1
DA:13,1
DA:14,0
LF:5
LH:4
end_of_record
TN:
SF:t.62bfe022bad97fa2d982609449e2650d3fa120ea93535bb289639cb65fa16c20
DA:6,1
DA:9,1
DA:11,1
DA:14,1
LF:4
LH:4
end_of_record
TN:
SF:t.6514bc3a4abe1e24b65b84d68f19df567100032b93e1a34cd629ec85f0b9a195
DA:6,1
DA:9,1
DA:11,1
DA:14,1
LF:4
LH:4
end_of_record
TN:
SF:t.655f089b5249bc50f8ea3e397f398aa1d46ced72fc05fb8d1be220ae01ffb3ba
DA:6,1
DA:9,1
DA:11,1
DA:14,1
LF:4
LH:4
end_of_record
TN:
SF:t.6560afec15c427018047d1e4d76328c484b59194f0c9ef16a2039e1ad6e3f552
DA:6,1
DA:9,1
DA:11,1
DA:14,1
LF:4
LH:4
end_of_record
TN:
SF:t.66010d84712536d08f67f84fc527883922effa65594c6dfcb0b9e994bac92f32
DA:6,1
DA:9,1
DA:11,1
DA:14,1
LF:4
LH:4
end_of_record
TN:
SF:t.664f73a2b4c1717262a82a16ff1001721a8d3ab296ea531fc9863b02348625f6
DA:5,1
DA:8,1
DA:9,1
DA:13,1
DA:14,0
LF:5
LH:4
end_of_record
TN:
SF:t.664f9c63a9767d639db148422625729d9480fec6f51e38a61d421fc42b08cf48
DA:6,1
DA:9,1
DA:11,1
DA:14,1
LF:4
LH:4
end_of_record
TN:
SF:t.6781322011a40abe2c8462e5e2107ce0208c6b1afa8eb60c32a684fcde0d300e
DA:5,1
DA:8,1
DA:9,1
DA:13,1
DA:14,0
LF:5
LH:4
end_of_record
TN:
SF:t.678e429123ba6e85ca3bc81f176775346fbf1ad1fbd4264bf23fc343636e95ac
DA:6,1
DA:9,1
DA:11,1
DA:14,1
LF:4
LH:4
end_of_record
TN:
SF:t.67d5a7faa2c0f6b125dd34c0494fb5ffeb82d22a9e474a13b8c84fa28011451a
DA:6,1
DA:9,1
DA:11,1
DA:14,1
LF:4
LH:4
end_of_record
TN:
SF:t.6821f0644b82ad751c500699b629cfe72a21f4a3fb152a0209f7fbf6c18b7451
DA:5,1
DA:8,1
DA:9,1
DA:13,1
DA:14,0
LF:5
LH:4
end_of_record
TN:
SF:t.69be44f9c341051471c31c5242e7c30660b06fe7d0a125b9f8a91e93f49bd8b7
DA:3,9
LF:1
LH:1
end_of_record
TN:
SF:t.6a1b80dac2cd9f91baa355da93f880fd40047e82c9a40ddab27d98b932a8308c
DA:6,1
DA:9,1
DA:11,1
DA:14,1
LF:4
LH:4
end_of_record
TN:
SF:t.6a2be5ec7f32f6e1667c6e9521ffe43cfbd87f1d7c7e83a46d1e998c95b29363
DA:5,1
DA:8,1
DA:9,1
DA:13,1
DA:14,0
LF:5
LH:4
end_of_record
TN:
SF:t.6a45ea76e05e8d02273cafad2a463a6b5afaac51e591c86d38fe14ecac23fed0
DA:6,1
DA:9,1
DA:11,1
DA:14,1
LF:4
LH:4
end_of_record
TN:
SF:t.6a852575f0a07757718b440c3ebdc78edece038dc1ef3d7933d5ee2d9cd71423
DA:6,1
DA:9,1
DA:11,1
DA:14,1
LF:4
LH:4
end_of_record
TN:
SF:t.6bc2c975be381be8638dec7e3bdc3ff7513fe8912401408edae87b1c7d0c2d8d
DA:6,1
DA:9,1
DA:11,1
DA:14,1
LF:4
LH:4
end_of_record
TN:
SF:t.6cca83e16ae4d96c266b080f7898988a417ac37e4737a7f267513c7d30ed3c38
DA:6,1
DA:9,1
DA:11,1
DA:14,1
LF:4
LH:4
end_of_record
TN:
SF:t.6d2c14ffcd4833a78ef55128328d7ecd5bb1d2e0c81185407e3e9e07849501af
DA:6,1
DA:9,1
DA:11,1
DA:14,1
LF:4
LH:4
end_of_record
TN:
SF:t.6dded9e4c7aea9a6302b524bdd0b15dc77c6c5eb917f79f62860c9737d590b85
DA:4,9
LF:1
LH:1
end_of_record
TN:
SF:t.6e103314434e595bbefc7d5b86c8ce058f1c6a25853deea81f2242e143fefa07
DA:6,1
DA:9,1
DA:11,1
DA:14,1
LF:4
LH:4
end_of_record
TN:
SF:t.6e611faa2074af70aa30574a42fae59edfef41802152845e21f660ac4941daf7
DA:5,1
DA:8,1
DA:9,1
DA:13,1
DA:14,0
LF:5
LH:4
end_of_record
TN:
SF:t.6e799391df25e3a6726b119a34711ae9ff398ebce954f97dfad8d0bb26a57552
DA:5,1
DA:8,1
DA:9,1
DA:13,1
DA:14,0
LF:5
LH:4
end_of_record
TN:
SF:t.6f8c68c548bf8a18e0424ceea5a7370b0520acd4fee45c1e16d3d1cd3b1f8b8b
DA:6,1
DA:9,1
DA:11,1
DA:14,1
LF:4
LH:4
end_of_record
TN:
SF:t.6fb94a66164b8c55059641e8d987abee07e9474fd3003e12a8608669bd114177
DA:6,1
DA:9,1
DA:11,1
DA:14,1
LF:4
LH:4
end_of_record
TN:
SF:t.6ff7e14ef2946f0d159874a971cf182bac2389c5e921ccf3f332e03913ddacd2
DA:5,1
DA:8,1
DA:9,1
DA:13,1
DA:14,0
LF:5
LH:4
end_of_record
TN:
SF:t.709dd7b8f38217a51c9f6bb48bacd895b9b4568d26a5c2e4884507c6ac9458c7
DA:6,1
DA:9,1
DA:11,1
DA:14,1
LF:4
LH:4
end_of_record
TN:
SF:t.709e8c6ae9ec99d988462ad2af3e4e0ee8fd9b0d8bbe9376f948d56c23181c8f
DA:6,1
DA:9,1
DA:11,1
DA:14,1
LF:4
LH:4
end_of_record
TN:
SF:t.710a43d5651a10a2d87872eef0a1298987576aeb1c8e714c2ded7c79bf4d2c13
DA:5,1
DA:8,1
DA:9,1
DA:13,1
DA:14,0
LF:5
LH:4
end_of_record
TN:
SF:t.71116e71ac2420493ea4be459dbf9b988b0cb5f32a73d604bccf8bc90e9e4b01
DA:5,1
DA:8,1
DA:9,1
DA:13,1
DA:14,0
LF:5
LH:4
end_of_record
TN:
SF:t.715ad80f409f2a03ad5664e1412d5d473dc5b8aed322274faf2c46b35e302252
DA:5,1
DA:8,1
DA:9,1
DA:13,1
DA:14,0
LF:5
LH:4
end_of_record
TN:
SF:t.71a0db08bf4629304d12c8077dc930ccf8618ef4dda93922a2ce2ada81b6a65a
DA:6,1
DA:9,1
DA:11,1
DA:14,1
LF:4
LH:4
end_of_record
TN:
SF:t.71a591a402b001534d3f640d0009b18c6aacdbfefb66b7494aa195dd69afd205
DA:6,1
DA:9,1
DA:11,1
DA:14,1
LF:4
LH:4
end_of_record
TN:
SF:t.71c7aebaa4e00e274d596c43c53cdfcc88f5ab772497b10b30b26786f43fcbd5
DA:5,1
DA:8,1
DA:9,1
DA:13,1
DA:14,0
LF:5
LH:4
end_of_record
TN:
SF:t.71eec6adedf9729fec0b7bbe76e16a3f36d4ba5c3e2bdcf84704f39bb5cb2dd5
DA:6,1
DA:9,1
DA:11,1
DA:14,1
LF:4
LH:4
end_of_record
TN:
SF:t.71fe517f4088920238e86e5ac98cdcbc7c3158c3a5828b181d3b19ea35cb23f3
DA:6,1
DA:9,1
DA:11,1
DA:14,1
LF:4
LH:4
end_of_record
TN:
SF:t.72b5677d05285d77680882e9e53dd5cb12a57d603419b81411b02aa5bec5c378
DA:5,1
DA:8,1
DA:9,1
DA:13,1
DA:14,0
LF:5
LH:4
end_of_record
TN:
SF:t.73520163334bfc31b81dd630c165ba7939424e7fb073f6dfd5e1ba7c02856bec
DA:3,2
DA:4,2
LF:2
LH:2
end_of_record
TN:
SF:t.737597704777a8447166e0895afd2368ed1fa915c78f3dd8087cf8768d586451
DA:6,1
DA:9,1
DA:11,1
DA:14,1
LF:4
LH:4
end_of_record
TN:
SF:t.73b3b9424653929b9c8a00019bee0fcc2e44dca09189d2dddd8a3fe4c5a9a8db
DA:5,1
DA:8,1
DA:9,1
DA:13,1
DA:14,0
LF:5
LH:4
end_of_record
TN:
SF:t.74261b0224bcf5e2e47f834acc46960ab834b11df6e496a77561b112ac1530f9
DA:5,1
DA:8,1
DA:9,1
DA:13,1
DA:14,0
LF:5
LH:4
end_of_record
TN:
SF:t.74abfe07686fd0e5519ab170999104d1c66a5a0d2bae0298f9e25136f52f33b1
DA:6,1
DA:9,1
DA:11,1
DA:14,1
LF:4
LH:4
end_of_record
TN:
SF:t.74df2f05e57f682791f2b84c51a874ebbfc83c9705717db763f3552917e4ddcc
DA:5,1
DA:8,1
DA:9,1
DA:13,1
DA:14,0
LF:5
LH:4
end_of_record
TN:
SF:t.750f55e25be54a35a2500ba23f034126888be43158ec92c106ce48ebfcd6c9ce
DA:5,1
DA:8,1
DA:9,1
DA:13,1
DA:14,0
LF:5
LH:4
end_of_record
TN:
SF:t.751d18e2ab1f219767ea9aa41ed5ef3e3203e02d3dfb96faf324786c5ad8735e
DA:6,1
DA:9,1
DA:11,1
DA:14,1
LF:4
LH:4
end_of_record
TN:
SF:t.752fa5b3ee0f0e9ec969d8f3d14aec5a4f03162c2df887944a637c618130530b
DA:6,1
DA:9,1
DA:11,1
DA:14,1
LF:4
LH:4
end_of_record
TN:
SF:t.75fb728490212e26defc6a5d343ce4e0b3de56a86681ced336c6575b4ee7b36d
DA:5,1
DA:8,1
DA:9,1
DA:13,1
DA:14,0
LF:5
LH:4
end_of_record
TN:
SF:t.76adc7ba4ea4c955fd2ee059effbea4de4322745b3499d8d26cc7887ee1cca84
DA:6,1
DA:9,1
DA:11,1
DA:14,1
LF:4
LH:4
end_of_record
TN:
SF:t.771b8586eb1d0872453993561ba547c39df80a74bec79dd967f32e5156d5320b
DA:6,1
DA:9,1
DA:11,1
DA:14,1
LF:4
LH:4
end_of_record
TN:
SF:t.774629c0f2c8313235db232ad1f911690fd375525800aa893aa99fd38455d368
DA:5,1
DA:8,1
DA:9,1
DA:13,1
DA:14,0
LF:5
LH:4
end_of_record
TN:
SF:t.78814517b97591214de250b077f5d005c01925bc54339b155058d3949f21c251
DA:6,1
DA:9,1
DA:11,1
DA:14,1
LF:4
LH:4
end_of_record
TN:
SF:t.78d207f3f717d1221dd53ed1f6e8f0590592f73071e3740865215fd19e056ede
DA:6,1
DA:9,1
DA:11,1
DA:14,1
LF:4
LH:4
end_of_record
TN:
SF:t.7996f47232555dc4ad56e6ac3573f335707fd2c69df25069ffd2b41f2bf000bb
DA:5,1
DA:8,1
DA:9,1
DA:13,1
DA:14,0
LF:5
LH:4
end_of_record
TN:
SF:t.7a5bd8cd01a3e9d0030e7b3b326706e16e0c48ba4d4db447a8d345412fba49de
DA:5,1
DA:8,1
DA:9,1
DA:13,1
DA:14,0
LF:5
LH:4
end_of_record
TN:
SF:t.7ac78454cf67b1f06889550945f1b5350d1d8317c66bb9dd5dd8b6b34e34227b
DA:6,1
DA:9,1
DA:11,1
DA:14,1
LF:4
LH:4
end_of_record
TN:
SF:t.7ac98038b238bbea8e21b32c5e5ce37dd06b8bffcf64bb857fcf85e816e10461
DA:6,1
DA:9,1
DA:11,1
DA:14,1
LF:4
LH:4
end_of_record
TN:
SF:t.7b8ff2c593d35aed018c3824bbe0e5700bc4e3b6a0d1bd48f98cd31ba68c4d15
DA:6,1
DA:9,1
DA:11,1
DA:14,1
LF:4
LH:4
end_of_record
TN:
SF:t.7c1c432fee053122acdde50fcc3f6457f1002fbfc823661efd79f16b263d49cf
DA:6,1
DA:9,1
DA:11,1
DA:14,1
LF:4
LH:4
end_of_record
TN:
SF:t.7d4e77aef050edc5b375af59f48f59db077543a1fd35770656c9def82321c4f5
DA:6,1
DA:9,1
DA:11,1
DA:14,1
LF:4
LH:4
end_of_record
TN:
SF:t.7db330b90ca8b4f2444cc22482701eec0222552fc0bb55ffeb77b4009d2f728c
DA:6,1
DA:9,1
DA:11,1
DA:14,1
LF:4
LH:4
end_of_record
TN:
SF:t.7db863f3f3ae492382da5a2cc1698a38b260ac536fa77fd37585d2c235e5a469
DA:7,9
DA:10,9
DA:13,9
DA:14,9
DA:15,9
DA:16,9
LF:6
LH:6
end_of_record
TN:
SF:t.7f4f6a0c77d20171c5ab68a0ed9973e200dd9dcd975a6b7910cc703809c9fa2e
DA:3,1
LF:1
LH:1
end_of_record
TN:
SF:t.7fe1a364d434b875700930879778eedae2b0edec842ce491337206c791829209
DA:6,1
DA:9,1
DA:11,1
DA:14,1
LF:4
LH:4
end_of_record
TN:
SF:t.7fe33d64ca8467b0692856f651b305b7c82ad4bb2320c9c7604b57e39c06e9eb
DA:6,1
DA:9,1
DA:11,1
DA:14,1
LF:4
LH:4
end_of_record
TN:
SF:t.80993292d5dee01d86718c16c8a86c86ce296d878839c97e315670aafee0b5ee
DA:6,1
DA:9,1
DA:11,1
DA:14,1
LF:4
LH:4
end_of_record
TN:
SF:t.80edb9f9e7bf062e63dc70c31d32b04d70351cdf1d94abe6dc27d325072bf54f
DA:6,1
DA:9,1
DA:11,1
DA:14,1
LF:4
LH:4
end_of_record
TN:
SF:t.811db48ee5390a4085868b206147fe4d8c63cd6c30c665102a49b3370ec5c3ab
DA:6,1
DA:9,1
DA:11,1
DA:14,1
LF:4
LH:4
end_of_record
TN:
SF:t.81e17aa62fb118e30d8dc9d34368bbeb6bd55608d8ac12907b4988e266fdf82d
DA:6,1
DA:9,1
DA:11,1
DA:14,1
LF:4
LH:4
end_of_record
TN:
SF:t.8217c70632f81d67ab6d3ff7d4328db64e86db5735f7d84e986ab306777b5cfe
DA:5,1
DA:8,1
DA:9,1
DA:13,1
DA:14,0
LF:5
LH:4
end_of_record
TN:
SF:t.828ca958e0efa7443050cc15d60920ff5be096d470f68dd730517eb1ce9528c3
DA:6,1
DA:9,1
DA:11,1
DA:14,1
LF:4
LH:4
end_of_record
TN:
SF:t.82a078dbcb0c7230fbb8382f83e60db690cdfd6b38251e99bff395e65ae62521
DA:5,1
DA:8,1
DA:9,1
DA:13,1
DA:14,0
LF:5
LH:4
end_of_record
TN:
SF:t.83faa70057ad61ecfd2e366b16b77e7301c09c5db3e21f5da824691101d2884c
DA:6,1
DA:9,1
DA:11,1
DA:14,1
LF:4
LH:4
end_of_record
TN:
SF:t.844f671c1ecfa44d237b680deb74cf917518f781b64d9263ddebf7745e2f79fc
DA:6,1
DA:9,1
DA:11,1
DA:14,1
LF:4
LH:4
end_of_record
TN:
SF:t.84f075b83b548c8f70ac2a5e1b8f2384a43c7728200660f77b0a0e28557b7ebc
DA:6,1
DA:9,1
DA:11,1
DA:14,1
LF:4
LH:4
end_of_record
TN:
SF:t.850e52fe92fdd81cdc158502ece1fc737d8b42fb203c438e414a2df3deb545da
DA:4,1
LF:1
LH:1
end_of_record
TN:
SF:t.852c14cc9c79fb9d779646955c5ee2c5cf909cea75d8c9c7cb248053715d0c9c
DA:6,1
DA:9,1
DA:11,1
DA:14,1
LF:4
LH:4
end_of_record
TN:
SF:t.855bfd990c181bbb62231d942c97635f71704028d1af90af7a5fb2f0e12939f4
DA:6,1
DA:9,1
DA:11,1
DA:14,1
LF:4
LH:4
end_of_record
TN:
SF:t.856b0539500869f5183b1291caf270a1350ed062eb0e82f5345040ea2fe07c94
DA:17,9
DA:20,9
DA:24,9
DA:25,36
DA:27,36
DA:28,36
DA:29,27
DA:32,36
DA:35,36
LF:9
LH:9
end_of_record
TN:
SF:t.859d0a1597a14f4083d9371651ab3be5f20a2738a3fb086339f379a8be9d88f9
DA:6,1
DA:9,1
DA:11,1
DA:14,1
LF:4
LH:4
end_of_record
TN:
SF:t.861e938384cb9b91a0aed5d171d6442cd5e8a6ed58a3b608bbfedfba903dcd7a
DA:6,1
DA:9,1
DA:11,1
DA:14,1
LF:4
LH:4
end_of_record
TN:
SF:t.86971469771e1df3549419239b1862c36fcf6a9e630a60ea9fd64c029c5236f7
DA:4,1
LF:1
LH:1
end_of_record
TN:
SF:t.86c042931c34f464963a6b0481abcb5a5c34a805fd4c39616dfa79ff9566be30
DA:6,1
DA:9,1
DA:11,1
DA:14,1
LF:4
LH:4
end_of_record
TN:
SF:t.86c3476c0d17ac17f16c195c35cbf4a35608f9dc30d1eaf2940e2b4f416bb14d
DA:6,1
DA:9,1
DA:11,1
DA:14,1
LF:4
LH:4
end_of_record
TN:
SF:t.86da2741366e64ebe30d7a9d76fdbb681a54ac829b1bb625bd55ad9f49017f87
DA:5,1
DA:8,1
DA:9,1
DA:13,1
DA:14,0
LF:5
LH:4
end_of_record
TN:
SF:t.86fa200e2d7b09e4211155f2817690008718f8a033508bb725d13dccab33c98b
DA:6,1
DA:9,1
DA:11,1
DA:14,1
LF:4
LH:4
end_of_record
TN:
SF:t.87e108aad537e04e4a8d785901bc1906b8cf3aea95b6ad2a465cc890ec429678
DA:3,9
DA:4,9
LF:2
LH:2
end_of_record
TN:
SF:t.87f1278575755adacb6afee0045d3eb6e0456cf737f7df71cc9e125f5fdab4b1
DA:6,1
DA:9,1
DA:11,1
DA:14,1
LF:4
LH:4
end_of_record
TN:
SF:t.87f64e860c3b0efb27f0ba6050af04822e2c1fe65a784167a9cc9b375724d826
DA:6,1
DA:9,1
DA:11,1
DA:14,1
LF:4
LH:4
end_of_record
TN:
SF:t.8832f81ee5695527125838f3d5856d870cfd888d293c486056bac2752b3ff827
DA:6,1
DA:9,1
DA:11,1
DA:14,1
LF:4
LH:4
end_of_record
TN:
SF:t.8913152fe78181ab4ecc1eec7fb307d9cf99fca562a012417a884bbdb8ce3c26
DA:6,1
DA:9,1
DA:11,1
DA:14,1
LF:4
LH:4
end_of_record
TN:
SF:t.89f5d19fcdcd6f0923936699e0f9834198322c17eef93f7e9d88f36533f09d0e
DA:3,9
LF:1
LH:1
end_of_record
TN:
SF:t.8a24559cc85a356d164ca54da58742b1e85bb7b28ef2f118c5563a46056cf010
DA:5,1
DA:8,1
DA:9,1
DA:13,1
DA:14,0
LF:5
LH:4
end_of_record
TN:
SF:t.8a28808a4ca834ccf8dceffb2eba80d6cf44e1500eb5b1b139c0aa63d16d8373
DA:6,1
DA:9,1
DA:11,1
DA:14,1
LF:4
LH:4
end_of_record
TN:
SF:t.8ac9086f4d6279bb3a9c3d2c25e4f84967315fb43b3612bcf48cf421822a01e5
DA:6,1
DA:9,1
DA:11,1
DA:14,1
LF:4
LH:4
end_of_record
TN:
SF:t.8b03f468384519cdafcc382271422f6ceede13091949c421c4269eafad03b5e7
DA:6,1
DA:9,1
DA:11,1
DA:14,1
LF:4
LH:4
end_of_record
TN:
SF:t.8b44d5143e1752640555ac40777ebb67280e07a2005a01ec26fb15208df48617
DA:6,1
DA:9,1
DA:11,1
DA:14,1
LF:4
LH:4
end_of_record
TN:
SF:t.8ba458bd54575699c81a15df9b74f4ad998b9d9004f957fa23e6028af237c6df
DA:3,9
DA:4,9
LF:2
LH:2
end_of_record
TN:
SF:t.8bd8ea7441ff237dbaa58cddc56de5efd3b4dcb88cfd9c4088546eb85b28ba33
DA:5,1
DA:8,1
DA:9,1
DA:13,1
DA:14,0
LF:5
LH:4
end_of_record
TN:
SF:t.8c9db70b6572996508c04db4cfbd80ee9ef9e04074d325f1fe9db9f94c76484d
DA:5,1
DA:8,1
DA:9,1
DA:13,1
DA:14,0
LF:5
LH:4
end_of_record
TN:
SF:t.8d393da15d192255d5ffad73518801c2622bf62bd705020b1f2cb69b01f1b39c
DA:6,1
DA:9,1
DA:11,1
DA:14,1
LF:4
LH:4
end_of_record
TN:
SF:t.8d651dc59049e1c1226ceded55cd1a62c139ddc047237b163b65027fcfa8dc5e
DA:5,1
DA:8,1
DA:9,1
DA:13,1
DA:14,0
LF:5
LH:4
end_of_record
TN:
SF:t.8dc55b4fa63985600bc44c912d41137c9388ec838c3fabf5f285d31100270517
DA:6,1
DA:9,1
DA:11,1
DA:14,1
LF:4
LH:4
end_of_record
TN:
SF:t.8e01f1f4c3b13cd4c320a431528d1bb09d16d2bbf0aa0b4946d64540e51d4fa9
DA:5,1
DA:8,1
DA:9,1
DA:13,1
DA:14,0
LF:5
LH:4
end_of_record
TN:
SF:t.8e3a640ca6f6319d59809f09022922dc108fb283194c2c5aaed210a865171276
DA:6,1
DA:9,1
DA:11,1
DA:14,1
LF:4
LH:4
end_of_record
TN:
SF:t.8eb93c1b8f7e136938ccd0fa162d26adc282e2d366e2dd37f83dfe3789cdf0ec
DA:6,1
DA:9,1
DA:11,1
DA:14,1
LF:4
LH:4
end_of_record
TN:
SF:t.8f21a6944a84a3d02e91cb2bb385509f60425f441bd4ddfb52ecd69e649bc197
DA:5,1
DA:8,1
DA:9,1
DA:13,1
DA:14,0
LF:5
LH:4
end_of_record
TN:
SF:t.8f41017511c68234ff7566b5459228839d3503f03ea5471bc3eaf64a446bbc12
DA:6,1
DA:9,1
DA:11,1
DA:14,1
LF:4
LH:4
end_of_record
TN:
SF:t.8f62bf45e91479fd621432c901eb09104ac31ef96bb29bb2592199afcbb9bef0
DA:5,1
DA:8,1
DA:9,1
DA:13,1
DA:14,0
LF:5
LH:4
end_of_record
TN:
SF:t.9004835b4491ab15e5aad47b100815ec616eb3bf8dd5a4e5b8fa01e147ea9c0f
DA:6,1
DA:9,1
DA:11,1
DA:14,1
LF:4
LH:4
end_of_record
TN:
SF:t.90d7104524fd44afed161a559fe6b3aebfedb7df9002854ae2e68d8d77be7998
DA:5,1
DA:8,1
DA:9,1
DA:13,1
DA:14,0
LF:5
LH:4
end_of_record
TN:
SF:t.90e86ffba84ac3b0dc4183e0f362a9776ee50d58542a070209d555a07e251c7f
DA:5,1
DA:8,1
DA:9,1
DA:13,1
DA:14,0
LF:5
LH:4
end_of_record
TN:
SF:t.90efe9ce878a97e9b158f7f3a14e8ac772d39d08cc3a8be391806e78ad3ae43d
DA:5,1
DA:8,1
DA:9,1
DA:13,1
DA:14,0
LF:5
LH:4
end_of_record
TN:
SF:t.91c021718bc18ad7c6ff57dde928021849535c6c298756824f8808300d05b68d
DA:4,9
DA:5,9
LF:2
LH:2
end_of_record
TN:
SF:t.92a5b0f07b688edc70cc5fff2e8c11777428beb11730f26e99b7dcb22a6d98f3
DA:6,1
DA:9,1
DA:11,1
DA:14,1
LF:4
LH:4
end_of_record
TN:
SF:t.92aa8d21a3df7e39620b7a153c57d123b24679bc6c260b77de0bf5d3b89466be
DA:5,1
DA:8,1
DA:9,1
DA:13,1
DA:14,0
LF:5
LH:4
end_of_record
TN:
SF:t.92d453e13fb6bd1b7c32dc79b80ee65096f1ee6db3a1ee5ea1748149e7f0158b
DA:6,1
DA:9,1
DA:11,1
DA:14,1
LF:4
LH:4
end_of_record
TN:
SF:t.930a6ddc52de1645ac7c383fc269aff65541be2c88a9b03229daff9df609b068
DA:6,1
DA:9,1
DA:11,1
DA:14,1
LF:4
LH:4
end_of_record
TN:
SF:t.937f82da4471f407a97f06a7c99e294ab9d237ec9c0a4deda95d87e144609b20
DA:6,1
DA:9,1
DA:11,1
DA:14,1
LF:4
LH:4
end_of_record
TN:
SF:t.93b742fd560d7dcf9fb33197bc87b97bc42d35dc41ef1054fd172c6fe9548716
DA:3,2
DA:4,2
LF:2
LH:2
end_of_record
TN:
SF:t.9410d8699070552351d8c42ca42ed64637d6546a6e53ff5372833d1a6711defe
DA:5,1
DA:8,1
DA:9,1
DA:13,1
DA:14,0
LF:5
LH:4
end_of_record
TN:
SF:t.943f6093c938a1608b169418f741aa593bc81d81ff8850cac7e711c194cc87f0
DA:6,1
DA:9,1
DA:11,1
DA:14,1
LF:4
LH:4
end_of_record
TN:
SF:t.957a42376d3270f60357b4273740ee95dc559ff6ac69e509bf161ee7c3bb3918
DA:6,1
DA:9,1
DA:11,1
DA:14,1
LF:4
LH:4
end_of_record
TN:
SF:t.958484b1451e26043942026382041c65ca1495e333a7f8b907687548d87c483f
DA:5,1
DA:8,1
DA:9,1
DA:13,1
DA:14,0
LF:5
LH:4
end_of_record
TN:
SF:t.95f705ffdf2883907c5a3b79b6d32d9db38b669a969b9f9f2e3b5e50fd2547c6
DA:4,1
LF:1
LH:1
end_of_record
TN:
SF:t.96a930138944cea981951337d9b5d29992bcbeeb690f86596db7a9b2e06888f7
DA:5,1
DA:8,1
DA:9,1
DA:13,1
DA:14,0
LF:5
LH:4
end_of_record
TN:
SF:t.96dd485b3b8bc13c50742c7c1b8fd112aa7ea6c7889540c09a44e2449a7d5f8b
DA:5,1
DA:8,1
DA:9,1
DA:13,1
DA:14,0
LF:5
LH:4
end_of_record
TN:
SF:t.97917e9dae865ca549db1aca580b72efb81903f6d8ab6bad8a22ccd7678f7f91
DA:6,1
DA:9,1
DA:11,1
DA:14,1
LF:4
LH:4
end_of_record
TN:
SF:t.98117ca0b8f0ce64bc58baea814d1377ba20292dbb5e967e842961c96b70257c
DA:5,1
DA:8,1
DA:9,1
DA:13,1
DA:14,0
LF:5
LH:4
end_of_record
TN:
SF:t.9855c6b646bee78f395991184e9247886d14ca5fc8f651082be3d630071f9860
DA:5,1
DA:8,1
DA:9,1
DA:13,1
DA:14,0
LF:5
LH:4
end_of_record
TN:
SF:t.986d127ef9d5c8765375bf30aed321ca82bfd25c577f5fddd7c0f1a9857f27e5
DA:6,1
DA:9,1
DA:11,1
DA:14,1
LF:4
LH:4
end_of_record
TN:
SF:t.9897e64d97a71d60b23d2ece8c53121ccd868b0418b788c5253cc6dd5b289d8e
DA:6,1
DA:9,1
DA:11,1
DA:14,1
LF:4
LH:4
end_of_record
TN:
SF:t.98e9c8948103de0d0a48cc54a0f1281e86967d210a0c31fa6327ac23070c6863
DA:5,1
DA:8,1
DA:9,1
DA:13,1
DA:14,0
LF:5
LH:4
end_of_record
TN:
SF:t.98f61eeae15c01402a495651ac599501e2a56a684e764036967d2a2dd08ca76c
DA:6,1
DA:9,1
DA:11,1
DA:14,1
LF:4
LH:4
end_of_record
TN:
SF:t.99bef0106f63e88006b78cae58073e58dac514a15d86991a7ff0889f53d81c6c
DA:5,1
DA:8,1
DA:9,1
DA:13,1
DA:14,0
LF:5
LH:4
end_of_record
TN:
SF:t.99e9b184dea7aec9245025ae6c1c0dbc7d20e1dd95e35260765f88bfe964c418
DA:6,1
DA:9,1
DA:11,1
DA:14,1
LF:4
LH:4
end_of_record
TN:
SF:t.9a5425d1ec737f4b300945a61442559635c295d0d19af0fe36e4a78af232cf0f
DA:6,1
DA:9,1
DA:11,1
DA:14,1
LF:4
LH:4
end_of_record
TN:
SF:t.9aa2afe12bcc2b78ba647a9fb8724a13eac2c5282fcd3c08d2cb2abb85050319
DA:6,1
DA:9,1
DA:11,1
DA:14,1
LF:4
LH:4
end_of_record
TN:
SF:t.9b35e254bfff51acb951230910ed1f6d0125785ac4c0823555a25d20e29ae272
DA:6,1
DA:9,1
DA:11,1
DA:14,1
LF:4
LH:4
end_of_record
TN:
SF:t.9c4e3cad4c904071337d1b7f39ccc370a8c2bf1cce9a0bde3d1c8aa0045a0405
DA:6,1
DA:9,1
DA:11,1
DA:14,1
LF:4
LH:4
end_of_record
TN:
SF:t.9cd92855881d45248f8557048264c9234d1892dc311ddbe5c66ffeae549b8a71
DA:6,1
DA:9,1
DA:11,1
DA:14,1
LF:4
LH:4
end_of_record
TN:
SF:t.9cf6535cef51653744bd6343e1ce57bada2ce2cc3263ce85b697b73d501a04a9
DA:6,1
DA:9,1
DA:11,1
DA:14,1
LF:4
LH:4
end_of_record
TN:
SF:t.9daf33481af221ebcc6f7ee8941f19fcc533b99c48fa2f73a047fe4c19def8be
DA:14,9
DA:18,9
DA:20,9
DA:22,9
DA:23,9
DA:26,9
DA:30,9
LF:7
LH:7
end_of_record
TN:
SF:t.9dded4d7c6c37b30bcbc05b0d5fce11772ecc148716bd72c0e02bcd9c72aae8f
DA:6,1
DA:9,1
DA:11,1
DA:14,1
LF:4
LH:4
end_of_record
TN:
SF:t.9e74a004b54796257c26a4b7b9e4f58ea1bc60984feba6b3570d04e58ffd0818
DA:6,1
DA:9,1
DA:11,1
DA:14,1
LF:4
LH:4
end_of_record
TN:
SF:t.9eaf65c5ae78ac4a54d431f9fc5f7bfd976e38b3eaa0aca10760a3c07302a973
DA:6,1
DA:9,1
DA:11,1
DA:14,1
LF:4
LH:4
end_of_record
TN:
SF:t.9edb49572f552e45b33be3faf3fd852720725c2250daedc194634a4907955955
DA:6,1
DA:9,1
DA:11,1
DA:14,1
LF:4
LH:4
end_of_record
TN:
SF:t.9f2c0c93c996fdfc6e74718fa51d00bcbc8b7b88abceaf3e64a7213a73740077
DA:6,1
DA:9,1
DA:11,1
DA:14,1
LF:4
LH:4
end_of_record
TN:
SF:t.9f480c7700cc4c3a55bcebf597f92d322a8a23bb4fec0dface167651ef54acc0
DA:5,1
DA:8,1
DA:9,1
DA:13,1
DA:14,0
LF:5
LH:4
end_of_record
TN:
SF:t.9fb0a19d6aef0ee70e724c20b6f2a8f4f28afa698ac40062309c20cacd375f53
DA:5,1
DA:8,1
DA:9,1
DA:13,1
DA:14,0
LF:5
LH:4
end_of_record
TN:
SF:t.9fca4d77ab0cb35d04429d2cfc6b39fb53e5d2104e5b3ffac98e6896e7fb95f5
DA:3,1
LF:1
LH:1
end_of_record
TN:
SF:t.a053772b76d361bee603db2e4ef965be602d6ef9041b10ac5101d5232e89c10f
DA:6,1
DA:9,1
DA:11,1
DA:14,1
LF:4
LH:4
end_of_record
TN:
SF:t.a06cae396a3d17b08f670558991ccf76e77645dab890ced0c80cc0003381c41d
DA:6,1
DA:9,1
DA:11,1
DA:14,1
LF:4
LH:4
end_of_record
TN:
SF:t.a0908a7baf3c6845ea0ef60a74777a656a6ec69c30dc508eafdf6e88f9a5b384
DA:5,1
DA:8,1
DA:9,1
DA:13,1
DA:14,0
LF:5
LH:4
end_of_record
TN:
SF:t.a0acf23c85b769d252e2b32ab3420c77fdf33ced27b537348b0235400317b2cc
DA:5,1
DA:8,1
DA:9,1
DA:13,1
DA:14,0
LF:5
LH:4
end_of_record
TN:
SF:t.a0b586be13a1bb3597e070d63c03105304dc487e2280ba20babbb3c36983cb19
DA:6,1
DA:9,1
DA:11,1
DA:14,1
LF:4
LH:4
end_of_record
TN:
SF:t.a0df7f351686d65e0dfe15c7c456e4433c87374b43e44285f78d6659928bb96a
DA:6,1
DA:9,1
DA:11,1
DA:14,1
LF:4
LH:4
end_of_record
TN:
SF:t.a17c38ecf94233f674a463c1b14873f5335292ba69c6985f8edfe4482962bcce
DA:6,1
DA:9,1
DA:11,1
DA:14,1
LF:4
LH:4
end_of_record
TN:
SF:t.a18246107ef19377b094d4aa20e9cf154de574d9af8a65513b9e2cf97966c625
DA:6,1
DA:9,1
DA:11,1
DA:14,1
LF:4
LH:4
end_of_record
TN:
SF:t.a195deb17dae5342c4b0d0f5f962aab01bfad143d5389c09d4426874233ba289
DA:6,1
DA:9,1
DA:11,1
DA:14,1
LF:4
LH:4
end_of_record
TN:
SF:t.a1a029165635a8e17e27ac736755303b3d048a867d31405e6b068ca87ff38919
DA:6,1
DA:9,1
DA:11,1
DA:14,1
LF:4
LH:4
end_of_record
TN:
SF:t.a1aab8b25c42ac19ddf4bc539d90a005888d96350666d62c56e4e52223e6f733
DA:6,1
DA:9,1
DA:11,1
DA:14,1
LF:4
LH:4
end_of_record
TN:
SF:t.a1eeb4dc1c4e66a86f207fb8c9f9f1c6df3ede4fb45ec132ec022aa3ab771a98
DA:5,1
DA:8,1
DA:9,1
DA:13,1
DA:14,0
LF:5
LH:4
end_of_record
TN:
SF:t.a21f3797daf076bae0d61889fa9b3c66559f99bcaded77f5ce3affd37bf4af9e
DA:6,1
DA:9,1
DA:11,1
DA:14,1
LF:4
LH:4
end_of_record
TN:
SF:t.a22461023c8195520f73a72440dda18283243edd59b4e79b7f05d82c2f8d84c2
DA:5,1
DA:8,1
DA:9,1
DA:13,1
DA:14,0
LF:5
LH:4
end_of_record
TN:
SF:t.a2a09105ffa3cf22401452891fa26c6b93633b5dccb5d6a55e8d2f6a1c262728
DA:5,1
DA:8,1
DA:9,1
DA:13,1
DA:14,0
LF:5
LH:4
end_of_record
TN:
SF:t.a2f37deef8157aa4b295618b38f37f418e0532bd0c1c4fa537e514396d35e49f
DA:5,1
DA:8,1
DA:9,1
DA:13,1
DA:14,0
LF:5
LH:4
end_of_record
TN:
SF:t.a2f5050542a669441393b65cbec97ac40bb9f8c9d75403af719a803aa42b1e34
DA:6,1
DA:9,1
DA:11,1
DA:14,1
LF:4
LH:4
end_of_record
TN:
SF:t.a37cbedd0b4f0ac9a07ce8a0b69a01d9c709eecd00ef49b0d56986da736df5cd
DA:6,1
DA:9,1
DA:11,1
DA:14,1
LF:4
LH:4
end_of_record
TN:
SF:t.a3868f5f4586af7fb45c34d5746e7e32de436e565630b101a54f8c6ab10d3b06
DA:5,1
DA:8,1
DA:9,1
DA:13,1
DA:14,0
LF:5
LH:4
end_of_record
TN:
SF:t.a3a0c17ba6b88d83cd64f18e9b9823976f372adfaeb0a13e48f0644581464807
DA:5,1
DA:8,1
DA:9,1
DA:13,1
DA:14,0
LF:5
LH:4
end_of_record
TN:
SF:t.a3afd5fd879fb59b228a86842acb039bdf1442265ab9c6317141871b8dff9c79
DA:5,1
DA:8,1
DA:9,1
DA:13,1
DA:14,0
LF:5
LH:4
end_of_record
TN:
SF:t.a3cb34e781ec488997b57f798fc2a7bdeda76dd3047e2fc09f4449b843d7b5a0
DA:6,1
DA:9,1
DA:11,1
DA:14,1
LF:4
LH:4
end_of_record
TN:
SF:t.a4551950752a51a5d04f8570fb7be9afbc6e9da57c68d51d13bf9342adeac484
DA:6,1
DA:9,1
DA:11,1
DA:14,1
LF:4
LH:4
end_of_record
TN:
SF:t.a48a45c4378cde6f7db83b98437f95be24da257ab98321f9e69d14c565bf1083
DA:6,1
DA:9,1
DA:11,1
DA:14,1
LF:4
LH:4
end_of_record
TN:
SF:t.a4b2b04c380e19b341168de8f9ed89585d796f8f4dba3c886a23f7abc874ef37
DA:6,1
DA:9,1
DA:11,1
DA:14,1
LF:4
LH:4
end_of_record
TN:
SF:t.a553b4c006c75cc13c961ef72eaa88c8b47db060bd5fa1a626225a8cb96ba251
DA:6,1
DA:9,1
DA:11,1
DA:14,1
LF:4
LH:4
end_of_record
TN:
SF:t.a56e1e81f21afc297f190a39dd4b3a06c63ee423ff81b55cbb97085c92c7ae12
DA:6,1
DA:9,1
DA:11,1
DA:14,1
LF:4
LH:4
end_of_record
TN:
SF:t.a592a87a93ab9b381d08bf02966c0dd118a8c789a3f5ed6eeddd839b810cbcba
DA:6,1
DA:9,1
DA:11,1
DA:14,1
LF:4
LH:4
end_of_record
TN:
SF:t.a5b60039d823fbad20edcca9451a4699cc3d79ac2d8d5316de0c002ee9369012
DA:6,1
DA:9,1
DA:11,1
DA:14,1
LF:4
LH:4
end_of_record
TN:
SF:t.a65091799ac2dee56d092d7a16273de7d035c68cd05c9dcbd29f4c3a2615d501
DA:4,1
LF:1
LH:1
end_of_record
TN:
SF:t.a73f606eb7b8e7ce28e5109bbfdbcc96663bb08997d2cc00f9cf0c0bdc017326
DA:6,1
DA:9,1
DA:11,1
DA:14,1
LF:4
LH:4
end_of_record
TN:
SF:t.a75e958934c8ca82ecfd130c55f466b850299e318c73cf9927cd8028711aab7a
DA:6,1
DA:9,1
DA:11,1
DA:14,1
LF:4
LH:4
end_of_record
TN:
SF:t.a815a489ae3c051439c66bac568636c66c007259fef69df9e0cdda7aed9c4537
DA:5,1
DA:8,1
DA:9,1
DA:13,1
DA:14,0
LF:5
LH:4
end_of_record
TN:
SF:t.a9167338307a635f491258d552a971a62fd83668673c524556b1307009b6cb9a
DA:6,1
DA:9,1
DA:11,1
DA:14,1
LF:4
LH:4
end_of_record
TN:
SF:t.a98abbe2a8d83a5603d940cf5b9e020cb3f0689f8ed4f7f544b3352e75e8c698
DA:6,1
DA:9,1
DA:11,1
DA:14,1
LF:4
LH:4
end_of_record
TN:
SF:t.a9944ffe113a0d37e6522f56dfec33990cd4a20e3f06f2ba5e1ac127c365eb0d
DA:6,1
DA:9,1
DA:11,1
DA:14,1
LF:4
LH:4
end_of_record
TN:
SF:t.a9a599d06cc17ee36195375688ffae66354a5ae68fab30756616c169615c688c
DA:3,9
DA:4,9
LF:2
LH:2
end_of_record
TN:
SF:t.a9aa57d6a6c929ec91f9f7b03410e1883d7e8c6aee60aeeb889460ed8572cdf8
DA:5,1
DA:8,1
DA:9,1
DA:13,1
DA:14,0
LF:5
LH:4
end_of_record
TN:
SF:t.a9f1f42007c5d36dfe877740c9f429002545552c28390bdfa108a415991fcbb2
DA:6,1
DA:9,1
DA:11,1
DA:14,1
LF:4
LH:4
end_of_record
TN:
SF:t.aa0bb8a1c85d0f2df95e04de51e1c6b25103a3bb5d2af7c0b733871134bf914d
DA:6,1
DA:9,1
DA:11,1
DA:14,1
LF:4
LH:4
end_of_record
TN:
SF:t.aa3415519ff097d81d3c7ce218d5859609193ee38f4901d5340841fe45dfe15b
DA:6,1
DA:9,1
DA:11,1
DA:14,1
LF:4
LH:4
end_of_record
TN:
SF:t.aa8cf7047b0d61d485746438a504811228764555f9e6a248738aa732254f129f
DA:5,1
DA:8,1
DA:9,1
DA:13,1
DA:14,0
LF:5
LH:4
end_of_record
TN:
SF:t.aa9f3ebea20498d1310537a25b6f8ebb90313608054f10bd4862c0534e9622e0
DA:6,1
DA:9,1
DA:11,1
DA:14,1
LF:4
LH:4
end_of_record
TN:
SF:t.aaa41a536062eb9a6f11533a667caf5c6642db5ed24ef92ed66209c6ecd18c41
DA:6,1
DA:9,1
DA:11,1
DA:14,1
LF:4
LH:4
end_of_record
TN:
SF:t.ab2fec3614b311963b707777922b83326724279c4e3a94ce20594fbe409fec07
DA:6,1
DA:9,1
DA:11,1
DA:14,1
LF:4
LH:4
end_of_record
TN:
SF:t.ab3f370dc46fef68ab45825de4206d3dff833b55919c4bea6ef94c1e3afad88b
DA:6,1
DA:9,1
DA:11,1
DA:14,1
LF:4
LH:4
end_of_record
TN:
SF:t.acc89f3da4299ce1d05e74248a4c4aeb4c9d26c4f800d6a2bce68d51482d4409
DA:6,1
DA:9,1
DA:11,1
DA:14,1
LF:4
LH:4
end_of_record
TN:
SF:t.ad0ca0e5f6be5e50bc74134665456d49a5c66f6a91ded65ea3f00dc520a090d7
DA:6,1
DA:9,1
DA:11,1
DA:14,1
LF:4
LH:4
end_of_record
TN:
SF:t.ad39c1c0b85df92328c9c8cfa18d23350aecc84e552b6621548063d5353aed0d
DA:6,1
DA:9,1
DA:11,1
DA:14,1
LF:4
LH:4
end_of_record
TN:
SF:t.ad4135d646a1581c5273d83bd8382b6f9fdd0c81d8451dbf6e10b98dfb0878c3
DA:6,1
DA:9,1
DA:11,1
DA:14,1
LF:4
LH:4
end_of_record
TN:
SF:t.ad63022283a8623d790299fe4a5f61dda742f35cd70ad638b150493c8199be07
DA:6,1
DA:9,1
DA:11,1
DA:14,1
LF:4
LH:4
end_of_record
TN:
SF:t.ad8dd6c8f2d3030460d604d79b83e9d6e4c0e9eae354a4a96f8c0aa9395430c9
DA:6,1
DA:9,1
DA:11,1
DA:14,1
LF:4
LH:4
end_of_record
TN:
SF:t.ad9ffe3d9e8df7ca7fe683169b5c7741d0d86ca6070c681c00e429f7d2373af0
DA:5,1
DA:8,1
DA:9,1
DA:13,1
DA:14,0
LF:5
LH:4
end_of_record
TN:
SF:t.adb4780fc94bfeacf37de62ea0f0db5a58f8e8fc8824f6d640149b13e8ad01fb
DA:6,1
DA:9,1
DA:11,1
DA:14,1
LF:4
LH:4
end_of_record
TN:
SF:t.adea95ce8cda244e1e38d0d23d8826762c76030ed76a3ad16cfa564de8f34704
DA:6,1
DA:9,1
DA:11,1
DA:14,1
LF:4
LH:4
end_of_record
TN:
SF:t.ae39dce409bb644f37d0324e5042bb4d6750bf4845fcffd1d2046ec56ad38aa9
DA:4,1
LF:1
LH:1
end_of_record
TN:
SF:t.ae569564ae35adb5626d569b72bd7bb0f7e725373d221d139b4902f67c01659a
DA:3,2
DA:4,2
LF:2
LH:2
end_of_record
TN:
SF:t.af0ccc867105fd90d8086e3337bd2cd56020982e3c8fb3e1196c87434cbde876
DA:5,1
DA:8,1
DA:9,1
DA:13,1
DA:14,0
LF:5
LH:4
end_of_record
TN:
SF:t.af65e61bab0797d2e3fdeb3a8bc861d27b23672eb01a2417d75745b6ef272748
DA:6,1
DA:9,1
DA:11,1
DA:14,1
LF:4
LH:4
end_of_record
TN:
SF:t.aff3bbf03c8b3b3195a0718e44f68d4ebf18a5ade88f37bde2b679394a94e91d
DA:6,1
DA:9,1
DA:11,1
DA:14,1
LF:4
LH:4
end_of_record
TN:
SF:t.b08f10c2800fa58f081ada92b982f6c6e2b9b6abef60b7b1b907629d3121fe8b
DA:3,9
LF:1
LH:1
end_of_record
TN:
SF:t.b0f9cc5c12ceabff3c0df66060738c9f175e615c72efd9778169b3e2fa5b9f20
DA:4,1
LF:1
LH:1
end_of_record
TN:
SF:t.b1c7402a47e4790d6760cbcd01591c68059e1fdb3af73a243fa86fde6e4f38b9
DA:3,9
LF:1
LH:1
end_of_record
TN:
SF:t.b1e890584a3d0711cc288d4c3d432dd1f7b2839afe40e9d7d7a9866686d912dd
DA:6,1
DA:9,1
DA:11,1
DA:14,1
LF:4
LH:4
end_of_record
TN:
SF:t.b203858e70042f54e782e3c8689484c171a94b8addff7ccd4e6882836c3c02f9
DA:6,1
DA:9,1
DA:11,1
DA:14,1
LF:4
LH:4
end_of_record
TN:
SF:t.b26fbda4173a3691c08d38db57d2190c92eeebbbe9a5afb1900490e254f81a74
DA:6,1
DA:9,1
DA:11,1
DA:14,1
LF:4
LH:4
end_of_record
TN:
SF:t.b27be1e98bc8cff2fd4a5859dc73e4ac407a6147848d0fce7271f3b4e36e3536
DA:3,9
LF:1
LH:1
end_of_record
TN:
SF:t.b3579f16806ee5bc5f066cda3618ef54f99cb46f1bdb9864807a0c21e0feaccb
DA:3,1
DA:4,1
LF:2
LH:2
end_of_record
TN:
SF:t.b358af4009ffd31f149f70394881abedf04d09aeb598815c9c151abd293778bc
DA:6,1
DA:9,1
DA:11,1
DA:14,1
LF:4
LH:4
end_of_record
TN:
SF:t.b3d47fea951cf6a2b379e82285a3f83803ac6126ef40ca0bdc80551695e4e275
DA:6,1
DA:9,1
DA:11,1
DA:14,1
LF:4
LH:4
end_of_record
TN:
SF:t.b4506345bcc803b686f8bc87ac4c8b2e7b9f021113b71f07845e6bd608a5f7a6
DA:5,1
DA:8,1
DA:9,1
DA:13,1
DA:14,0
LF:5
LH:4
end_of_record
TN:
SF:t.b46d2abc79a34da95a8a8d7cea3ae945538ec55e764b78cc71d9bfc522b4b1be
DA:6,1
DA:9,1
DA:11,1
DA:14,1
LF:4
LH:4
end_of_record
TN:
SF:t.b53ec5d8f9cbdd7227db339ab6f379bad7e94f40c03ed97420db0e8605aacd98
DA:6,1
DA:9,1
DA:11,1
DA:14,1
LF:4
LH:4
end_of_record
TN:
SF:t.b556e8f453dad0001c1041d53f5af8185b3cf79804e74b13935c905efbd65e24
DA:3,1
DA:4,1
LF:2
LH:2
end_of_record
TN:
SF:t.b5f414f1d9856b9b5d391eee53870756fda44a0ce756eb917e2dd60bfaeb7fef
DA:5,1
DA:8,1
DA:9,1
DA:13,1
DA:14,0
LF:5
LH:4
end_of_record
TN:
SF:t.b621d24c50771dd8fc473a698c9724fda26fb93f820a65b2b05ce99e7f2b3b4a
DA:5,1
DA:8,1
DA:9,1
DA:13,1
DA:14,0
LF:5
LH:4
end_of_record
TN:
SF:t.b68a20c1747b47b2211e9edc26c9751444db94503a6128be7f5e13f09b2576d0
DA:6,1
DA:9,1
DA:11,1
DA:14,1
LF:4
LH:4
end_of_record
TN:
SF:t.b6e50891d8e0f5269d20c0ebd9ec6635013949e01a9f5be42b7ec059b242c448
DA:6,1
DA:9,1
DA:11,1
DA:14,1
LF:4
LH:4
end_of_record
TN:
SF:t.b7961d8d6aba0afca9f76fa6c3245ff73f86034c630d00cac24f9a38a46ff50c
DA:3,1
DA:4,1
LF:2
LH:2
end_of_record
TN:
SF:t.b7fb957c9c5dcd85a2f39423ef620b7e32e18f4e8717b9a746606fad9850ecc0
DA:6,1
DA:9,1
DA:11,1
DA:14,1
LF:4
LH:4
end_of_record
TN:
SF:t.b8b7bc05b3afcc53653b7dd6b9f3ae317de1630648f54854b4e3ee7767bef7c2
DA:6,1
DA:9,1
DA:11,1
DA:14,1
LF:4
LH:4
end_of_record
TN:
SF:t.b92f240cbe1efd1c4457913d8649add0e5bb71231778f9a1b8160da010f31a4a
DA:6,1
DA:9,1
DA:11,1
DA:14,1
LF:4
LH:4
end_of_record
TN:
SF:t.b946e86dad6c8ed3111ded909530c6da80502b524c43f6edefb4be38f195c1e8
DA:6,1
DA:9,1
DA:11,1
DA:14,1
LF:4
LH:4
end_of_record
TN:
SF:t.baaa82233bd085f7982d3a4a7391993ee8788186d448a83231b8ec33da66654c
DA:6,1
DA:9,1
DA:11,1
DA:14,1
LF:4
LH:4
end_of_record
TN:
SF:t.bac69900943f587e0919b60a59bc372d5ae8ee45f0d2fc04173f21a9af4cff8e
DA:3,9
LF:1
LH:1
end_of_record
TN:
SF:t.bb5bf84398e460df5355d65c129cfc29428d4bf4dda92c7d57d72b490d8953d1
DA:5,1
DA:8,1
DA:9,1
DA:13,1
DA:14,0
LF:5
LH:4
end_of_record
TN:
SF:t.bc2d84c1826924ca005a7d41f4198ffb89caed910428ca4e6c9e694c24d2a907
DA:5,1
DA:8,1
DA:9,1
DA:13,1
DA:14,0
LF:5
LH:4
end_of_record
TN:
SF:t.bc67024782c440ed771c0495f32c6dde8e4ae3adb28582a27bb61538d1e71e94
DA:17,9
DA:18,9
DA:19,9
DA:20,0
DA:21,0
DA:24,9
LF:6
LH:4
end_of_record
TN:
SF:t.bc71bf02de2fc7e64fa6b31d9e489e492ca97d22b330b0bf0190c225bb0e371f
DA:5,1
DA:8,1
DA:9,1
DA:13,1
DA:14,0
LF:5
LH:4
end_of_record
TN:
SF:t.bc8f14a6efe54371fd82d69d91458340a87191b82849450b7d56937759d16fc2
DA:5,1
DA:8,1
DA:9,1
DA:13,1
DA:14,0
LF:5
LH:4
end_of_record
TN:
SF:t.bd89aaad3f03ba60614d5dfad5a61fbfe3876da96cdc6776be45ad4d7ef505a6
DA:6,1
DA:9,1
DA:11,1
DA:14,1
LF:4
LH:4
end_of_record
TN:
SF:t.bd958f4ab29ad5bb47cdf47bd032cf65aafbefbde7bdff2de5f793263c8d4dd8
DA:3,1
LF:1
LH:1
end_of_record
TN:
SF:t.bdac56ca2a53fbd9ce2c754d3da67739865a65c315cd59e6e369b0d7938d35ae
DA:6,1
DA:9,1
DA:11,1
DA:14,1
LF:4
LH:4
end_of_record
TN:
SF:t.be200bd730f4963ab7fd5d21f0992c9e30a3714f51be3af6438153ee0a610b36
DA:6,1
DA:9,1
DA:11,1
DA:14,1
LF:4
LH:4
end_of_record
TN:
SF:t.be2b4476bf9435c21edd7ae928fcb365b7f69d11971d5e6c0df1f6f19a78f73e
DA:3,1
DA:4,1
LF:2
LH:2
end_of_record
TN:
SF:t.be45ac499ee80ffbea4b84362aea2ddd238110fe0a5a8af52558cdef35083c31
DA:6,1
DA:9,1
DA:11,1
DA:14,1
LF:4
LH:4
end_of_record
TN:
SF:t.be5725e1258d30efea8041ac229c689708f3574e74747566dc75b3f56f891678
DA:6,1
DA:9,1
DA:11,1
DA:14,1
LF:4
LH:4
end_of_record
TN:
SF:t.bf0e83778db1b424446cf3bfd110b1b82fc245a90f1a032d36f384cb08169124
DA:6,1
DA:9,1
DA:11,1
DA:14,1
LF:4
LH:4
end_of_record
TN:
SF:t.bf13ddec283be50071c66b17b743c71c36a37af4d79a6e015a9e07b6e71ad376
DA:6,1
DA:9,1
DA:11,1
DA:14,1
LF:4
LH:4
end_of_record
TN:
SF:t.bf9333ac8643f563ce4c35898834ab95a003c2b6b9900c58048eb71d6974cb5a
DA:6,1
DA:9,1
DA:11,1
DA:14,1
LF:4
LH:4
end_of_record
TN:
SF:t.c07e80aba925b7376552c3d616aa9da656634308e8f42bd0a6437a748d6b3df2
DA:5,1
DA:8,1
DA:9,1
DA:13,1
DA:14,0
LF:5
LH:4
end_of_record
TN:
SF:t.c082a8a6e00c6eb6d446df0c560255ada029129e01daf6d5bfb2bbf890698434
DA:6,9
DA:9,9
DA:11,9
DA:14,9
LF:4
LH:4
end_of_record
TN:
SF:t.c0aa520bf8eeb46a387cc4ad820398df83f5347b3a3f04048ff366b49ce322d6
DA:6,1
DA:9,1
DA:11,1
DA:14,1
LF:4
LH:4
end_of_record
TN:
SF:t.c11430082a58f4507d02720dc9afc8c25ac8c05ac873c0c7fb360918c329f717
DA:6,1
DA:9,1
DA:11,1
DA:14,1
LF:4
LH:4
end_of_record
TN:
SF:t.c1446ecf1c8a43c46b8804563464079ceae667152f0a5bd4939d697b92e5287d
DA:5,1
DA:8,1
DA:9,1
DA:13,1
DA:14,0
LF:5
LH:4
end_of_record
TN:
SF:t.c173a525c23407d1d082e01743984b61a58f70cb77b20ec85fe06e0970814f6c
DA:6,1
DA:9,1
DA:11,1
DA:14,1
LF:4
LH:4
end_of_record
TN:
SF:t.c1a81dd2d954b3b23b753bf217c0c981e929e702201fc08e0a7f6eacba4b6ace
DA:6,1
DA:9,1
DA:11,1
DA:14,1
LF:4
LH:4
end_of_record
TN:
SF:t.c21f8a38a44c861f12df3e2d1d81da9c1aab8881ea353c1a7bac9bfd8d06131e
DA:3,9
LF:1
LH:1
end_of_record
TN:
SF:t.c311d3e9e585d72a366af0672e4e0cf587bc906d9ccc73cef4af9e521c0c5fa7
DA:6,1
DA:9,1
DA:11,1
DA:14,1
LF:4
LH:4
end_of_record
TN:
SF:t.c35cb4a1d7658b0514c9de53ba90a65ec6a5a0da04102b34a118a02fabc5db1c
DA:6,1
DA:9,1
DA:11,1
DA:14,1
LF:4
LH:4
end_of_record
TN:
SF:t.c381fef12ce3c4811d82e842883fa31b980ebd7f97aafa389e2d7ddec3a6628b
DA:6,1
DA:9,1
DA:11,1
DA:14,1
LF:4
LH:4
end_of_record
TN:
SF:t.c3f27e2c24c821c25baa4f83bcfc6da02a35b50201d17e6ac82f7ecaa74a0012
DA:6,1
DA:9,1
DA:11,1
DA:14,1
LF:4
LH:4
end_of_record
TN:
SF:t.c48d13cbb7dda72c9f1d48b5f8a72ff3e591a76f5d70e4d69dcf447b482d3304
DA:4,1
LF:1
LH:1
end_of_record
TN:
SF:t.c4ce9b46eeb4b4c8aecd20b25de6df564e9ba60a73e932b4868b42e397c57c4a
DA:6,1
DA:9,1
DA:11,1
DA:14,1
LF:4
LH:4
end_of_record
TN:
SF:t.c5084f4d397314525997c1f54c8cb21fac7fa06c228660b08d9696d860ac3d47
DA:6,1
DA:9,1
DA:11,1
DA:14,1
LF:4
LH:4
end_of_record
TN:
SF:t.c5448d87295e2785d825582912044d343ea6265d08f1dbf05d723482fe9fc6e8
DA:6,1
DA:9,1
DA:11,1
DA:14,1
LF:4
LH:4
end_of_record
TN:
SF:t.c55d6b29383d41c2e384806258557c1fb8e5c5c6e0bb0831d1e1a2ec4f95b036
DA:6,1
DA:9,1
DA:11,1
DA:14,1
LF:4
LH:4
end_of_record
TN:
SF:t.c59b010bbbdaf03b3605da9de3ade5dfc919644683b817e5ee36a3c114a388d8
DA:6,1
DA:9,1
DA:11,1
DA:14,1
LF:4
LH:4
end_of_record
TN:
SF:t.c618cf8278059f6fca36434aec7b89a319850d6013afe247e5384bd7e92c6f50
DA:6,1
DA:9,1
DA:11,1
DA:14,1
LF:4
LH:4
end_of_record
TN:
SF:t.c651186795daf476fd16cfb459970230b3c389dd4cd918f9a388d8c3ca397398
DA:6,1
DA:9,1
DA:11,1
DA:14,1
LF:4
LH:4
end_of_record
TN:
SF:t.c6841cfc9c601374a700221040d22a8fdf239eea73c7c5d68af7f8de2c3d22ec
DA:5,1
DA:8,1
DA:9,1
DA:13,1
DA:14,0
LF:5
LH:4
end_of_record
TN:
SF:t.c72d43fe5e98dbdf409cf141b52731972ead87921235f226660f47e70d12c030
DA:6,1
DA:9,1
DA:11,1
DA:14,1
LF:4
LH:4
end_of_record
TN:
SF:t.c756950c73ea752bfadf045c7c8a882acdf41d4f11d740436c721b70fb131a97
DA:5,1
DA:8,1
DA:9,1
DA:13,1
DA:14,0
LF:5
LH:4
end_of_record
TN:
SF:t.c7b979d36eb924315edb6f983c4350b3346b07760bd844f5f13fa825ec43f09f
DA:6,1
DA:9,1
DA:11,1
DA:14,1
LF:4
LH:4
end_of_record
TN:
SF:t.c903417fbdc1ff313ea9c992ce4a60927a5a3eea4b92832529c7029bf9908a28
DA:5,1
DA:8,1
DA:9,1
DA:13,1
DA:14,0
LF:5
LH:4
end_of_record
TN:
SF:t.c949ac3b6b3b1a90ed39ea1cd9f97288b649ffa178f9c2a5d9d91feb2e42be75
DA:3,9
LF:1
LH:1
end_of_record
TN:
SF:t.caa1c1f8474f76b016c4b321c91c0944dd9c711f4bfb69df0096cd72aa639bbb
DA:6,1
DA:9,1
DA:11,1
DA:14,1
LF:4
LH:4
end_of_record
TN:
SF:t.cae8b311d27491b66e7a97dd3a5d073591a18be811a90a2c977942e4b0cd6e85
DA:3,9
LF:1
LH:1
end_of_record
TN:
SF:t.cb12ed57b437075dfdd73d0d3f73928b92618869c5c2ebabfdad8b1ac5ea9286
DA:3,9
LF:1
LH:1
end_of_record
TN:
SF:t.cb39d391489999a8c3aeedfa5f21f82ced3937549ff3805bb6d7b48aeb00065c
DA:6,1
DA:9,1
DA:11,1
DA:14,1
LF:4
LH:4
end_of_record
TN:
SF:t.cb7449e4e5816438f07b27c0405215dfb08be1ef0724f35ca3b68c11be19bb74
DA:5,1
DA:8,1
DA:9,1
DA:13,1
DA:14,0
LF:5
LH:4
end_of_record
TN:
SF:t.cb775ddece6c22321f6a9179b1d420245242bb59d7075fec46cd5413640793ce
DA:6,1
DA:9,1
DA:11,1
DA:14,1
LF:4
LH:4
end_of_record
TN:
SF:t.cc3245c0e1f77fc9e0e3f291f11cee27dbd147c42f7492c14d0e5f12abb54043
DA:6,1
DA:9,1
DA:11,1
DA:14,1
LF:4
LH:4
end_of_record
TN:
SF:t.cc3f49ed126c17736344428714b3075c00c4d433c03a48063e2063e8d5d5b47c
DA:6,1
DA:9,1
DA:11,1
DA:14,1
LF:4
LH:4
end_of_record
TN:
SF:t.ccadc84eb3b47ad436a2858e839e45696ef9c777bf3cad37638755717079e30e
DA:6,1
DA:9,1
DA:11,1
DA:14,1
LF:4
LH:4
end_of_record
TN:
SF:t.cd2ec19ccc479a02086e10d72a5de6106ede0dc04c39f838202415bc31d54c02
DA:6,1
DA:9,1
DA:11,1
DA:14,1
LF:4
LH:4
end_of_record
TN:
SF:t.cd521d832ba4f5609c734236cc76e02a93bb45d1615932290b3b24972272171c
DA:6,1
DA:9,1
DA:11,1
DA:14,1
LF:4
LH:4
end_of_record
TN:
SF:t.cd5c1e3f98f61770dddd282aa3b5f8988e6f3a3b5773236a04a8548b7130a309
DA:3,9
LF:1
LH:1
end_of_record
TN:
SF:t.ce4dca2b37906ee13b828616834a7853871794e91bc36c3e965cd53fc8b1bc88
DA:3,1
DA:4,1
LF:2
LH:2
end_of_record
TN:
SF:t.ce653e2e5ba67f9323366fc97564ac099ef3dd65ec1b0f70bfd6ece641615576
DA:6,1
DA:9,1
DA:11,1
DA:14,1
LF:4
LH:4
end_of_record
TN:
SF:t.ce77465a3aa6d814452ced863853012582a7c2b07beb3f4abf56454248258c4a
DA:6,1
DA:9,1
DA:11,1
DA:14,1
LF:4
LH:4
end_of_record
TN:
SF:t.cf3b276b59a6fb06a3bf0b29e98fcf09c7ad6fa4761ee04e39b72a958c86a55d
DA:6,1
DA:9,1
DA:11,1
DA:14,1
LF:4
LH:4
end_of_record
TN:
SF:t.d06995c1c3536953c6b1aa2d56c248fe8b0339d6295408c3fadd5d1d075bc3ab
DA:6,1
DA:9,1
DA:11,1
DA:14,1
LF:4
LH:4
end_of_record
TN:
SF:t.d07eed3b9afdb82cfbda2ea040bb3d2836d8a277bf8ca40b1a2ffadb1acb6914
DA:6,1
DA:9,1
DA:11,1
DA:14,1
LF:4
LH:4
end_of_record
TN:
SF:t.d0dc5dad666f63f86abe0f1e45cdc4249c9e0c9726a19940ae1d7bf861383fbe
DA:3,1
DA:4,1
LF:2
LH:2
end_of_record
TN:
SF:t.d0e135d3f5bca147f748e0d4989b5dd681079baa7c63d45c9481a56ae1452449
DA:4,1
LF:1
LH:1
end_of_record
TN:
SF:t.d1954224c4fb10454d5009ca2c20b94fa45ad7a0a6587cadb5b092dcf373df87
DA:4,1
LF:1
LH:1
end_of_record
TN:
SF:t.d37ed1b49a78101ae621507c469849fc7ce4851ec06796c7675a265f2402bed7
DA:6,1
DA:9,1
DA:11,1
DA:14,1
LF:4
LH:4
end_of_record
TN:
SF:t.d39b02ebfc4dbda38a979a71cdc72798abb3f6f779ea954f75c19038df8cc69f
DA:6,1
DA:9,1
DA:11,1
DA:14,1
LF:4
LH:4
end_of_record
TN:
SF:t.d3d8e1cb156b6de39063e433c65bd01aa6eb996b682d88b0c8b360cb4865fd56
DA:6,1
DA:9,1
DA:11,1
DA:14,1
LF:4
LH:4
end_of_record
TN:
SF:t.d4a727607180d6eaec54df24f0cfee838e225ee68fa413411f8c2d60fa6446e8
DA:5,1
DA:8,1
DA:9,1
DA:13,1
DA:14,0
LF:5
LH:4
end_of_record
TN:
SF:t.d51536a88bdb4597c1a476218b9e8239dece4f8ac8d76a910b8adb15b7b04d85
DA:5,1
DA:8,1
DA:9,1
DA:13,1
DA:14,0
LF:5
LH:4
end_of_record
TN:
SF:t.d5168150e1501921f723443e79a5471b7693c45c810438ab0754fa6cb895c1fb
DA:5,1
DA:8,1
DA:9,1
DA:13,1
DA:14,0
LF:5
LH:4
end_of_record
TN:
SF:t.d544ea078acc8191b0df69fe5bf123c5ca3948862f4828b4a7328a9bb51b9ab1
DA:3,1
DA:4,1
LF:2
LH:2
end_of_record
TN:
SF:t.d58e01f199956da08a80040c675ef6976fb43c30212930d6c4f804d1832cf61d
DA:5,1
DA:8,1
DA:9,1
DA:13,1
DA:14,0
LF:5
LH:4
end_of_record
TN:
SF:t.d590cea917ea460dee3f3c69bfc2381dccb0aabdf7c95845ec3da29ab4de91fe
DA:6,1
DA:9,1
DA:11,1
DA:14,1
LF:4
LH:4
end_of_record
TN:
SF:t.d604d4d09583c275d2ff0d23ec186909dfa0cf9451931aa6c25a0932b06eb8e5
DA:6,1
DA:9,1
DA:11,1
DA:14,1
LF:4
LH:4
end_of_record
TN:
SF:t.d737b0f63f987dc3ebf89dac02b6438bbb8a5625bf625a59501e2fa38354a5d3
DA:6,1
DA:9,1
DA:11,1
DA:14,1
LF:4
LH:4
end_of_record
TN:
SF:t.d7a2fe1a3a53414c3a67614f1fd24bbb91ae0182118afb05714595f185c5075f
DA:6,1
DA:9,1
DA:11,1
DA:14,1
LF:4
LH:4
end_of_record
TN:
SF:t.d90cbbbb27fa52949fceb5c4ffc4c1468d293959a06c77e3fdf7fb95c8e4d8e4
DA:6,1
DA:9,1
DA:11,1
DA:14,1
LF:4
LH:4
end_of_record
TN:
SF:t.d91977af672b0de64ee41828e6f282c2c3c62cc104d880918889fbacb4144229
DA:3,9
LF:1
LH:1
end_of_record
TN:
SF:t.d94678a8563b77aa84da51579683d0e6857d7513c0fee9011e8fd706afeb2da0
DA:6,1
DA:9,1
DA:11,1
DA:14,1
LF:4
LH:4
end_of_record
TN:
SF:t.d94a119f1ea07f793119508747211cd5de14cc56c15180008d4c87e4ab292bb6
DA:6,1
DA:9,1
DA:11,1
DA:14,1
LF:4
LH:4
end_of_record
TN:
SF:t.d950f5c04962546602969acdb52d981f1c067b8d596a1b0a66b14abac0257bd8
DA:5,1
DA:8,1
DA:9,1
DA:13,1
DA:14,0
LF:5
LH:4
end_of_record
TN:
SF:t.d97b4f74918c934bbc2b060142b8b3c654082ee228319d58ab1b36b45a89e03c
DA:6,1
DA:9,1
DA:11,1
DA:14,1
LF:4
LH:4
end_of_record
TN:
SF:t.da3696d6d4b8667113b5344575fa07fbf1ed12dd712fee2c9a6f4a245fe42358
DA:6,1
DA:9,1
DA:11,1
DA:14,1
LF:4
LH:4
end_of_record
TN:
SF:t.dad9a765345a2e331ece047326d0d12cb36d7e422fc9d7e9f9784a171898a4d5
DA:5,1
DA:8,1
DA:9,1
DA:13,1
DA:14,0
LF:5
LH:4
end_of_record
TN:
SF:t.db599aaed0a1c54290c3143b394ebe867dec721dc6bb2b5b476c523343833e68
DA:6,1
DA:9,1
DA:11,1
DA:14,1
LF:4
LH:4
end_of_record
TN:
SF:t.db68016e84b616ad23b34b51298dc8a9b6dd8f2483d14d912ef829b7ca47c2a6
DA:6,1
DA:9,1
DA:11,1
DA:14,1
LF:4
LH:4
end_of_record
TN:
SF:t.db873ec22be43aadfaf3521185a0bfc7b525c7b6bb6e6cab7e285f1aa420d19c
DA:6,1
DA:9,1
DA:11,1
DA:14,1
LF:4
LH:4
end_of_record
TN:
SF:t.dbd8a9fc6107c58e36730651025662beab7df6f388ce2b82b3a2fe0ca5d61299
DA:6,1
DA:9,1
DA:11,1
DA:14,1
LF:4
LH:4
end_of_record
TN:
SF:t.dc20c9ffbbd5020fd5840b439470cf87c77e1ab1f7b4503c73755ffd305420c2
DA:5,1
DA:8,1
DA:9,1
DA:13,1
DA:14,0
LF:5
LH:4
end_of_record
TN:
SF:t.dc3c140fc47726e577fe53aaa8129557f6cedce84b4068cfe48cc61f4d1e2f3f
DA:6,1
DA:9,1
DA:11,1
DA:14,1
LF:4
LH:4
end_of_record
TN:
SF:t.dc42483418f43351c8b02dca3a1de5719cf4873eeee3d3bd6854872b8e234e8b
DA:5,1
DA:8,1
DA:9,1
DA:13,1
DA:14,0
LF:5
LH:4
end_of_record
TN:
SF:t.dc99766d22b25d02b4e1bd1839668b18c3dacd3b448d379101c1bc2d3c30a50e
DA:6,1
DA:9,1
DA:11,1
DA:14,1
LF:4
LH:4
end_of_record
TN:
SF:t.dcbe8719934b9c9538cc3c93ca12f20951701b81068d07f3f461818c9cc48991
DA:6,1
DA:9,1
DA:11,1
DA:14,1
LF:4
LH:4
end_of_record
TN:
SF:t.de37b80bc904f2a3370c5a89ed145eba6863b44640da6b9ad76626d798b51e6e
DA:6,1
DA:9,1
DA:11,1
DA:14,1
LF:4
LH:4
end_of_record
TN:
SF:t.df84e6d5b6e874a4758e5055bb4ef44f76986a6e71c346df288b964b62df2e7a
DA:6,1
DA:9,1
DA:11,1
DA:14,1
LF:4
LH:4
end_of_record
TN:
SF:t.dff1063acbd4e6c1de710abf48eda154090ec7a40813a1b4c7bfde6c523d1ec4
DA:6,1
DA:9,1
DA:11,1
DA:14,1
LF:4
LH:4
end_of_record
TN:
SF:t.e05b598e287f3ab580d4d11cc0788c50c5574db60f9829a5547c11e215888f56
DA:6,1
DA:9,1
DA:11,1
DA:14,1
LF:4
LH:4
end_of_record
TN:
SF:t.e05b64b695f36b70b4cc0438515c73a48e090160187bbe8b2318e8ce6c638419
DA:6,1
DA:9,1
DA:11,1
DA:14,1
LF:4
LH:4
end_of_record
TN:
SF:t.e073cf64394c7a53babf42adacc446a9ad235da807738dcc6094bc20b73f4f90
DA:4,1
LF:1
LH:1
end_of_record
TN:
SF:t.e1b4f8fcd9c57fc27ffb116e29f0c950b37901712ae28ae56f345f48e82e7601
DA:6,1
DA:9,1
DA:11,1
DA:14,1
LF:4
LH:4
end_of_record
TN:
SF:t.e25370ab20ad0be782098b9a8c1668a64618437e3a8701569329059283bb38bd
DA:3,9
LF:1
LH:1
end_of_record
TN:
SF:t.e255534709b0740e79561db3cc6e506460e97e5308588ec0853131e1eee94cfd
DA:6,1
DA:9,1
DA:11,1
DA:14,1
LF:4
LH:4
end_of_record
TN:
SF:t.e30c7c994eb4c18acae47aa55247e689a640a7cc32c27da14b6e5db94482301e
DA:6,1
DA:9,1
DA:11,1
DA:14,1
LF:4
LH:4
end_of_record
TN:
SF:t.e39af5689e7f26612923b4ac73fa334a9c61d1ea2a068dda450d0678a85c43a8
DA:5,1
DA:8,1
DA:9,1
DA:13,1
DA:14,0
LF:5
LH:4
end_of_record
TN:
SF:t.e43526f6aadfa5894916fc2e04b32f7357939076fd4cc90d77367a2c6c12b4fb
DA:6,1
DA:9,1
DA:11,1
DA:14,1
LF:4
LH:4
end_of_record
TN:
SF:t.e517617395a7354be6b07de6f2062a17994ad8abbb31f27f2a3271f027ef359e
DA:5,1
DA:8,1
DA:9,1
DA:13,1
DA:14,0
LF:5
LH:4
end_of_record
TN:
SF:t.e55aad7d50779db04a1fd27cbd604a9ddb8e28b74da2c061a8086dac5818620e
DA:5,1
DA:8,1
DA:9,1
DA:13,1
DA:14,0
LF:5
LH:4
end_of_record
TN:
SF:t.e562c115af824d5f0d1ab2c0152f30fd3dc2ecc94efa00a11ffd98d797dee593
DA:5,1
DA:8,1
DA:9,1
DA:13,1
DA:14,0
LF:5
LH:4
end_of_record
TN:
SF:t.e56577f04366184b63397367403ec49d7fc2d5e9161ef109b7f0b23f454088df
DA:6,1
DA:9,1
DA:11,1
DA:14,1
LF:4
LH:4
end_of_record
TN:
SF:t.e5a7850f358dc3eb54223d0ffdd1780e38129d9b8bdc75bbbc626c0ed8aa938f
DA:5,1
DA:8,1
DA:9,1
DA:13,1
DA:14,0
LF:5
LH:4
end_of_record
TN:
SF:t.e60e68df6f9eb1aa4901922d4f384e729958fcf5e919411e2e44133c575ef28c
DA:3,1
LF:1
LH:1
end_of_record
TN:
SF:t.e6108269e6b433c20238646f32d179d66e1c6311e8e1b11014076391df75dac1
DA:5,1
DA:8,1
DA:9,1
DA:13,1
DA:14,0
LF:5
LH:4
end_of_record
TN:
SF:t.e623d6a6de33f881f3353e3d393d5ca1a2fb6dcb239bb8edbb3b8e57113f6f0f
DA:6,1
DA:9,1
DA:11,1
DA:14,1
LF:4
LH:4
end_of_record
TN:
SF:t.e63ffeec341e19d6413a507276e709ff40f6fdb90ed0ad118c3037250936e6a0
DA:5,1
DA:8,1
DA:9,1
DA:13,1
DA:14,0
LF:5
LH:4
end_of_record
TN:
SF:t.e6a80819d480f78be03cf24377ad0cc0726e6f7d61400d885c552a629e37c84b
DA:5,1
DA:8,1
DA:9,1
DA:13,1
DA:14,0
LF:5
LH:4
end_of_record
TN:
SF:t.e7bbc9387981681ff29dc725ffed7c03de20da60d3aa00c8acd791181ad0e867
DA:6,1
DA:9,1
DA:11,1
DA:14,1
LF:4
LH:4
end_of_record
TN:
SF:t.e7c4a4e71afd8444f3c048ff8e54a8434c025d3f204380ba88671a45d674330c
DA:5,1
DA:8,1
DA:9,1
DA:13,1
DA:14,0
LF:5
LH:4
end_of_record
TN:
SF:t.e826cf6b6f83fbda3cee4b7dff20e8918c98e5e576e393d6c6f306c640306e28
DA:6,1
DA:9,1
DA:11,1
DA:14,1
LF:4
LH:4
end_of_record
TN:
SF:t.e82768b975d3b9bf844fa9fbd2c8137959b2a40bffa08126185446459cd37315
DA:5,1
DA:8,1
DA:9,1
DA:13,1
DA:14,0
LF:5
LH:4
end_of_record
TN:
SF:t.e90b005c32d81f524c30aac504f7bbd95381a63808b764158c626aac13d5a6ff
DA:6,1
DA:9,1
DA:11,1
DA:14,1
LF:4
LH:4
end_of_record
TN:
SF:t.e90d3a67a2ff2a2a3b572a06752a8165082448d27bc23203b95b9264e06f084d
DA:6,1
DA:9,1
DA:11,1
DA:14,1
LF:4
LH:4
end_of_record
TN:
SF:t.e91c725cd30a1e0c97f407229ab674cdf17e874803e9317874aa3ae58943d028
DA:5,1
DA:8,1
DA:9,1
DA:13,1
DA:14,0
LF:5
LH:4
end_of_record
TN:
SF:t.ea1435064096955d4a44b33d8f1bd4ab7743ff19d052c6a5f8ccd6efd11f0bb4
DA:6,1
DA:9,1
DA:11,1
DA:14,1
LF:4
LH:4
end_of_record
TN:
SF:t.eac1e876a7c7695eeb3ad079ad4487008bcfe7b4cc427b12d027ee88595cbe1f
DA:5,1
DA:8,1
DA:9,1
DA:13,1
DA:14,0
LF:5
LH:4
end_of_record
TN:
SF:t.ebf2ae2450f51eff449efd210b5bd1709d71ce8c841e8832cc2e11b1ea74a360
DA:6,1
DA:9,1
DA:11,1
DA:14,1
LF:4
LH:4
end_of_record
TN:
SF:t.ec17b39c8c44198ddaef979212f6fe7766127bf4b0077db9f6454a1f34bb20dd
DA:6,1
DA:9,1
DA:11,1
DA:14,1
LF:4
LH:4
end_of_record
TN:
SF:t.ec41ec281c2c3682c21d454269eec15381322f1b1c883ff56cfdc633b1f36c10
DA:6,1
DA:9,1
DA:11,1
DA:14,1
LF:4
LH:4
end_of_record
TN:
SF:t.ec66280ccf46400906b2bd3542d91e5743692029c2562ec9d8fb19cb3b0a2dd4
DA:5,1
DA:8,1
DA:9,1
DA:13,1
DA:14,0
LF:5
LH:4
end_of_record
TN:
SF:t.ecf2711accc47b42d620ab10704954c49511f32e34646c65591f5d20a8c659c6
DA:6,1
DA:9,1
DA:11,1
DA:14,1
LF:4
LH:4
end_of_record
TN:
SF:t.ed13d3fc1f46e227809b900e3c85e28d57e81c29c7649f359ff5fd9f0baa82cf
DA:5,1
DA:8,1
DA:9,1
DA:13,1
DA:14,0
LF:5
LH:4
end_of_record
TN:
SF:t.ed6504d7437e51da33207087494f211607eb9d3d0184cf197d6971f7676a1767
DA:5,1
DA:8,1
DA:9,1
DA:13,1
DA:14,0
LF:5
LH:4
end_of_record
TN:
SF:t.eda01e7ef48e2c6ea70f257e944752a2e05bb2ab2d91533e7792d7b9f1f5802d
DA:4,1
LF:1
LH:1
end_of_record
TN:
SF:t.edf2cb82282e72ad49d2d65e6d27918b75d2e1da5aaba6a46ea397150a43acd7
DA:6,1
DA:9,1
DA:11,1
DA:14,1
LF:4
LH:4
end_of_record
TN:
SF:t.ee63e6d3e4fce4fc5e7a9c31fdb90c525bc21fb0fcc84ae76506795973403584
DA:5,1
DA:8,1
DA:9,1
DA:13,1
DA:14,0
LF:5
LH:4
end_of_record
TN:
SF:t.ef04754d33bcc615748da99a06d51e871ad25bf36b8e62e1411461f282919584
DA:6,1
DA:9,1
DA:11,1
DA:14,1
LF:4
LH:4
end_of_record
TN:
SF:t.ef0ee8b0f0d1cd7d52168bf748ec62ae7b3e93dbe5c00ec9d307dc4df2622b48
DA:5,1
DA:8,1
DA:9,1
DA:13,1
DA:14,0
LF:5
LH:4
end_of_record
TN:
SF:t.ef3d6a3f3a2dbea6e95039363bba85ebd5b3c43f96848cde1c104827761b8d21
DA:5,1
DA:8,1
DA:9,1
DA:13,1
DA:14,0
LF:5
LH:4
end_of_record
TN:
SF:t.ef452ac4a4f27af0eb886f28fe325085bcf89429a6b74e0028b232da8548f8d4
DA:6,9
DA:9,9
LF:2
LH:2
end_of_record
TN:
SF:t.ef799a3f300829ea5002e6b3637e85b3ce40dd4c2415983c31a9cd0cc1496858
DA:5,1
DA:8,1
DA:9,1
DA:13,1
DA:14,0
LF:5
LH:4
end_of_record
TN:
SF:t.efe2b0f620fef2882005ab4dd55304a4a6d23a753fece213e9253ed008093871
DA:6,1
DA:9,1
DA:11,1
DA:14,1
LF:4
LH:4
end_of_record
TN:
SF:t.f08d06565bcbada8c6c899194cb8fe8eef7967b85d29a7f7be42ed223caf8188
DA:5,1
DA:8,1
DA:9,1
DA:13,1
DA:14,0
LF:5
LH:4
end_of_record
TN:
SF:t.f194e68ae27f2c9ceaaa09aec478ab37ff57ba43de8e77c924c9608d7fbe3e97
DA:6,1
DA:9,1
DA:11,1
DA:14,1
LF:4
LH:4
end_of_record
TN:
SF:t.f241aab3930923540a456aaed78bbc595f35248f29a553394df117a94189f569
DA:6,1
DA:9,1
DA:11,1
DA:14,1
LF:4
LH:4
end_of_record
TN:
SF:t.f29d78427e041a2afeaef95c9d0cdd1b92770dce0f60dd1845fed5a4df827c0d
DA:5,1
DA:8,1
DA:9,1
DA:13,1
DA:14,0
LF:5
LH:4
end_of_record
TN:
SF:t.f2e2e04ca9a78f704c54cf281084c9bc5d23ca64d49e453fbc7530a8f3dcdd79
DA:6,1
DA:9,1
DA:11,1
DA:14,1
LF:4
LH:4
end_of_record
TN:
SF:t.f3695154c3427bdf53db1fdf0958f7fa584cb6f1f5b8ec4d530ff690ee58322c
DA:5,1
DA:8,1
DA:9,1
DA:13,1
DA:14,0
LF:5
LH:4
end_of_record
TN:
SF:t.f4ea2db80f5bed61093fdadae5c4d501a8e1a71c63119b20bec3795c56083d70
DA:3,9
LF:1
LH:1
end_of_record
TN:
SF:t.f4fddb5fccd19ffb5443da1b4e19fa53751f71bc4ed0559f3e0cdc6ad9a479c9
DA:6,1
DA:9,1
DA:11,1
DA:14,1
LF:4
LH:4
end_of_record
TN:
SF:t.f5774d0dc0541492b1fca7ff390e7ef5b6c7b01956d68691b1ab08abe37132ae
DA:5,1
DA:8,1
DA:9,1
DA:13,1
DA:14,0
LF:5
LH:4
end_of_record
TN:
SF:t.f5eeee81071108fbd2ed2cb0247629db3d8c65ad234eda1afe35c466e22daba6
DA:6,1
DA:9,1
DA:11,1
DA:14,1
LF:4
LH:4
end_of_record
TN:
SF:t.f665fd8b033f4358cb64212c1fefc07d9374b850b8840d82cbf0269f05efc377
DA:5,1
DA:8,1
DA:9,1
DA:13,1
DA:14,0
LF:5
LH:4
end_of_record
TN:
SF:t.f6bffc1177def020d1d56d6725cb2e7c6cdf44cda8bf0699127c7af144c68c24
DA:5,1
DA:8,1
DA:9,1
DA:13,1
DA:14,0
LF:5
LH:4
end_of_record
TN:
SF:t.f72dcc36f9c73dcd0068bef26f20e62ac1c247bbce980c18a003514e409d2957
DA:6,1
DA:9,1
DA:11,1
DA:14,1
LF:4
LH:4
end_of_record
TN:
SF:t.f7a42658ca73f7d20ae1806c12f3167722e5796710f0fb385d580bf7bb05b0f6
DA:5,1
DA:8,1
DA:9,1
DA:13,1
DA:14,0
LF:5
LH:4
end_of_record
TN:
SF:t.f7ae828b6ab4703787c1ddfb167f29e96de2b8c2d1290a0be93c0803a0def5cb
DA:6,1
DA:9,1
DA:11,1
DA:14,1
LF:4
LH:4
end_of_record
TN:
SF:t.f7c39f63fedb712a16378e8f7e52b04bdb3cbab9ba587b29dfb5c900214032c7
DA:6,1
DA:9,1
DA:11,1
DA:14,1
LF:4
LH:4
end_of_record
TN:
SF:t.f89974c53d5977451fcf54aec7d96b50f07b96ba7b856212d49296337599230e
DA:5,1
DA:8,1
DA:9,1
DA:13,1
DA:14,0
LF:5
LH:4
end_of_record
TN:
SF:t.f8d21b5cb311af27558dcc7b695f7b9e059d40ab5ab97a4b79dc827cf25e48ae
DA:5,1
DA:8,1
DA:9,1
DA:13,1
DA:14,0
LF:5
LH:4
end_of_record
TN:
SF:t.f93f728992de8ad35ff9eecd42a24b7e69243efc958d65b807e2de92e85d9e48
DA:6,1
DA:9,1
DA:11,1
DA:14,1
LF:4
LH:4
end_of_record
TN:
SF:t.f97e4ed4d7d6866509a1b2750a05517cd8d7e718ecb53b9c95f9dba04b249f2c
DA:5,1
DA:8,1
DA:9,1
DA:13,1
DA:14,0
LF:5
LH:4
end_of_record
TN:
SF:t.f9c34e05f0264167ca368398ab710b153da1eac900a214649a7b26299968e83c
DA:6,1
DA:9,1
DA:11,1
DA:14,1
LF:4
LH:4
end_of_record
TN:
SF:t.fb4e42469800c0d6059ed052ddb2bc6d270c5dca4d714c2c235afda5019d82ab
DA:3,1
DA:4,1
LF:2
LH:2
end_of_record
TN:
SF:t.fb52372672dd432552b046af98d1cef19dde80dc1871a78c1b0bb0d570bcda5f
DA:6,1
DA:9,1
DA:11,1
DA:14,1
LF:4
LH:4
end_of_record
TN:
SF:t.fc9658079096cd4e6273c84d2ea468c539c52e5b099e548e9829310a1df78a23
DA:5,1
DA:8,1
DA:9,1
DA:13,1
DA:14,0
LF:5
LH:4
end_of_record
TN:
SF:t.fcbfef3d335bdd5a6481f77d35a9f49b0320b6727920436e172a9183d2daf7c3
DA:3,9
LF:1
LH:1
end_of_record
TN:
SF:t.fd80ad58e70e97a55f30de4256ed2a6e94cf3bea4f8ef88001dc735dace221c4
DA:6,1
DA:9,1
DA:11,1
DA:14,1
LF:4
LH:4
end_of_record
TN:
SF:t.fe16b6c9fa198b1021f490206f17369d61e43c68c733f764942409d3f20d4eb2
DA:6,1
DA:9,1
DA:11,1
DA:14,1
LF:4
LH:4
end_of_record
TN:
SF:t.fe175207f47fcf9d1deeed51db87640bc26f673d75eb2d3315fcd16e3dba95a2
DA:6,1
DA:9,1
DA:11,1
DA:14,1
LF:4
LH:4
end_of_record
TN:
SF:t.fe634a5a52afda1f3f2d60526277e077fbe253075a9d3479893d7d24975fb1ea
DA:5,1
DA:8,1
DA:9,1
DA:13,1
DA:14,0
LF:5
LH:4
end_of_record
TN:
SF:t.feb3282c16c84ecbe32b56a70587f8ba6a3f0fca7f6e710c935b9df1720145b7
DA:6,1
DA:9,1
DA:11,1
DA:14,1
LF:4
LH:4
end_of_record
TN:
SF:t.ff650e117bfef529835bfe27f3af988dfb58707ef0a941ef1bea8997ac610bce
DA:6,1
DA:9,1
DA:11,1
DA:14,1
LF:4
LH:4
end_of_record
TN:
SF:t.ffa3df30714bc1ca1d96eaa1faf8ef8919b42aee2278e6d3871f4c36133ed9e4
DA:3,9
LF:1
LH:1
end_of_record
TN:
SF:t.ffc196b6dbfcf3bfd0bf4b83acea737eb8e2cefacbdacea571c21165d0fc4d43
DA:5,1
DA:8,1
DA:9,1
DA:13,1
DA:14,0
LF:5
LH:4
end_of_record
