TN:
SF:./cadence/contracts/TidalProtocol.cdc
DA:59,0
DA:62,0
DA:63,0
DA:64,0
DA:68,0
DA:72,0
DA:73,0
DA:77,0
DA:79,0
DA:80,0
DA:81,0
DA:83,0
DA:86,0
DA:90,0
DA:93,0
DA:94,0
DA:96,0
DA:97,0
DA:99,0
DA:107,63
DA:109,63
DA:110,50
DA:111,13
DA:112,1
DA:113,12
DA:116,1
DA:118,11
DA:121,63
DA:130,27
DA:131,27
DA:132,27
DA:149,1
DA:150,1
DA:154,0
DA:161,0
DA:164,0
DA:167,0
DA:171,0
DA:174,0
DA:176,0
DA:178,0
DA:182,0
DA:185,0
DA:187,0
DA:188,0
DA:192,0
DA:193,0
DA:199,0
DA:206,0
DA:209,0
DA:212,0
DA:216,0
DA:219,0
DA:222,0
DA:224,0
DA:228,0
DA:231,0
DA:233,0
DA:234,0
DA:238,0
DA:239,0
DA:261,92
DA:262,92
DA:263,92
DA:264,92
DA:265,92
DA:266,92
DA:267,92
DA:271,0
DA:275,0
DA:283,0
DA:290,0
DA:297,227
DA:298,227
DA:300,227
DA:312,3
DA:313,3
DA:315,3
DA:321,8
DA:322,8
DA:323,8
DA:325,8
DA:326,160
DA:327,64
DA:329,160
DA:330,160
DA:333,8
DA:340,5
DA:341,5
DA:348,4
DA:349,4
DA:369,0
DA:370,0
DA:375,0
DA:376,0
DA:381,2
DA:382,2
DA:383,2
DA:384,2
DA:385,2
DA:388,2
DA:389,0
DA:390,0
DA:392,0
DA:399,0
DA:404,2
DA:410,0
DA:411,0
DA:412,0
DA:413,0
DA:416,0
DA:417,0
DA:420,0
DA:423,0
DA:424,0
DA:425,0
DA:429,0
DA:432,0
DA:433,0
DA:438,132
DA:439,132
DA:440,132
DA:441,132
DA:442,132
DA:443,132
DA:444,132
DA:445,132
DA:446,132
DA:447,132
DA:448,132
DA:505,2
DA:506,2
DA:507,0
DA:512,103
DA:515,103
DA:516,103
DA:521,103
DA:522,103
DA:523,103
DA:524,103
DA:525,103
DA:526,103
DA:527,103
DA:528,103
DA:529,103
DA:547,33
DA:548,30
DA:549,30
DA:550,30
DA:551,30
DA:555,29
DA:562,29
DA:565,29
DA:570,19
DA:575,10
DA:580,0
DA:581,0
DA:582,0
DA:586,0
DA:587,0
DA:588,0
DA:591,0
DA:592,0
DA:600,0
DA:601,0
DA:603,0
DA:606,0
DA:609,0
DA:612,0
DA:618,0
DA:624,0
DA:625,0
DA:628,0
DA:629,0
DA:630,0
DA:634,0
DA:635,0
DA:636,0
DA:643,0
DA:644,0
DA:646,0
DA:648,0
DA:650,0
DA:651,0
DA:653,0
DA:658,0
DA:659,0
DA:663,0
DA:664,0
DA:666,0
DA:669,0
DA:672,0
DA:675,0
DA:676,0
DA:679,0
DA:684,0
DA:695,0
DA:696,0
DA:697,0
DA:701,0
DA:702,0
DA:710,0
DA:711,0
DA:713,0
DA:721,0
DA:723,0
DA:725,0
DA:728,0
DA:730,0
DA:738,0
DA:743,0
DA:745,0
DA:746,0
DA:749,0
DA:754,0
DA:756,0
DA:760,0
DA:761,0
DA:764,0
DA:767,0
DA:770,0
DA:773,0
DA:775,0
DA:780,0
DA:782,0
DA:785,0
DA:787,0
DA:789,0
DA:790,0
DA:793,0
DA:795,0
DA:797,0
DA:798,0
DA:808,0
DA:809,0
DA:811,0
DA:813,0
DA:816,0
DA:818,0
DA:819,0
DA:820,0
DA:826,0
DA:827,0
DA:829,0
DA:831,0
DA:832,0
DA:833,0
DA:834,0
DA:841,0
DA:842,0
DA:844,0
DA:845,0
DA:853,0
DA:855,0
DA:856,0
DA:858,0
DA:867,0
DA:868,0
DA:872,0
DA:873,0
DA:878,6
DA:880,6
DA:881,0
DA:882,0
DA:883,0
DA:885,0
DA:893,6
DA:905,89
DA:908,89
DA:909,89
DA:911,89
DA:912,0
DA:913,0
DA:914,0
DA:915,0
DA:919,0
DA:920,0
DA:921,0
DA:923,0
DA:927,0
DA:928,0
DA:929,0
DA:934,89
DA:935,89
DA:937,0
DA:942,23
DA:943,23
DA:946,23
DA:947,23
DA:949,23
DA:950,0
DA:951,0
DA:952,0
DA:953,0
DA:956,0
DA:958,0
DA:960,0
DA:963,0
DA:965,0
DA:969,23
DA:973,92
DA:974,92
DA:975,92
DA:976,92
DA:982,7
DA:983,7
DA:984,7
DA:986,0
DA:991,14
DA:992,14
DA:994,14
DA:995,0
DA:996,0
DA:998,0
DA:1002,0
DA:1009,14
DA:1011,14
DA:1025,4
DA:1045,4
DA:1048,0
DA:1051,4
DA:1052,4
DA:1054,4
DA:1055,4
DA:1057,4
DA:1058,0
DA:1061,0
DA:1064,0
DA:1070,0
DA:1071,0
DA:1076,0
DA:1079,0
DA:1083,0
DA:1086,0
DA:1095,4
DA:1100,4
DA:1102,0
DA:1107,4
DA:1109,4
DA:1112,0
DA:1116,0
DA:1117,0
DA:1121,0
DA:1124,0
DA:1130,0
DA:1133,0
DA:1134,0
DA:1137,0
DA:1139,0
DA:1146,0
DA:1147,0
DA:1148,0
DA:1163,4
DA:1164,4
DA:1167,4
DA:1170,4
DA:1176,17
DA:1194,17
DA:1197,0
DA:1200,17
DA:1201,17
DA:1203,17
DA:1204,17
DA:1206,17
DA:1207,0
DA:1209,0
DA:1212,0
DA:1216,0
DA:1217,0
DA:1222,0
DA:1225,0
DA:1229,0
DA:1232,0
DA:1241,17
DA:1246,17
DA:1248,17
DA:1253,0
DA:1255,0
DA:1258,0
DA:1262,0
DA:1263,0
DA:1267,0
DA:1270,0
DA:1276,0
DA:1279,0
DA:1280,0
DA:1283,0
DA:1285,0
DA:1291,0
DA:1292,0
DA:1301,0
DA:1303,0
DA:1305,0
DA:1310,2
DA:1311,2
DA:1312,2
DA:1314,0
DA:1315,0
DA:1317,0
DA:1320,0
DA:1324,0
DA:1325,0
DA:1330,0
DA:1333,0
DA:1336,0
DA:1337,0
DA:1341,0
DA:1352,0
DA:1353,0
DA:1354,0
DA:1356,0
DA:1357,0
DA:1359,0
DA:1362,0
DA:1366,0
DA:1367,0
DA:1372,0
DA:1375,0
DA:1378,0
DA:1379,0
DA:1383,0
DA:1394,0
DA:1395,0
DA:1396,0
DA:1397,0
DA:1398,0
DA:1399,0
DA:1405,0
DA:1408,0
DA:1409,0
DA:1410,0
DA:1411,0
DA:1413,0
DA:1415,0
DA:1417,0
DA:1421,0
DA:1422,0
DA:1425,0
DA:1431,0
DA:1441,0
DA:1442,0
DA:1447,0
DA:1448,0
DA:1453,0
DA:1454,0
DA:1459,0
DA:1460,0
DA:1465,0
DA:1474,0
DA:1483,0
DA:1493,0
DA:1498,0
DA:1499,0
DA:1504,0
DA:1505,0
DA:1510,0
DA:1515,0
DA:1516,0
DA:1525,0
DA:1530,0
DA:1531,0
DA:1540,0
DA:1545,0
DA:1546,0
DA:1559,0
DA:1560,0
DA:1571,0
DA:1572,0
DA:1576,0
DA:1577,0
DA:1587,0
DA:1593,0
DA:1598,100
DA:1603,3
DA:1604,3
DA:1610,0
DA:1626,0
DA:1631,0
DA:1640,0
DA:1642,0
DA:1647,0
DA:1653,0
DA:1664,0
DA:1672,0
DA:1676,0
DA:1680,0
DA:1692,0
DA:1697,0
DA:1701,0
DA:1702,0
DA:1703,0
DA:1704,0
DA:1709,0
DA:1710,0
DA:1711,0
DA:1723,0
DA:1728,0
DA:1729,0
DA:1730,0
DA:1731,0
DA:1734,0
DA:1738,0
DA:1739,0
DA:1740,0
DA:1741,0
DA:1745,0
DA:1750,0
DA:1751,0
DA:1752,0
DA:1753,0
DA:1766,0
DA:1771,0
DA:1775,0
DA:1776,0
DA:1780,0
DA:1781,0
DA:1782,0
DA:1783,0
DA:1784,0
DA:1797,0
DA:1801,0
DA:1802,0
DA:1806,0
DA:1807,0
DA:1808,0
DA:1809,0
DA:1810,0
DA:1813,0
DA:1818,0
DA:1819,0
DA:1820,0
DA:1821,0
DA:1822,0
DA:1839,104
DA:1843,10
DA:1847,164
DA:1851,107
DA:1852,107
DA:1864,1
DA:1865,1
DA:1866,1
DA:1879,14
DA:1880,14
DA:1881,14
DA:1882,14
DA:1888,23
DA:1891,23
DA:1892,23
DA:1893,23
DA:1894,23
LF:550
LH:157
end_of_record
TN:
SF:./cadence/contracts/MOET.cdc
DA:33,1
DA:37,0
DA:46,0
DA:48,0
DA:53,0
DA:59,0
DA:60,0
DA:71,0
DA:78,0
DA:82,0
DA:86,0
DA:112,47
DA:117,0
DA:118,0
DA:120,0
DA:124,0
DA:128,0
DA:132,0
DA:133,0
DA:134,0
DA:138,0
DA:142,0
DA:146,0
DA:147,0
DA:151,23
DA:152,23
DA:153,23
DA:157,0
DA:170,23
DA:179,23
DA:180,23
DA:181,23
DA:182,23
DA:188,23
DA:190,23
DA:191,23
DA:192,23
DA:193,23
DA:194,23
DA:201,23
DA:202,23
DA:203,23
DA:204,23
DA:205,23
DA:208,23
DA:210,23
DA:214,23
LF:47
LH:24
end_of_record
TN:
SF:./cadence/contracts/TidalPoolGovernance.cdc
DA:62,4
DA:63,4
DA:64,4
DA:65,4
DA:66,4
DA:67,4
DA:88,0
DA:89,0
DA:91,0
DA:96,0
DA:100,0
DA:101,0
DA:114,1
DA:115,1
DA:116,1
DA:117,1
DA:118,1
DA:119,1
DA:120,1
DA:121,1
DA:122,1
DA:123,1
DA:124,1
DA:125,1
DA:126,1
DA:189,0
DA:190,0
DA:192,0
DA:193,0
DA:194,0
DA:195,0
DA:196,0
DA:197,0
DA:198,0
DA:201,0
DA:202,0
DA:203,0
DA:204,0
DA:206,0
DA:217,0
DA:218,0
DA:222,0
DA:223,0
DA:225,0
DA:226,0
DA:228,0
DA:239,0
DA:242,0
DA:244,0
DA:250,0
DA:256,0
DA:257,0
DA:261,0
DA:262,0
DA:264,0
DA:265,0
DA:268,0
DA:273,0
DA:276,0
DA:277,0
DA:278,0
DA:281,0
DA:282,0
DA:284,0
DA:285,0
DA:286,0
DA:288,0
DA:299,0
DA:306,0
DA:312,0
DA:313,0
DA:314,0
DA:317,0
DA:320,0
DA:321,0
DA:322,0
DA:328,0
DA:329,0
DA:330,0
DA:336,0
DA:337,0
DA:338,0
DA:341,0
DA:344,0
DA:345,0
DA:348,0
DA:350,0
DA:352,0
DA:354,0
DA:358,0
DA:359,0
DA:360,0
DA:362,0
DA:370,0
DA:371,0
DA:375,0
DA:378,0
DA:387,0
DA:396,0
DA:402,0
DA:405,0
DA:407,0
DA:409,0
DA:411,0
DA:413,0
DA:415,0
DA:418,0
DA:423,0
DA:426,0
DA:428,0
DA:430,0
DA:432,0
DA:434,0
DA:436,0
DA:443,0
DA:444,0
DA:447,0
DA:448,0
DA:453,0
DA:454,0
DA:457,0
DA:469,0
DA:481,0
DA:485,0
DA:489,3
DA:490,3
DA:491,3
DA:492,3
DA:494,3
DA:495,3
DA:496,3
DA:497,3
LF:132
LH:27
end_of_record
TN:
SF:S../test_helpers.cdc
DA:7,1
DA:12,1
DA:15,1
DA:20,1
DA:23,1
DA:28,1
DA:33,0
DA:37,0
DA:44,0
DA:45,0
DA:47,0
DA:52,0
DA:59,0
DA:66,0
DA:67,0
DA:68,0
DA:75,0
DA:82,0
DA:83,0
DA:92,0
DA:93,0
DA:94,0
DA:98,0
DA:99,0
DA:103,0
DA:107,0
DA:111,1
DA:117,1
DA:124,0
DA:125,0
DA:128,0
DA:134,0
DA:143,0
DA:150,0
DA:162,0
DA:169,0
DA:170,0
DA:175,0
DA:180,0
DA:181,0
DA:182,0
DA:183,0
DA:195,0
DA:202,0
DA:203,0
DA:204,0
LF:46
LH:8
end_of_record
TN:
SF:s.4bd263ed5ee5f2e096a5b53992253373b2ed5c7e6a4061ce6641aec121180345
DA:1,1
LF:1
LH:1
end_of_record
TN:
SF:s.7e44a50af884c0dd03ab4ebd995e4f8b84876b77875b20fa97f2a1c90a099994
DA:6,1
DA:7,1
DA:10,1
DA:11,1
DA:14,1
DA:15,1
DA:18,1
DA:19,1
DA:22,1
DA:23,1
DA:24,1
DA:27,1
LF:12
LH:12
end_of_record
TN:
SF:s.d6aa8b512c55c0ea49c321ad032baf7ef5e662a7d457c5794fb3ee957a006e7d
DA:6,1
DA:7,1
DA:10,1
DA:11,1
DA:12,1
DA:15,1
DA:18,1
DA:19,1
DA:22,1
DA:25,1
DA:28,1
LF:11
LH:11
end_of_record
TN:
SF:t.001aea5939fa9f2d3898d36a68fdffb99f852b55cff7175a9342a635c0cc6f6b
DA:6,1
DA:9,1
DA:11,1
DA:14,1
LF:4
LH:4
end_of_record
TN:
SF:t.001f71f6abeb4f300067fa8e4cd483068e0d4edf4d75b57a306dde7b9f93bc27
DA:5,1
DA:8,1
DA:9,1
DA:13,1
DA:14,0
LF:5
LH:4
end_of_record
TN:
SF:t.00979e9bc2a91f91c469dba63da26bdd030bf70108257128c3e6d7ab8b2d7c18
DA:6,1
DA:9,1
DA:11,1
DA:14,1
LF:4
LH:4
end_of_record
TN:
SF:t.00c0c0997973c336bfedab1dda3ab8f7becefb6bd6784dc02f56744d4a0fb281
DA:6,1
DA:9,1
DA:11,1
DA:14,1
LF:4
LH:4
end_of_record
TN:
SF:t.00f0818662a8242ca52ff939bba20cac724773e113da892f6920dca81ce1ffc9
DA:4,1
LF:1
LH:1
end_of_record
TN:
SF:t.0151a95848fe94fa4874255fdf35eda9090d9d28f4d9cdecd5900c63246804f5
DA:6,1
DA:9,1
DA:11,1
DA:14,1
LF:4
LH:4
end_of_record
TN:
SF:t.018d3c8bf64524f667d8a1718c3196049002b98820465378f1d8568b26c42995
DA:6,1
DA:9,1
DA:11,1
DA:14,1
LF:4
LH:4
end_of_record
TN:
SF:t.01b1a00775d7baadb5426b2dd162e35964c75fe8dfffce4e2627cc0d47420c52
DA:5,1
DA:8,1
DA:9,1
DA:13,1
DA:14,0
LF:5
LH:4
end_of_record
TN:
SF:t.020ab639982a16c7d231b4bddcafac4429d9407fe304476381cc9f6eef92307e
DA:6,1
DA:9,1
DA:11,1
DA:14,1
LF:4
LH:4
end_of_record
TN:
SF:t.021a6e8d0c67a65ec654a5079b736ec407c37a567d6f1b7d9204d08f2b089ba1
DA:5,1
DA:8,1
DA:9,1
DA:13,1
DA:14,0
LF:5
LH:4
end_of_record
TN:
SF:t.026f90869651b69ab50ffd237d91b9c922f156deb088931a8eb91b300c3ae1c6
DA:6,1
DA:9,1
DA:11,1
DA:14,1
LF:4
LH:4
end_of_record
TN:
SF:t.02bcb999995167a65b7fb7ce972aa8b356edbe2accf83018e5182ead6476f6f3
DA:5,1
DA:8,1
DA:9,1
DA:13,1
DA:14,0
LF:5
LH:4
end_of_record
TN:
SF:t.02f18ecf9a9f16f5ca1a00fd460217c30dfc6e1e9e97afab4023e5f9f7669a19
DA:6,1
DA:9,1
DA:11,1
DA:14,1
LF:4
LH:4
end_of_record
TN:
SF:t.0327876ca8d46069fb6510c08f9625d9785c0ffda7ac73f08b97c117fb3640ce
DA:6,1
DA:9,1
DA:11,1
DA:14,1
LF:4
LH:4
end_of_record
TN:
SF:t.032a57f64d9d92f3e8b1e657cc06b7218d8ab913a705842468e6a8535d8f45a7
DA:5,1
DA:8,1
DA:9,1
DA:13,1
DA:14,0
LF:5
LH:4
end_of_record
TN:
SF:t.0338042848b98b26264247cc4a5799566f548961e81f8c215bc2e53dd1f0ea2d
DA:5,1
DA:8,1
DA:9,1
DA:13,1
DA:14,0
LF:5
LH:4
end_of_record
TN:
SF:t.033e35155663d5be331507bed1fca629409c1b64ed8c16213954253b4a75ffbf
DA:6,1
DA:9,1
DA:11,1
DA:14,1
LF:4
LH:4
end_of_record
TN:
SF:t.039e0cfd290149bcb1700b3d56a7972dcdc34fd71cb28ad5fe6565cc64dd57b1
DA:6,1
DA:9,1
DA:11,1
DA:14,1
LF:4
LH:4
end_of_record
TN:
SF:t.03abc7628c71b2dddfc85d24834d1276c4f4ee829bec632049aed57d055652e0
DA:6,1
DA:9,1
DA:11,1
DA:14,1
LF:4
LH:4
end_of_record
TN:
SF:t.03d654c8e81c12092b26478b6547a50bec4f7423d2ced9cdd29df8d9729e19c4
DA:6,1
DA:9,1
DA:11,1
DA:14,1
LF:4
LH:4
end_of_record
TN:
SF:t.04416894bb0a1cf6c164b5c4723482a2c4f80cd96083cccc5899e525af0dcca9
DA:5,1
DA:8,1
DA:9,1
DA:13,1
DA:14,0
LF:5
LH:4
end_of_record
TN:
SF:t.0496571dcd0c9072b8e06a3e860ca92e32fec521502ba59556be8f6fe2f4e4c4
DA:6,1
DA:9,1
DA:11,1
DA:14,1
LF:4
LH:4
end_of_record
TN:
SF:t.04b3d4c7b45e8c987e840607008028ee05c1b6615b4bc0985955ac453091d4c1
DA:6,1
DA:9,1
DA:11,1
DA:14,1
LF:4
LH:4
end_of_record
TN:
SF:t.04b9fcb1d00344cb7c68ff5de8e8059cf6708e27289a0233762c65f59c5534ae
DA:6,1
DA:9,1
DA:11,1
DA:14,1
LF:4
LH:4
end_of_record
TN:
SF:t.04c131d724b872dde54e4dea269d89db953d1eb3022aac275d4b07f07a17b84f
DA:6,1
DA:9,1
DA:11,1
DA:14,1
LF:4
LH:4
end_of_record
TN:
SF:t.05080aa73f897393c0e10d447025c9c4041f08cf2ebc548e2235641cf0f05387
DA:5,1
DA:8,1
DA:9,1
DA:13,1
DA:14,0
LF:5
LH:4
end_of_record
TN:
SF:t.05124047b3289a1a5605bd8f0329e3897ab41f80ce0722d9826703413e6feb63
DA:6,1
DA:9,1
DA:11,1
DA:14,1
LF:4
LH:4
end_of_record
TN:
SF:t.052c3fa0ef81a0a2efa333ff83a2d18aa446464b0715ab6c709bcafcf30e8d7d
DA:5,1
DA:8,1
DA:9,1
DA:13,1
DA:14,0
LF:5
LH:4
end_of_record
TN:
SF:t.052c78cc87fd45b2dee5be312507d13f4f1acac72297b0c3bacf84f2bac9bddd
DA:6,1
DA:9,1
DA:11,1
DA:14,1
LF:4
LH:4
end_of_record
TN:
SF:t.054058b70d9e1de0f5e568edb8131fcb0ac2af6194b34b6076411aec34e297c8
DA:5,1
DA:8,1
DA:9,1
DA:13,1
DA:14,0
LF:5
LH:4
end_of_record
TN:
SF:t.0553ca24844f8b39dc5a638f3ddb164475ac7246fde676ab86633438fbcc7a10
DA:5,1
DA:8,1
DA:9,1
DA:13,1
DA:14,0
LF:5
LH:4
end_of_record
TN:
SF:t.0595d8707e03aaacacf5a5b3b3877244ac5ca19ce5d4339cc945fa1a68850130
DA:6,1
DA:9,1
DA:11,1
DA:14,1
LF:4
LH:4
end_of_record
TN:
SF:t.05ec7cfdfb53e142999b04fa78b1c411862ad477568dee389b388c9aed6d8ba4
DA:3,1
LF:1
LH:1
end_of_record
TN:
SF:t.061d2a507e1ef4b9068565931e55dd27e040ca30b27da5667667632ff09a3fac
DA:6,1
DA:9,1
DA:11,1
DA:14,1
LF:4
LH:4
end_of_record
TN:
SF:t.06519b1fa4e13f2ee0f64e2e94ad21faa8a216cc62799ec60f3b8185ca911cdc
DA:6,1
DA:9,1
DA:11,1
DA:14,1
LF:4
LH:4
end_of_record
TN:
SF:t.06576d9e2b6ba960034376b24f4f41c438cfb12600a3772e20d6133b8a49b077
DA:6,1
DA:9,1
DA:11,1
DA:14,1
LF:4
LH:4
end_of_record
TN:
SF:t.067c4a7143166dff6b24807f4384983f5e3368bf42b455b75ccff48802c82268
DA:6,1
DA:9,1
DA:11,1
DA:14,1
LF:4
LH:4
end_of_record
TN:
SF:t.06a6fd765cdb8bcc952e1eae5da9223d706b2f8b92c6a50b26d21500a6645ae3
DA:6,1
DA:9,1
DA:11,1
DA:14,1
LF:4
LH:4
end_of_record
TN:
SF:t.06b608dba6a41b140149f5d4853266c3c23ce105f07ffae29a70f62d9a9066e7
DA:5,1
DA:8,1
DA:9,1
DA:13,1
DA:14,0
LF:5
LH:4
end_of_record
TN:
SF:t.06f4c45c170873e6223f9def4e1e6b161ff6599705e6944bdc913f7e3ced021b
DA:5,1
DA:8,1
DA:9,1
DA:13,1
DA:14,0
LF:5
LH:4
end_of_record
TN:
SF:t.0702d99dc003b7551ce95e613e6f88a3c2552d76593395e4233ebc4b1e6473c0
DA:5,1
DA:8,1
DA:9,1
DA:13,1
DA:14,0
LF:5
LH:4
end_of_record
TN:
SF:t.075f8888725d6a49cb03330e670363bc571a90d3159042a5c694763b3b27f89d
DA:6,1
DA:9,1
DA:11,1
DA:14,1
LF:4
LH:4
end_of_record
TN:
SF:t.077b7acb1826d7c8ec531448fc73df6aaa660a68050df011ba37f4b262c98cda
DA:5,1
DA:8,1
DA:9,1
DA:13,1
DA:14,0
LF:5
LH:4
end_of_record
TN:
SF:t.0789f4ccb8b92a397646845c2f4fd58cf06dc62b2b65218b38edca362f15690b
DA:5,1
DA:8,1
DA:9,1
DA:13,1
DA:14,0
LF:5
LH:4
end_of_record
TN:
SF:t.07f137fb2a94362b36940f5424d8834b7db19fb600a257eeb4aeb400f21408ee
DA:6,1
DA:9,1
DA:11,1
DA:14,1
LF:4
LH:4
end_of_record
TN:
SF:t.0803c529be8e364492ae24e298c904355b3ac70405a9c3516e0e74902a550529
DA:6,1
DA:9,1
DA:11,1
DA:14,1
LF:4
LH:4
end_of_record
TN:
SF:t.081272075e2e1c6cd937020dcd049af55cbff4a9760bad8f05f471ce0c520c3d
DA:6,1
DA:9,1
DA:11,1
DA:14,1
LF:4
LH:4
end_of_record
TN:
SF:t.083869e3c2ab587b05bf64f34f41863e1279f81b9c959b21c7e6b91face41f45
DA:6,1
DA:9,1
DA:11,1
DA:14,1
LF:4
LH:4
end_of_record
TN:
SF:t.08544b15cbe85a023fbef94b746becfe929461918d0a51df4c047526bdba7f66
DA:6,1
DA:9,1
DA:11,1
DA:14,1
LF:4
LH:4
end_of_record
TN:
SF:t.0855cf61eebf59369c31559ccfb0f215a057f5bbe3f7f0297ecfb86d6016ced8
DA:5,1
DA:8,1
DA:9,1
DA:13,1
DA:14,0
LF:5
LH:4
end_of_record
TN:
SF:t.08572f8c1c5ce360bcc1f297677d11223dab05bab3f0502c95f435bab85e339b
DA:6,1
DA:9,1
DA:11,1
DA:14,1
LF:4
LH:4
end_of_record
TN:
SF:t.0867ecb5d876aa9d7b2bc03812f26af84a1067e0117447e88411b38a858c8406
DA:6,1
DA:9,1
DA:11,1
DA:14,1
LF:4
LH:4
end_of_record
TN:
SF:t.086e3bb75a5fe4d96741180a9d774bed9b0cab2f3f40f6f86d60d2eae41b2e84
DA:6,1
DA:9,1
DA:11,1
DA:14,1
LF:4
LH:4
end_of_record
TN:
SF:t.089833d285884dcf5976a68ed5a96759376cf436a552fc1b3149f08417322010
DA:12,24
DA:17,24
LF:2
LH:2
end_of_record
TN:
SF:t.098a083774ff9f82fa3506981608a7f00f538979e23f64ac4078a44ca97dbe60
DA:5,1
DA:8,1
DA:9,1
DA:13,1
DA:14,0
LF:5
LH:4
end_of_record
TN:
SF:t.098c5e0aaf79f3233a2c1b0a2760a13dd16eecc62d4ce8e3c41819bfd59396d8
DA:5,1
DA:8,1
DA:9,1
DA:13,1
DA:14,0
LF:5
LH:4
end_of_record
TN:
SF:t.09bdb53ec73d53a9bd771987d2a33f29f3237ae1e95eb53fbdeac3b4e56ff565
DA:6,1
DA:9,1
DA:11,1
DA:14,1
LF:4
LH:4
end_of_record
TN:
SF:t.09cdc1dc6e916ec7d46cb6225d9ade8725b92444810ddf6905202137293c1aee
DA:5,1
DA:8,1
DA:9,1
DA:13,1
DA:14,0
LF:5
LH:4
end_of_record
TN:
SF:t.09de49f4fcfb6e767dcda4a027b54cf8d6eb91394a03a2159d2342346bda3c72
DA:6,1
DA:9,1
DA:11,1
DA:14,1
LF:4
LH:4
end_of_record
TN:
SF:t.09e554753210a45241d9acb9a14e4731b90f2e0b0d9843be2c3e817e7fdbd535
DA:6,1
DA:9,1
DA:11,1
DA:14,1
LF:4
LH:4
end_of_record
TN:
SF:t.0a1599cd65fd114b555615f47f3557d502ba73b0c4f1688e7043588a91649f15
DA:5,1
DA:8,1
DA:9,1
DA:13,1
DA:14,0
LF:5
LH:4
end_of_record
TN:
SF:t.0a5757087342d7ea382c89522b0cab88b1111c5092f3cba26afb53888f7e1e01
DA:6,1
DA:9,1
DA:11,1
DA:14,1
LF:4
LH:4
end_of_record
TN:
SF:t.0ab07461f450a87a5e3b32bd41a1d6335402524443869559f53a69ac07f43661
DA:5,1
DA:8,1
DA:9,1
DA:13,1
DA:14,0
LF:5
LH:4
end_of_record
TN:
SF:t.0ac676bef5ac504e65dd1612f164d15a5c0f4bcf3ca5936ff5f1532130780c0b
DA:6,1
DA:9,1
DA:11,1
DA:14,1
LF:4
LH:4
end_of_record
TN:
SF:t.0aceeb4954800216421c5740c8cf41926d3a463c9bfe3453c7fa430e2a927b7d
DA:5,1
DA:8,1
DA:9,1
DA:13,1
DA:14,0
LF:5
LH:4
end_of_record
TN:
SF:t.0ad52d84d8e244c742f38f4f5d41528f7d8c3066695942c26cc7c8c113dd03a5
DA:6,1
DA:9,1
DA:11,1
DA:14,1
LF:4
LH:4
end_of_record
TN:
SF:t.0ad8a0007abb053745ee6a159b01a24c2a23db1a6d3efd0fc7c9c21cb84cf6fd
DA:3,1
DA:4,1
LF:2
LH:2
end_of_record
TN:
SF:t.0b03a5bad359db30e7a7f518cdfe92e05c81098229626c232e4cfbf42b2251a8
DA:6,1
DA:9,1
DA:11,1
DA:14,1
LF:4
LH:4
end_of_record
TN:
SF:t.0b157502cf66888489bda3ebb30d82b8c661d17642e29d66abd330a3ec88cf78
DA:6,1
DA:9,1
DA:11,1
DA:14,1
LF:4
LH:4
end_of_record
TN:
SF:t.0b3eb88c4dbe3f18b702a9fe8f59c3fd1567cac1280306859077449210fc955e
DA:6,1
DA:9,1
DA:11,1
DA:14,1
LF:4
LH:4
end_of_record
TN:
SF:t.0b9d9d2894a3ca140d9f97618d2fb9ae7743204962fa1f246d59037c987b2fae
DA:4,1
LF:1
LH:1
end_of_record
TN:
SF:t.0babe48f8f85ac0740914a753b9ba6f0b4c4517746c0ba93cc18d3c9535ae3ec
DA:5,1
DA:8,1
DA:9,1
DA:13,1
DA:14,0
LF:5
LH:4
end_of_record
TN:
SF:t.0bb05315e01b28b9de18246152083a1a530f44a47ea642efe0e19285504a0e2c
DA:5,1
DA:8,1
DA:9,1
DA:13,1
DA:14,0
LF:5
LH:4
end_of_record
TN:
SF:t.0bb4199c1b15df7f72b47bbb468b79c4d812e4a7607f128fb06c594ba2c327c5
DA:6,1
DA:9,1
DA:11,1
DA:14,1
LF:4
LH:4
end_of_record
TN:
SF:t.0bdbf2244bcfae0edc785d421e34de680b0883dd283619fd9dcc3238ab6c75c2
DA:6,1
DA:9,1
DA:11,1
DA:14,1
LF:4
LH:4
end_of_record
TN:
SF:t.0be7c7e49f31c1a8a8cff970ef04e61207cb9a5a47282fe29dd7e8448e11e7d6
DA:6,1
DA:9,1
DA:11,1
DA:14,1
LF:4
LH:4
end_of_record
TN:
SF:t.0c0dc02964804b2e5bc1885a67d17122098a50c04b4b8830fdf6f0f3f4078b1c
DA:5,1
DA:8,1
DA:9,1
DA:13,1
DA:14,0
LF:5
LH:4
end_of_record
TN:
SF:t.0c2e1a63b140d50812da5d4721c2d5a58b2a526b612cc7b488041170b45f2c14
DA:6,1
DA:9,1
DA:11,1
DA:14,1
LF:4
LH:4
end_of_record
TN:
SF:t.0c3c8b1381e5cb5370ed688037b35bb190840318122f42885553b39a7d4cf500
DA:3,1
LF:1
LH:1
end_of_record
TN:
SF:t.0c3d75c063b41123cab6e75b94d98b493d48de54e901f12e8a76ddeaed403b48
DA:5,1
DA:8,1
DA:9,1
DA:13,1
DA:14,0
LF:5
LH:4
end_of_record
TN:
SF:t.0c40339647adc14609913fc70fbf1cf53f8fc6150a4863dbbfe24f2ae0ba28f3
DA:3,24
LF:1
LH:1
end_of_record
TN:
SF:t.0c62ffbe681e188897e046aad082e34ef6d7a08d642f72ef97181c7c128323df
DA:5,1
DA:8,1
DA:9,1
DA:13,1
DA:14,0
LF:5
LH:4
end_of_record
TN:
SF:t.0c973a08fffea6542635069f2223376f70db3aa879a00b23f5a695833d4097e1
DA:5,1
DA:8,1
DA:9,1
DA:13,1
DA:14,0
LF:5
LH:4
end_of_record
TN:
SF:t.0cbeeddb1da4233e35c0c15f2f3b3f7a8a94c00dcfc1fb071e1b53841b3eb232
DA:6,1
DA:9,1
DA:11,1
DA:14,1
LF:4
LH:4
end_of_record
TN:
SF:t.0cc6cf33aa3995b570c23f55ab5fc430ac52e787cbd8a236cf0ce5260246ae93
DA:6,1
DA:9,1
DA:11,1
DA:14,1
LF:4
LH:4
end_of_record
TN:
SF:t.0d181d09631e0c51a213ea15cecbe685a62c47b05dd3ed2d89dd5aeaf9ecaaae
DA:6,1
DA:9,1
DA:11,1
DA:14,1
LF:4
LH:4
end_of_record
TN:
SF:t.0d1acbe3655ca3af022753f5b6e7b115c689ca1f84fb73c3cd03de06a43a2d96
DA:6,1
DA:9,1
DA:11,1
DA:14,1
LF:4
LH:4
end_of_record
TN:
SF:t.0d43fc043df8ed2319642a29ebf9fbf4ddcfd4eba9ee3c5fe885a0577def3f39
DA:6,1
DA:9,1
DA:11,1
DA:14,1
LF:4
LH:4
end_of_record
TN:
SF:t.0d728ba8f659247795274b9497ec07053efc6b1ea0f2f958c367981826f9540b
DA:6,1
DA:9,1
DA:11,1
DA:14,1
LF:4
LH:4
end_of_record
TN:
SF:t.0d9379994d8e935714a61310aa100928785474bae1302dde78c6466673299f9f
DA:6,1
DA:9,1
DA:11,1
DA:14,1
LF:4
LH:4
end_of_record
TN:
SF:t.0d9f47edeaf58019b0c6714c6f4b45f026d2311a0eb9f7ba934e777f7b834c1e
DA:6,1
DA:9,1
DA:11,1
DA:14,1
LF:4
LH:4
end_of_record
TN:
SF:t.0d9fb391fa700b4bd3668881bf8787e6525e1d8ae52fb7ca3cd34309863008a9
DA:6,1
DA:9,1
DA:11,1
DA:14,1
LF:4
LH:4
end_of_record
TN:
SF:t.0dc2ebb1600256dd5c85eee47bed8df45e237991da22426627a3384ba05e8314
DA:5,1
DA:8,1
DA:9,1
DA:13,1
DA:14,0
LF:5
LH:4
end_of_record
TN:
SF:t.0dc525a2fd0bace808f90cb5a5fcf2c037281e957cc9269166579456c1cc1bee
DA:6,1
DA:9,1
DA:11,1
DA:14,1
LF:4
LH:4
end_of_record
TN:
SF:t.0e0c598a8dc5209f427407586eafc56d586ad5c5b5c54117c6160ac212d7a734
DA:5,1
DA:8,1
DA:9,1
DA:13,1
DA:14,0
LF:5
LH:4
end_of_record
TN:
SF:t.0e288956415435c380af3e1a9dbc3871f05525664541bbe9f9bf8c6e96412ccf
DA:6,1
DA:9,1
DA:11,1
DA:14,1
LF:4
LH:4
end_of_record
TN:
SF:t.0e7d7a721a536dcf7814a7943335fd3c2c6ba5a8d3b83939adc992c14b311eff
DA:6,1
DA:9,1
DA:11,1
DA:14,1
LF:4
LH:4
end_of_record
TN:
SF:t.0e8aaa8b83a5d317f78d1e7f3f9889749e472223f0096fe4457e2347bed765a4
DA:6,1
DA:9,1
DA:11,1
DA:14,1
LF:4
LH:4
end_of_record
TN:
SF:t.0eb3da9485b06bccbc96fe0b78bc391c0fc1c79936489b18ced0f0c28ca1a6fe
DA:6,1
DA:9,1
DA:11,1
DA:14,1
LF:4
LH:4
end_of_record
TN:
SF:t.0ec5c377cb7b6b03d8fe2b91952929ce4062c5b42f79b606377914861b812286
DA:5,1
DA:8,1
DA:9,1
DA:13,1
DA:14,0
LF:5
LH:4
end_of_record
TN:
SF:t.0ecad9b972bb6a34ec25eac7e22211a5ad7b503130a346fec046ebb5b5f3beaa
DA:6,1
DA:9,1
DA:11,1
DA:14,1
LF:4
LH:4
end_of_record
TN:
SF:t.0ee4359c27ae5640b19f91b0db33f7c12f8a0bd4adada73d2036b09d1f2808c6
DA:6,1
DA:9,1
DA:11,1
DA:14,1
LF:4
LH:4
end_of_record
TN:
SF:t.0f96c47ee9c300aff970bd04c7cfaf27db6f4ac5ae3f0bf4e80f73464d29b0ed
DA:6,1
DA:9,1
DA:11,1
DA:14,1
LF:4
LH:4
end_of_record
TN:
SF:t.0fcc13ec9414528dcc4553f7521d6677c2c360d96beb0553fdb2b16b995bb2c7
DA:5,1
DA:8,1
DA:9,1
DA:13,1
DA:14,0
LF:5
LH:4
end_of_record
TN:
SF:t.1046f2a12b27b9d333913adac26bb8e25161605823c733eb68398a2fdc98b348
DA:5,1
DA:8,1
DA:9,1
DA:13,1
DA:14,0
LF:5
LH:4
end_of_record
TN:
SF:t.1052f3afd709f2a09d7f0625db650d449e5601677bc447bf98ccae9d3185f48a
DA:6,1
DA:9,1
DA:11,1
DA:14,1
LF:4
LH:4
end_of_record
TN:
SF:t.10546f2fd6106e9e9e47adf6d62e4cb924353b0a6a217cc4048028348f02d40e
DA:5,1
DA:8,1
DA:9,1
DA:13,1
DA:14,0
LF:5
LH:4
end_of_record
TN:
SF:t.10576698857dd265f0170032e6c48bdbe40868561fc2bc9dfedaab553b5f183f
DA:5,1
DA:8,1
DA:9,1
DA:13,1
DA:14,0
LF:5
LH:4
end_of_record
TN:
SF:t.10598ead6c5310f4bba875f560af2baecc4cd4b9ee69641f3306c3fff01c2652
DA:5,1
DA:8,1
DA:9,1
DA:13,1
DA:14,0
LF:5
LH:4
end_of_record
TN:
SF:t.105d8e6b226251ebf58d33c0e997f7a870e85a7dd96d20deb7f75d51a4384b96
DA:6,1
DA:9,1
DA:11,1
DA:14,1
LF:4
LH:4
end_of_record
TN:
SF:t.106ebe28531b0637118b43867960cf783d8cdf73ad4261d89f8e8d7fb510ac50
DA:6,1
DA:9,1
DA:11,1
DA:14,1
LF:4
LH:4
end_of_record
TN:
SF:t.1073087adf9a17e3d7ecc1b58ee32c17dc619b08d992dec8e339126716b0eaab
DA:6,1
DA:9,1
DA:11,1
DA:14,1
LF:4
LH:4
end_of_record
TN:
SF:t.1092683363d8a0de62b85066578df13eafd8eb303197007553162e2282d0c3c5
DA:6,1
DA:9,1
DA:11,1
DA:14,1
LF:4
LH:4
end_of_record
TN:
SF:t.109f8f33bc4945c2d3faff8aee29abc36037e0edfe68bbca32008a7aaaaa0d6f
DA:6,24
DA:10,24
DA:12,24
LF:3
LH:3
end_of_record
TN:
SF:t.110e1bde0102a917183b34a824ef5c7f224f8076fcc79dbfb206b022d469d3f3
DA:3,1
LF:1
LH:1
end_of_record
TN:
SF:t.1147cb889dc5609616ae166b2939935639da246e66d3bf8f723352d31720ad52
DA:6,1
DA:9,1
DA:11,1
DA:14,1
LF:4
LH:4
end_of_record
TN:
SF:t.1168d0db7e22582a82e15504e5d8969dd65fca51b02a92586590398c832311d1
DA:6,1
DA:9,1
DA:11,1
DA:14,1
LF:4
LH:4
end_of_record
TN:
SF:t.1184a705599147cfc635edf218f3c4f111deb3cd851b531f12ffa95a14a3cc35
DA:5,1
DA:8,1
DA:9,1
DA:13,1
DA:14,0
LF:5
LH:4
end_of_record
TN:
SF:t.118662ad2ddfdbeb2e29ea630e1bde2117f45ceb07cfd80437f874868b95a14d
DA:4,1
LF:1
LH:1
end_of_record
TN:
SF:t.11b6d5bdc9cb6dc778a642558f928d2be87d1064aec2a46653b5b472e84eef7e
DA:6,1
DA:9,1
DA:11,1
DA:14,1
LF:4
LH:4
end_of_record
TN:
SF:t.11d1fe91930402cd9c3ba05746ef14fd1f49ff93b781638b38e6401d775ba786
DA:6,1
DA:9,1
DA:11,1
DA:14,1
LF:4
LH:4
end_of_record
TN:
SF:t.11d2b4478b0929dd1ef8626ae2a56550fc868ccbde31c75a822e7e6a89eac728
DA:5,1
DA:8,1
DA:9,1
DA:13,1
DA:14,0
LF:5
LH:4
end_of_record
TN:
SF:t.11f0e16fd0e97d057a36cb78e6a0d317373214510182d1018f58a23b89bb196e
DA:6,1
DA:9,1
DA:11,1
DA:14,1
LF:4
LH:4
end_of_record
TN:
SF:t.11ff9ccfadca269b8e0acd5baaea6009a6722d125b50fb8a6d32a396c40b5d6e
DA:6,1
DA:9,1
DA:11,1
DA:14,1
LF:4
LH:4
end_of_record
TN:
SF:t.1209c6692e11affdff249c9eeaf9e4a0d0776c3a96d9ee88f88362fb9556b459
DA:5,1
DA:8,1
DA:9,1
DA:13,1
DA:14,0
LF:5
LH:4
end_of_record
TN:
SF:t.122ef6a61efa69ed89fa89a98e117d13237f7c13a64a740a5a4b1ddebd7eda65
DA:6,1
DA:9,1
DA:11,1
DA:14,1
LF:4
LH:4
end_of_record
TN:
SF:t.1252e103a31621632708a7eb1720c66600cf2606f85b19db8a981fdd3037cd81
DA:6,1
DA:9,1
DA:11,1
DA:14,1
LF:4
LH:4
end_of_record
TN:
SF:t.12e9d2e87bb44489b9b4bb958f5950aeaabfc904e5d3c6f53ab98150a546ea17
DA:5,1
DA:8,1
DA:9,1
DA:13,1
DA:14,0
LF:5
LH:4
end_of_record
TN:
SF:t.12ec7576dc275dbfe4f9029e58207763bce99a5a6746c6a0924fb90e2e30ebc1
DA:6,1
DA:9,1
DA:11,1
DA:14,1
LF:4
LH:4
end_of_record
TN:
SF:t.12f9cba2a4b5611dea3dac403a4c1237ce60ea2f1c1d85ded3e70e23c5f3e4b1
DA:6,1
DA:9,1
DA:11,1
DA:14,1
LF:4
LH:4
end_of_record
TN:
SF:t.1305ce3390e6c1b09989a1d1b84d3cc20d522942592f4aa7935c48a92664936c
DA:3,1
LF:1
LH:1
end_of_record
TN:
SF:t.130aff22d6df03c419657169cceb0ed066b671bc794fbf6ac89b4165289fc547
DA:5,1
DA:8,1
DA:9,1
DA:13,1
DA:14,0
LF:5
LH:4
end_of_record
TN:
SF:t.13216150523f4567c780a5c2b67bf9ae9344c3c7ab5545fa0f6a1c3163fbb9a2
DA:6,1
DA:9,1
DA:11,1
DA:14,1
LF:4
LH:4
end_of_record
TN:
SF:t.133613231e23583c42a71f30f9b0ea1e4914d94b41fe1e3d2319655ba164cec4
DA:5,1
DA:8,1
DA:9,1
DA:13,1
DA:14,0
LF:5
LH:4
end_of_record
TN:
SF:t.133948a6e4944817a508978d724575f524b4f330ead79a1b60895eca8411303e
DA:5,1
DA:8,1
DA:9,1
DA:13,1
DA:14,0
LF:5
LH:4
end_of_record
TN:
SF:t.133c0f98ebb1cac04310c21a86be60cc4f4a063ea8ab71c19134697838fc1b78
DA:5,1
DA:8,1
DA:9,1
DA:13,1
DA:14,0
LF:5
LH:4
end_of_record
TN:
SF:t.134dcfda7f06c2f4f697f27ced439191eab25c82baaa491671a9c79748aafef3
DA:6,1
DA:9,1
DA:11,1
DA:14,1
LF:4
LH:4
end_of_record
TN:
SF:t.135937db5fbfae07f4c325720c87e7842d7deb03b60a2f704d37ba02e6512096
DA:5,1
DA:8,1
DA:9,1
DA:13,1
DA:14,0
LF:5
LH:4
end_of_record
TN:
SF:t.1399f8e50ff32cf1b6891186dc05ba528ae28d711481ed68187df222603b7e25
DA:4,1
LF:1
LH:1
end_of_record
TN:
SF:t.1407637c4cace29630930c70ed9a674cad1b5f1888d170bfcfeb82580a913f59
DA:6,1
DA:9,1
DA:11,1
DA:14,1
LF:4
LH:4
end_of_record
TN:
SF:t.14316b6be4e5b5e2d21e952506738e037aca0c984e7d1b9a1a87585dbc532080
DA:6,1
DA:9,1
DA:11,1
DA:14,1
LF:4
LH:4
end_of_record
TN:
SF:t.149491e4aecffb856ff70c55989a12887cdced8cddd4d89b067f6de615026c3e
DA:6,1
DA:9,1
DA:11,1
DA:14,1
LF:4
LH:4
end_of_record
TN:
SF:t.14c624455f98e669da01837f2b93070022303cccab3ac7b9edf6308db16459da
DA:6,1
DA:9,1
DA:11,1
DA:14,1
LF:4
LH:4
end_of_record
TN:
SF:t.14c7ed40632a803e2ced172f37aa95840997026305b4735499505b738710f56a
DA:6,1
DA:9,1
DA:11,1
DA:14,1
LF:4
LH:4
end_of_record
TN:
SF:t.14d235253989b82146a3daffde84dfc9b77c4bfdb4de653f6e980c3b43865b77
DA:5,1
DA:8,1
DA:9,1
DA:13,1
DA:14,0
LF:5
LH:4
end_of_record
TN:
SF:t.14e916aa61cc53d092b4cde59b7e19fdd668690c4d3a3031b9f07d390f84ad5a
DA:5,1
DA:8,1
DA:9,1
DA:13,1
DA:14,0
LF:5
LH:4
end_of_record
TN:
SF:t.153e076e7386c1b0d9dc0feb1b4a56b0474100c39cbb3afe6408b76adb473c3b
DA:3,1
LF:1
LH:1
end_of_record
TN:
SF:t.157e5a0d1fcdceccd8d94f14547dfedfbec153e49b02567085796080e7a13426
DA:4,1
LF:1
LH:1
end_of_record
TN:
SF:t.15a5f25f0db68248d867580f7a2174a632f0651e9b9799df932a3ea22884f337
DA:3,1
DA:4,1
LF:2
LH:2
end_of_record
TN:
SF:t.15f9270998b393e182a5867dd7fda315a94f5d418633c242c174fc827f41a7fa
DA:5,1
DA:8,1
DA:9,1
DA:13,1
DA:14,0
LF:5
LH:4
end_of_record
TN:
SF:t.15ff4751d6e10f4e98d797ac6dd3e72609bb3c26eb096bc562748795fae02b8d
DA:6,1
DA:9,1
DA:11,1
DA:14,1
LF:4
LH:4
end_of_record
TN:
SF:t.16185a9e6b1ecee4f56a533c6f66a89497e5712371c74dbb05547b3f068fa2ff
DA:5,1
DA:8,1
DA:9,1
DA:13,1
DA:14,0
LF:5
LH:4
end_of_record
TN:
SF:t.162220ce8c808959fc105f737c00ee2a511a7dfb8bb2e63a938f2c11d086caf2
DA:6,1
DA:9,1
DA:11,1
DA:14,1
LF:4
LH:4
end_of_record
TN:
SF:t.16335d2b4829dee9d9190c651da9bba89a207f8b9eeada92f1abc961bf6643ca
DA:5,1
DA:8,1
DA:9,1
DA:13,1
DA:14,0
LF:5
LH:4
end_of_record
TN:
SF:t.1650dbbf654f5da825d2a52399c6bbda0532b84001303270bf98df15eaffcfe5
DA:5,1
DA:8,1
DA:9,1
DA:13,1
DA:14,0
LF:5
LH:4
end_of_record
TN:
SF:t.16686504fe7fb00ea69872b55985f286db4e8e7413dc896166a185061835c40a
DA:6,1
DA:9,1
DA:11,1
DA:14,1
LF:4
LH:4
end_of_record
TN:
SF:t.16800adf9c61b2fb2c42e58dc1771e53415007afeec2be4f007625d0090e7580
DA:5,1
DA:8,1
DA:9,1
DA:13,1
DA:14,0
LF:5
LH:4
end_of_record
TN:
SF:t.16d6e76551edb41db96d45edbd78ceda20169f1db86c7e26b0412c4a9b8d3c5c
DA:5,1
DA:8,1
DA:9,1
DA:13,1
DA:14,0
LF:5
LH:4
end_of_record
TN:
SF:t.16f8267298ee857521771607d8f97faccf6469a37fb1a831fc6aefc9750ab841
DA:5,1
DA:8,1
DA:9,1
DA:13,1
DA:14,0
LF:5
LH:4
end_of_record
TN:
SF:t.16fc8ee483066d536b5dffbd6e40b4b75875bf8aac815db4aa00b80d56a3f1e1
DA:6,1
DA:9,1
DA:11,1
DA:14,1
LF:4
LH:4
end_of_record
TN:
SF:t.171aaf11de32393fa2359360bc6ad3e0f3ff615a6a47e37128bed721aeb5e6ec
DA:6,1
DA:9,1
DA:11,1
DA:14,1
LF:4
LH:4
end_of_record
TN:
SF:t.1745c135dc86049bdc05675527fa517ba14af1ba78b2bb23b3a0fb4f9fbeffac
DA:3,24
LF:1
LH:1
end_of_record
TN:
SF:t.174c22a3a8d934ec94e94be04a3281cb6fb1a6fb4451d8d55d58df16335fdc9e
DA:3,24
LF:1
LH:1
end_of_record
TN:
SF:t.17515c882ed4fb351df0c0c782aed2f647a0c32079ee371a760c3263888fc426
DA:6,1
DA:9,1
DA:11,1
DA:14,1
LF:4
LH:4
end_of_record
TN:
SF:t.175c094c9a4006d7e20e811c7f890c764c46ea61835bdb33a23dbb882932cc91
DA:6,1
DA:9,1
DA:11,1
DA:14,1
LF:4
LH:4
end_of_record
TN:
SF:t.179ec9ec0bdd435b692ec5914069664af20bdc22b2bddeb9f77d257b0b68d657
DA:5,1
DA:8,1
DA:9,1
DA:13,1
DA:14,0
LF:5
LH:4
end_of_record
TN:
SF:t.17aa53c7bb58a1732f77944de18cf128fd83c4201fdc808b2a41b2c432e4a796
DA:5,1
DA:8,1
DA:9,1
DA:13,1
DA:14,0
LF:5
LH:4
end_of_record
TN:
SF:t.17aedd5eb9a5d188853be4971caedd1e61fe9e2a5e2615bd369028dd8ff02fea
DA:3,1
DA:4,1
LF:2
LH:2
end_of_record
TN:
SF:t.17c27d727dd6d702ad2c54447277fc4e5c44fc39996f96b3316dc60ead7995a8
DA:5,1
DA:8,1
DA:9,1
DA:13,1
DA:14,0
LF:5
LH:4
end_of_record
TN:
SF:t.17cf09be83ef4399502e6a52946b8b2ee2f96b411a07e6f859ad1f41c7ad5073
DA:6,1
DA:9,1
DA:11,1
DA:14,1
LF:4
LH:4
end_of_record
TN:
SF:t.17edb345dad317e8711a4ebc909b0f6eeacb8f23da7414fb3cfaa65638405cde
DA:6,1
DA:9,1
DA:11,1
DA:14,1
LF:4
LH:4
end_of_record
TN:
SF:t.181e640ac595b2b5466114d2027aff83e99fd238c34706c67048a4ee5c7a6213
DA:6,1
DA:9,1
DA:11,1
DA:14,1
LF:4
LH:4
end_of_record
TN:
SF:t.1851d8c4ed0682e637f8c695c560bc1b8c242bcb887c2d10394dd00eb917e8ed
DA:6,1
DA:9,1
DA:11,1
DA:14,1
LF:4
LH:4
end_of_record
TN:
SF:t.1873c852c2bfdc9201b6f176e2a6e69413df477d5c5e3757f694cbe66687ae2e
DA:6,1
DA:9,1
DA:11,1
DA:14,1
LF:4
LH:4
end_of_record
TN:
SF:t.1892a8eb26129014292528649d3f7e4bf74df6e5c115b6861e06e1f228299aeb
DA:6,1
DA:9,1
DA:11,1
DA:14,1
LF:4
LH:4
end_of_record
TN:
SF:t.18b33975a0066edb8b589a304713645e846d138c86fb5b75d4c9224dfd53e8fe
DA:3,24
LF:1
LH:1
end_of_record
TN:
SF:t.18c1bd9fe67ce17fcffeb44ee5fb78a11d26d1fcfcaa189d4fdd7db3cd710769
DA:5,1
DA:8,1
DA:9,1
DA:13,1
DA:14,0
LF:5
LH:4
end_of_record
TN:
SF:t.18c55b1e98cd549e4752fef146f51f9ee391cdf74421b4e26c8e85268f164a87
DA:6,1
DA:9,1
DA:11,1
DA:14,1
LF:4
LH:4
end_of_record
TN:
SF:t.18c8533ea53688656400cdc6a0368c7d51a32fa3a4371340ea7382ff98e8e853
DA:6,1
DA:9,1
DA:11,1
DA:14,1
LF:4
LH:4
end_of_record
TN:
SF:t.18e01e2890e278bda2b66e051e187726aa07fa7828c67005890c75eaaf93afef
DA:5,1
DA:8,1
DA:9,1
DA:13,1
DA:14,0
LF:5
LH:4
end_of_record
TN:
SF:t.194881f1683f45b61f16a6e0d55b327de9755b576d63adbe75c2b06b61093f2b
DA:3,1
LF:1
LH:1
end_of_record
TN:
SF:t.19bcca9b471db15700ca90da7fb99edcdb96d43dd8e2753aa403cf178d8b9db1
DA:6,1
DA:9,1
DA:11,1
DA:14,1
LF:4
LH:4
end_of_record
TN:
SF:t.1a243ff68570847bfcb5419528959facc9e2b53dbf76e758d4eda7c6fcc95c1d
DA:6,1
DA:9,1
DA:11,1
DA:14,1
LF:4
LH:4
end_of_record
TN:
SF:t.1a3bc430ea9d4e13743c81f8199f52b8ca411d418dccb0c64f4d175770e69f4f
DA:6,1
DA:9,1
DA:11,1
DA:14,1
LF:4
LH:4
end_of_record
TN:
SF:t.1aa86fb798e32fbb8fb1ddbb5a330153d3bed14c305c7f9c7b48ca9544145e3b
DA:6,1
DA:9,1
DA:11,1
DA:14,1
LF:4
LH:4
end_of_record
TN:
SF:t.1aad17c2d707d19a9553e8e05f403460fc125e40166b329e3cce361827a78dff
DA:5,1
DA:8,1
DA:9,1
DA:13,1
DA:14,0
LF:5
LH:4
end_of_record
TN:
SF:t.1ae29104693a353872057f60007da0437e8507cee56c8a1f603385605be7fe1d
DA:6,1
DA:9,1
DA:11,1
DA:14,1
LF:4
LH:4
end_of_record
TN:
SF:t.1b057c9568ee90d3e58feaf81cf2d05ff3146da4c723f046772504c6579e9d57
DA:5,1
DA:8,1
DA:9,1
DA:13,1
DA:14,0
LF:5
LH:4
end_of_record
TN:
SF:t.1b3f64418ec4c175373e412eb0c2a65663d674ecdfedf67591de1c604bc355f2
DA:5,1
DA:8,1
DA:9,1
DA:13,1
DA:14,0
LF:5
LH:4
end_of_record
TN:
SF:t.1b727618ce24acda833b0c943872eaf08d550d25cd484defd7d8bff544187ec9
DA:6,1
DA:9,1
DA:11,1
DA:14,1
LF:4
LH:4
end_of_record
TN:
SF:t.1b9d26b7c021c891472c91ee08880c33fe7b21eff1026fdb9972e0941b4d5f20
DA:6,1
DA:9,1
DA:11,1
DA:14,1
LF:4
LH:4
end_of_record
TN:
SF:t.1bd416b15fcfa865f26e02b713d4cdb216313a0b46ac868812dc7c436d165803
DA:5,1
DA:8,1
DA:9,1
DA:13,1
DA:14,0
LF:5
LH:4
end_of_record
TN:
SF:t.1c04537979ad4d3cf6590d8c907a8d8299b6e4ac2d1ba9b58d5e89f9e45c9ecb
DA:5,1
DA:8,1
DA:9,1
DA:13,1
DA:14,0
LF:5
LH:4
end_of_record
TN:
SF:t.1c2c6cc4dd79d28adbdbeb48888065191938e7718d154cf8148fe4d72db9fa76
DA:5,1
DA:8,1
DA:9,1
DA:13,1
DA:14,0
LF:5
LH:4
end_of_record
TN:
SF:t.1c49e7e1b27852b1193f12406194fc8252f67cc5acafdd1520f8d2543588ff61
DA:6,1
DA:9,1
DA:11,1
DA:14,1
LF:4
LH:4
end_of_record
TN:
SF:t.1c5628cec0890e024b45b25ab2a256a8e29e1b01904599c3d5f8839903b112f3
DA:5,1
DA:8,1
DA:9,1
DA:13,1
DA:14,0
LF:5
LH:4
end_of_record
TN:
SF:t.1cda72418876d9a38d67e4e177a7471f177015a2abafd1261ba7e6fe972a25ea
DA:3,1
DA:4,1
LF:2
LH:2
end_of_record
TN:
SF:t.1d003ee3a08b034d817566f2d0d9930f5e100c37b2d6b2f4d9c1e9ad0da9a0cc
DA:6,1
DA:9,1
DA:11,1
DA:14,1
LF:4
LH:4
end_of_record
TN:
SF:t.1d0a0e6439a63cd903c88a9a5c5ec39e3715ce7d1cbf4790c563103eba5ed6d6
DA:6,1
DA:9,1
DA:11,1
DA:14,1
LF:4
LH:4
end_of_record
TN:
SF:t.1d4d5c3873f15c3d61292944bdc0a44ad6f94ffcade37b6823bb9bace657e361
DA:5,1
DA:8,1
DA:9,1
DA:13,1
DA:14,0
LF:5
LH:4
end_of_record
TN:
SF:t.1d61b24bbb1582f338e7540d06cb5f3d5a19f008705ebac137e0e512efa566c3
DA:6,1
DA:9,1
DA:11,1
DA:14,1
LF:4
LH:4
end_of_record
TN:
SF:t.1d8bd059cca4bbb90aabcec9d3bc7190a2319b6f1bfbeed3d630eb198ff12e17
DA:6,1
DA:9,1
DA:11,1
DA:14,1
LF:4
LH:4
end_of_record
TN:
SF:t.1daeb723205e2cfa9f3d05bf15b7f80b28427adf65c0e1ed5f556108660075a7
DA:6,1
DA:9,1
DA:11,1
DA:14,1
LF:4
LH:4
end_of_record
TN:
SF:t.1e4becb5be731b677979cf26d072e07692b16b60b3d4555a55fac1bd2dbff0dc
DA:6,1
DA:9,1
DA:11,1
DA:14,1
LF:4
LH:4
end_of_record
TN:
SF:t.1e7b56fd06cde3cc46992ed885381817a8a9bc84219cac9f97782e0e68c21f2f
DA:6,1
DA:9,1
DA:11,1
DA:14,1
LF:4
LH:4
end_of_record
TN:
SF:t.1e9eb74a5023dbc6f40086a26b1027b6e9e38d262e626e865b0fa2397a6f62e5
DA:6,1
DA:9,1
DA:11,1
DA:14,1
LF:4
LH:4
end_of_record
TN:
SF:t.1ebeef4541806e62acbb10a076874d5b6a3c9cb9026d9dbeb1fc9181c9fa1cd1
DA:5,1
DA:8,1
DA:9,1
DA:13,1
DA:14,0
LF:5
LH:4
end_of_record
TN:
SF:t.1eee74d9635d77e1be5bb170cc6259acced1eef6adce80c5bfbe72531ba6ad2f
DA:5,1
DA:8,1
DA:9,1
DA:13,1
DA:14,0
LF:5
LH:4
end_of_record
TN:
SF:t.1f3f4a3c62155bc8029ea085220132757b4d705d9ba683122decfe2256305968
DA:5,1
DA:8,1
DA:9,1
DA:13,1
DA:14,0
LF:5
LH:4
end_of_record
TN:
SF:t.1f493d590f6ed864f9f04eb5c855db1647529b2e34d6900de84d2730048bd698
DA:6,1
DA:9,1
DA:11,1
DA:14,1
LF:4
LH:4
end_of_record
TN:
SF:t.1f4ad369bc46e822ffd04e81cb106826c3ad78481b049feb36563a88eeadc955
DA:6,1
DA:9,1
DA:11,1
DA:14,1
LF:4
LH:4
end_of_record
TN:
SF:t.1f5a8b15079e0007d989885add461ad3a57f0b67369a38e0a36a61998dd81d76
DA:6,1
DA:9,1
DA:11,1
DA:14,1
LF:4
LH:4
end_of_record
TN:
SF:t.1f6681f3085afdae3c6b478dca316a91a1f8665adaeac3c4c1e47d86a9057b71
DA:4,1
LF:1
LH:1
end_of_record
TN:
SF:t.1f76c519ff020f54261b7e536d001001465e0daebf29865e0384b6f77e539a39
DA:5,1
DA:8,1
DA:9,1
DA:13,1
DA:14,0
LF:5
LH:4
end_of_record
TN:
SF:t.1f9ed2a7450969b6196f312021ea0ae52f2aac1c5e8f834a74c642737f480ebb
DA:6,1
DA:9,1
DA:11,1
DA:14,1
LF:4
LH:4
end_of_record
TN:
SF:t.1fbf9a809f7424a638dd55d43d9b828019aed25c814118b5fae689cd9599ac4e
DA:3,1
DA:4,1
LF:2
LH:2
end_of_record
TN:
SF:t.1fca9405286b2d2119589cefc67cf5749957e7e70d7576e759df1b94da62f5c5
DA:6,1
DA:9,1
DA:11,1
DA:14,1
LF:4
LH:4
end_of_record
TN:
SF:t.1fca9ac5daba681198be95d1a58c3f4dfc4a01590c23ec87ead14d5efb4a95b0
DA:5,1
DA:8,1
DA:9,1
DA:13,1
DA:14,0
LF:5
LH:4
end_of_record
TN:
SF:t.1fd4e7f59ff179e93a1e4c37ecd15d25af9d5f4bef98aa7cc920f38fac55f184
DA:6,1
DA:9,1
DA:11,1
DA:14,1
LF:4
LH:4
end_of_record
TN:
SF:t.201c24dfaa3f39f4dcfd20fff7b3f5ca69dfd0a67253ebe79d5255ccd2906ef0
DA:6,1
DA:9,1
DA:11,1
DA:14,1
LF:4
LH:4
end_of_record
TN:
SF:t.2046aec0b40fc5040d21a21684350f9c050f1431c2be949a9b6d96a9dc562d6b
DA:5,1
DA:8,1
DA:9,1
DA:13,1
DA:14,0
LF:5
LH:4
end_of_record
TN:
SF:t.205e5975b05ceca709c0f2e51e0a688ad3aeaf1a72ccddc082d407f4b033d6fd
DA:5,1
DA:8,1
DA:9,1
DA:13,1
DA:14,0
LF:5
LH:4
end_of_record
TN:
SF:t.207272078a7c4c26a2c826d7b50463abc4ae46576e467131ce78a6abe001b018
DA:6,1
DA:9,1
DA:11,1
DA:14,1
LF:4
LH:4
end_of_record
TN:
SF:t.207a909fb774c6dfcf47ff80be86b4f5549bb8be9ce99836cc3bd7a68dc4fb8a
DA:6,1
DA:9,1
DA:11,1
DA:14,1
LF:4
LH:4
end_of_record
TN:
SF:t.207ebef514e1ed93500c93e0ea182ed058d767d5f2e74cac7150107852e53d28
DA:5,1
DA:8,1
DA:9,1
DA:13,1
DA:14,0
LF:5
LH:4
end_of_record
TN:
SF:t.207f0561f29285a10925730c52d13832c3a7196331ac3dd19e0408e6ec093379
DA:6,1
DA:9,1
DA:11,1
DA:14,1
LF:4
LH:4
end_of_record
TN:
SF:t.208b0df98cba37212b7392138fabff0290f879f45d5bb9d9be2213c7802d2db0
DA:6,1
DA:9,1
DA:11,1
DA:14,1
LF:4
LH:4
end_of_record
TN:
SF:t.208d8d6defe9fa0fdba6333d0ad901ae9fd871cac2cd379f0361a7b7bebdb1bd
DA:6,1
DA:9,1
DA:11,1
DA:14,1
LF:4
LH:4
end_of_record
TN:
SF:t.20bfbe682099d8f0f44d86bd73962d51ea1d785d138cfb19aeb7717a218e695d
DA:5,1
DA:8,1
DA:9,1
DA:13,1
DA:14,0
LF:5
LH:4
end_of_record
TN:
SF:t.20fd55e0bbb37db3ef2df265a727f07397a0248c435f23ee70efad177effa4d1
DA:4,1
LF:1
LH:1
end_of_record
TN:
SF:t.20fe3c3628e8fd337571deb18cad50c10865ebabcaac038d0a16a3e565e3da1b
DA:6,1
DA:9,1
DA:11,1
DA:14,1
LF:4
LH:4
end_of_record
TN:
SF:t.211b68cb0b206107837fe529e1f1e636b6855d5c770cb0e4bfdd45d1a980ccdf
DA:6,1
DA:9,1
DA:11,1
DA:14,1
LF:4
LH:4
end_of_record
TN:
SF:t.2167851ec4a6bb637e5143ca3f6a31df73cf160692552b63675db5d52e01fb70
DA:6,1
DA:9,1
DA:11,1
DA:14,1
LF:4
LH:4
end_of_record
TN:
SF:t.219c163177a3d86ade6b966903ab696d4d23b6e69db1611028f7d227a2ad8279
DA:5,1
DA:8,1
DA:9,1
DA:13,1
DA:14,0
LF:5
LH:4
end_of_record
TN:
SF:t.21a4d2b8821f9eecded3fafef822ef7bd24f8620e5d128e9edf68313cfdd4e91
DA:6,1
DA:9,1
DA:11,1
DA:14,1
LF:4
LH:4
end_of_record
TN:
SF:t.21be2ce3d0131e7a56add5175c1107c1b7a1f4258845d8c7ec2c368b516ef2df
DA:6,1
DA:9,1
DA:11,1
DA:14,1
LF:4
LH:4
end_of_record
TN:
SF:t.21dc86e12b6ecc9089fab43a6a519f625eab1d0f29ca92c8cf6fef6132bdb34b
DA:6,1
DA:9,1
DA:11,1
DA:14,1
LF:4
LH:4
end_of_record
TN:
SF:t.21dfd38b96e8968cbbdb1003b3735aa4bdbe0067d5a273a2c9d9d68154c745da
DA:6,1
DA:9,1
DA:11,1
DA:14,1
LF:4
LH:4
end_of_record
TN:
SF:t.22033066327673548b0d83a40901f4358f2afce5aa4759fe99814355b688decb
DA:4,1
LF:1
LH:1
end_of_record
TN:
SF:t.220479f816d44b04a8eef37cbef4e85863725c3be68de9d818916bb19cf7cbc9
DA:6,1
DA:9,1
DA:11,1
DA:14,1
LF:4
LH:4
end_of_record
TN:
SF:t.2213c5b03381652ab5186e58d9ecc514c716117af58fe970b0b55fedb4757da7
DA:5,1
DA:8,1
DA:9,1
DA:13,1
DA:14,0
LF:5
LH:4
end_of_record
TN:
SF:t.2236c3f3594080c7d47ba185d1847cc47a7b4186c832b026d90377509cd094f7
DA:6,1
DA:9,1
DA:11,1
DA:14,1
LF:4
LH:4
end_of_record
TN:
SF:t.2243340c6ce845b7dc217a8dd93642603d3562aa366a191964b30ff424c25654
DA:3,1
LF:1
LH:1
end_of_record
TN:
SF:t.229a1189048ea507cae2ba5f17529b2e40542469367b54cc6e127bc102ae6a56
DA:5,1
DA:8,1
DA:9,1
DA:13,1
DA:14,0
LF:5
LH:4
end_of_record
TN:
SF:t.22a0395e0316a68cd2fe54f1b9f3154e4752e8f504fa6d0d3fdfba7d5e6b164f
DA:5,1
DA:8,1
DA:9,1
DA:13,1
DA:14,0
LF:5
LH:4
end_of_record
TN:
SF:t.22a88a3607c39a6e9f4e0ef883862fd8c8e779ebbdacdefba7812d8dff8ece6f
DA:5,1
DA:8,1
DA:9,1
DA:13,1
DA:14,0
LF:5
LH:4
end_of_record
TN:
SF:t.22bbe2d08c6bdac3cf79e59b9b4318c7516d9606521536a99dee1ee42aa8e921
DA:5,1
DA:8,1
DA:9,1
DA:13,1
DA:14,0
LF:5
LH:4
end_of_record
TN:
SF:t.23495e17927f876aef118e75d3000b0e924d6a5701a51fdd694f374a83cbe26d
DA:6,1
DA:9,1
DA:11,1
DA:14,1
LF:4
LH:4
end_of_record
TN:
SF:t.239678c562e66da0117d4f5f0aa86f919168422b5c5eb9ec0b3cffdc8fbcce74
DA:6,1
DA:9,1
DA:11,1
DA:14,1
LF:4
LH:4
end_of_record
TN:
SF:t.23a33faccbf4b9c54cb53249ede40b8ce0f33d21bdf5dcf71a8ea444d452c130
DA:6,1
DA:9,1
DA:11,1
DA:14,1
LF:4
LH:4
end_of_record
TN:
SF:t.23ad7d0e71202cdff59721afd43904163507a4eb474f41f7e3726f84970a544a
DA:6,1
DA:9,1
DA:11,1
DA:14,1
LF:4
LH:4
end_of_record
TN:
SF:t.24136f9ec147807c890dd837bd389e3d2dcf05982196fcf4099c65f73e4fd152
DA:6,1
DA:9,1
DA:11,1
DA:14,1
LF:4
LH:4
end_of_record
TN:
SF:t.241759a0473a00f56c9bbf47b930dfc966d4bb65ff450549542b0008a015b6d7
DA:6,1
DA:9,1
DA:11,1
DA:14,1
LF:4
LH:4
end_of_record
TN:
SF:t.241fea1970a4249dd838b037e81ba621b5f7395e1b7203d134144f6e0877f432
DA:5,1
DA:8,1
DA:9,1
DA:13,1
DA:14,0
LF:5
LH:4
end_of_record
TN:
SF:t.24431dc75f3f28ad897b0a1ca89b27e39c306aeaead091b8ffd365cde7199fe3
DA:5,1
DA:8,1
DA:9,1
DA:13,1
DA:14,0
LF:5
LH:4
end_of_record
TN:
SF:t.246591004b79be68d6aa33d15acf7ab56045c137eea5328083d92460123a9916
DA:6,1
DA:9,1
DA:11,1
DA:14,1
LF:4
LH:4
end_of_record
TN:
SF:t.2467dc99a1e750790d074620d2b608a6bd1afeb597ce5ff6eb65640e5a7c0155
DA:6,1
DA:9,1
DA:11,1
DA:14,1
LF:4
LH:4
end_of_record
TN:
SF:t.24a0e17fa1228daff74e44eb51ac452bd655064639d9dad0de5e50a9d2a20e33
DA:6,1
DA:9,1
DA:11,1
DA:14,1
LF:4
LH:4
end_of_record
TN:
SF:t.24b58c811fa7a9e5f51562777534ac62c9f438f54715f72edd9c22d88e8dcbf9
DA:5,1
DA:8,1
DA:9,1
DA:13,1
DA:14,0
LF:5
LH:4
end_of_record
TN:
SF:t.24c641ba9f2852f0deccaa120aa86e881871a4e1554f6a917e535a762cb76db2
DA:5,1
DA:8,1
DA:9,1
DA:13,1
DA:14,0
LF:5
LH:4
end_of_record
TN:
SF:t.250372c68dde7edf486fedd792a6743799639a8ba50dc001f41763f6f2c6707f
DA:6,1
DA:9,1
DA:11,1
DA:14,1
LF:4
LH:4
end_of_record
TN:
SF:t.258155e3ebc6edf28ed06766f8851d260f2cd7cb132e04043a3f7976fdfaf2e9
DA:5,1
DA:8,1
DA:9,1
DA:13,1
DA:14,0
LF:5
LH:4
end_of_record
TN:
SF:t.259ff49104a28ce0bffdcd81441c71eca7cba5de6f4b09d153251ef331345093
DA:6,1
DA:9,1
DA:11,1
DA:14,1
LF:4
LH:4
end_of_record
TN:
SF:t.25c8a8a1c187146c22930a940b87caeae62aef16f3bb2cb1278da2226a4b6346
DA:5,1
DA:8,1
DA:9,1
DA:13,1
DA:14,0
LF:5
LH:4
end_of_record
TN:
SF:t.25e6a4678044050097564c3f87b2bb109b29be0a1557ef06c073421c8e12e709
DA:6,1
DA:9,1
DA:11,1
DA:14,1
LF:4
LH:4
end_of_record
TN:
SF:t.25f75faaeb1aa9a9048a97f1a80130c3d2a0347d3a960b0529eda93955b55fc8
DA:6,1
DA:9,1
DA:11,1
DA:14,1
LF:4
LH:4
end_of_record
TN:
SF:t.25febd605e70450f5e5feb4d81be9871c170112d273005798c23aa4b90b216ea
DA:5,1
DA:8,1
DA:9,1
DA:13,1
DA:14,0
LF:5
LH:4
end_of_record
TN:
SF:t.264fd2463beb303d253428027eada5418aeb749866656183689fecdbcfcce272
DA:6,1
DA:9,1
DA:11,1
DA:14,1
LF:4
LH:4
end_of_record
TN:
SF:t.26644eeb38707c9d0edc02b7247fd2eedef86cb6ba6f84431c794f476c800e3b
DA:5,1
DA:8,1
DA:9,1
DA:13,1
DA:14,0
LF:5
LH:4
end_of_record
TN:
SF:t.266520546ad6d7cafd5c72e504b3d592c8fc00697d89feaf7d5f4e1aecd209e5
DA:5,1
DA:8,1
DA:9,1
DA:13,1
DA:14,0
LF:5
LH:4
end_of_record
TN:
SF:t.2684eca32d758ca0d5e849a9efd48a71b13fd8d2ad5fa9b6f74a61b576d9e111
DA:6,1
DA:9,1
DA:11,1
DA:14,1
LF:4
LH:4
end_of_record
TN:
SF:t.26ca46bd52d39371e5cd834492c7cedc7d9f0761a0d1be92aa9f2a7897a4214a
DA:6,1
DA:9,1
DA:11,1
DA:14,1
LF:4
LH:4
end_of_record
TN:
SF:t.270236b9278639c9bee4e4b8eb199ddb47d859b648cf24850a060224e1e9af5d
DA:5,1
DA:8,1
DA:9,1
DA:13,1
DA:14,0
LF:5
LH:4
end_of_record
TN:
SF:t.270d17eb981326dc5db2783cef3b0b35f107a592a20adb64542526853f3e1ea5
DA:6,1
DA:9,1
DA:11,1
DA:14,1
LF:4
LH:4
end_of_record
TN:
SF:t.27318335212b4e5bd0b0f57aa1a45eb012a3e273089631964720308420b70082
DA:5,1
DA:8,1
DA:9,1
DA:13,1
DA:14,0
LF:5
LH:4
end_of_record
TN:
SF:t.273a921d6ca651ccce9820321c270e6db7d30b1df72032d67c50685f07a468dd
DA:6,1
DA:9,1
DA:11,1
DA:14,1
LF:4
LH:4
end_of_record
TN:
SF:t.27638e711c632347f1fca8dc7ede3e217219b331007814202bc73266e0d6eebe
DA:6,1
DA:9,1
DA:11,1
DA:14,1
LF:4
LH:4
end_of_record
TN:
SF:t.276fce47d856226de608b292f2ff0f0f6922c5b2482f7fbf41635a9a8d94aae8
DA:5,1
DA:8,1
DA:9,1
DA:13,1
DA:14,0
LF:5
LH:4
end_of_record
TN:
SF:t.277801b6d5fe7b6ae00e8f0328557d86afe2bc21a74ec0111c2e5365d3ebb1a8
DA:6,1
DA:9,1
DA:11,1
DA:14,1
LF:4
LH:4
end_of_record
TN:
SF:t.27ffc363fed9e318d5bf5585cfb439558ae6d71f6f4454caa030eb7551dc0330
DA:6,1
DA:9,1
DA:11,1
DA:14,1
LF:4
LH:4
end_of_record
TN:
SF:t.28123682284398f788039235bd06ad3973ecf110ca60b80cc353f4b7720902f1
DA:5,1
DA:8,1
DA:9,1
DA:13,1
DA:14,0
LF:5
LH:4
end_of_record
TN:
SF:t.283c9221b98d6f88e2a4743a81b3a90664916193cf2bc0b595f967783eabef95
DA:5,1
DA:8,1
DA:9,1
DA:13,1
DA:14,0
LF:5
LH:4
end_of_record
TN:
SF:t.284f594350cb6ed2c96e8193016b4aeb1e294cf2dc563eeab219db1123799d9c
DA:6,1
DA:9,1
DA:11,1
DA:14,1
LF:4
LH:4
end_of_record
TN:
SF:t.285259bf709fb46b81786afa36c527aaef562a238cb6dd43a611610abc7e7be8
DA:6,1
DA:9,1
DA:11,1
DA:14,1
LF:4
LH:4
end_of_record
TN:
SF:t.285f6878c13af55d8a9d6067ed35dedc27217329dd880d94321741ee29f7f40c
DA:6,1
DA:9,1
DA:11,1
DA:14,1
LF:4
LH:4
end_of_record
TN:
SF:t.2968a53934e9956efa197ade290c7225a5324bee8ae021be2417cdbd1fea4b82
DA:6,1
DA:9,1
DA:11,1
DA:14,1
LF:4
LH:4
end_of_record
TN:
SF:t.2975713138acfb9e78c17b068dcdfa14021f060cd490c4a173b544f7477e4d29
DA:6,1
DA:9,1
DA:11,1
DA:14,1
LF:4
LH:4
end_of_record
TN:
SF:t.29b8cc5d1580d080374fe72a0e504f11f079414c383ce25eab5b06bc6f3ef69d
DA:6,1
DA:9,1
DA:11,1
DA:14,1
LF:4
LH:4
end_of_record
TN:
SF:t.2a0a2827ae96748144fddb92fa693e3ea505cf89c881d8172fd3ca0a02e1b12a
DA:5,1
DA:8,1
DA:9,1
DA:13,1
DA:14,0
LF:5
LH:4
end_of_record
TN:
SF:t.2a31c04c8a6964d3c52f217a52e985bb90b1be59ef1df25254018063f3fd5505
DA:5,1
DA:8,1
DA:9,1
DA:13,1
DA:14,0
LF:5
LH:4
end_of_record
TN:
SF:t.2a451ea8d751601ab3e00d5627564cfbbe5c7c9a509577cfc522a2c154d66d6f
DA:5,1
DA:8,1
DA:9,1
DA:13,1
DA:14,0
LF:5
LH:4
end_of_record
TN:
SF:t.2a490c1050d894a22f013370d8e66b939bfd4fe3f6a06b358533b61b43d6c9ee
DA:6,1
DA:9,1
DA:11,1
DA:14,1
LF:4
LH:4
end_of_record
TN:
SF:t.2a4b8dd7c8677c69c358e1b18173ca32cf92976c9c25ca4a87589ce701b54abd
DA:6,1
DA:9,1
DA:11,1
DA:14,1
LF:4
LH:4
end_of_record
TN:
SF:t.2a64cd691801ac113cbb5b43f5bd99a35f384fe13946a9df1b766dfaf8429f45
DA:6,1
DA:9,1
DA:11,1
DA:14,1
LF:4
LH:4
end_of_record
TN:
SF:t.2a73c78813c3fa069707937083b53056350c6360f2e63049f3ddcb5718128ab3
DA:6,1
DA:9,1
DA:11,1
DA:14,1
LF:4
LH:4
end_of_record
TN:
SF:t.2aa6a8974ceb1005eefea26b26b517fd8c8bfc53cb47e4321111538576faf093
DA:6,1
DA:9,1
DA:11,1
DA:14,1
LF:4
LH:4
end_of_record
TN:
SF:t.2aef96cf3f0863ee20b65674879fd9369dd0651ce1267944636970562ab22fa7
DA:6,1
DA:9,1
DA:11,1
DA:14,1
LF:4
LH:4
end_of_record
TN:
SF:t.2af7d67560aebc4a656462e2be65d053e16b9b13ee19eb922815bd1c0f3f2e30
DA:5,1
DA:8,1
DA:9,1
DA:13,1
DA:14,0
LF:5
LH:4
end_of_record
TN:
SF:t.2b04f8350cef91913b8efca8d046e9babf82121cc0bb2c91ef631b7e528b26d6
DA:5,1
DA:8,1
DA:9,1
DA:13,1
DA:14,0
LF:5
LH:4
end_of_record
TN:
SF:t.2b0f8f4e581173e5ee0850fd0677e49d301f7eacd87ae5517b17f97bca74734c
DA:6,1
DA:9,1
DA:11,1
DA:14,1
LF:4
LH:4
end_of_record
TN:
SF:t.2b25ef0f6ca0385445fbc79f4ba99c1af740e9c28a72e2f9219d1122e54b400f
DA:6,1
DA:9,1
DA:11,1
DA:14,1
LF:4
LH:4
end_of_record
TN:
SF:t.2b6a8077ffa9c1a1f43d922afb4ee3e044597c2dd8f3cf05eecc3d379f75b7be
DA:6,1
DA:9,1
DA:11,1
DA:14,1
LF:4
LH:4
end_of_record
TN:
SF:t.2bbd0bac6dceb58f802de5ea68622b86e6a8a67f2f7d63edd7a6bee76b84f87d
DA:6,1
DA:9,1
DA:11,1
DA:14,1
LF:4
LH:4
end_of_record
TN:
SF:t.2bd06415ad6f9ea067fd3aea8012f611c639b5be70c113d114d51e94fb3ee6f9
DA:6,1
DA:9,1
DA:11,1
DA:14,1
LF:4
LH:4
end_of_record
TN:
SF:t.2c542b6be7b3adf39d921b6eda818d01ba0cf9875c781dff35d403a7bad3d9ab
DA:5,1
DA:8,1
DA:9,1
DA:13,1
DA:14,0
LF:5
LH:4
end_of_record
TN:
SF:t.2c920d5979f939ad6e3d1f87f8b6b0784657a45ba54937081a1ac1d215bc63c0
DA:5,1
DA:8,1
DA:9,1
DA:13,1
DA:14,0
LF:5
LH:4
end_of_record
TN:
SF:t.2c954f4edec7ca689d5e5b0b2e0ff86c76176504d27264981f29e03bfdb9de45
DA:6,1
DA:9,1
DA:11,1
DA:14,1
LF:4
LH:4
end_of_record
TN:
SF:t.2caaba8dc770d6d7d93bfe522348c8cfd0f7717fdac9afb46a9fada009b986e7
DA:6,1
DA:9,1
DA:11,1
DA:14,1
LF:4
LH:4
end_of_record
TN:
SF:t.2cde78c0bba59596028504c808e4b223e7c7d3040df5e956f322f8db44c92b4e
DA:3,1
DA:4,1
LF:2
LH:2
end_of_record
TN:
SF:t.2ce74ba9466d0c8e5bca729bc7133240a6698fd86dad646b7ce688cfa70e7f0b
DA:6,1
DA:9,1
DA:11,1
DA:14,1
LF:4
LH:4
end_of_record
TN:
SF:t.2cf24c59831130c2d7a1cc1e21ed715ece6a6dd71d41a014a9276f7b5174b7e5
DA:5,1
DA:8,1
DA:9,1
DA:13,1
DA:14,0
LF:5
LH:4
end_of_record
TN:
SF:t.2cf946f52a2be9e2787aad6e12db54cb3dd9aead01b7efb75b16d8d35a8e764a
DA:4,1
LF:1
LH:1
end_of_record
TN:
SF:t.2d06a4911d40af4c91f7d10c423c09fd7d308f96d9615183750ca08061db2090
DA:6,1
DA:9,1
DA:11,1
DA:14,1
LF:4
LH:4
end_of_record
TN:
SF:t.2d7f84ad006052d072a0459cd5458d7c3ba1030bf17e9386315e9bb566f203ae
DA:6,1
DA:9,1
DA:11,1
DA:14,1
LF:4
LH:4
end_of_record
TN:
SF:t.2d95e58aa22a949bfa6f7a0ff8f9f90f1af9cd358170637d260cd68d0c6233c8
DA:6,1
DA:9,1
DA:11,1
DA:14,1
LF:4
LH:4
end_of_record
TN:
SF:t.2e12d71f9a6fbafbb8993769837f71df6fd38aeef80f6bc32cb9bb45e7d956d5
DA:6,1
DA:9,1
DA:11,1
DA:14,1
LF:4
LH:4
end_of_record
TN:
SF:t.2e1b63066d9481b36ba6e391664d51bb000d973dbcd6f5bb952d3f01d5974e6c
DA:4,1
LF:1
LH:1
end_of_record
TN:
SF:t.2e47077d93bbb41be6ae41d0e1e268f3ca47be78e5bef978cddc9bac33fb8d87
DA:5,1
DA:8,1
DA:9,1
DA:13,1
DA:14,0
LF:5
LH:4
end_of_record
TN:
SF:t.2e4a94497c04e6cf6e56b9e6c955b2501b7f2fca24a472a8ad9d3298e9ff47a4
DA:6,1
DA:9,1
DA:11,1
DA:14,1
LF:4
LH:4
end_of_record
TN:
SF:t.2e6f73e3812f83430f10421a5b5f9265060a67c6e9ca493a84685a76bf6ee614
DA:4,1
LF:1
LH:1
end_of_record
TN:
SF:t.2e83e99513181b046a5458b47027397e2ed7e38c2d420783037db41677249778
DA:5,1
DA:8,1
DA:9,1
DA:13,1
DA:14,0
LF:5
LH:4
end_of_record
TN:
SF:t.2ec1f614be880cc23e75abf5756fbfee73d0c26061723c33aa71ae0b85be242b
DA:6,1
DA:9,1
DA:11,1
DA:14,1
LF:4
LH:4
end_of_record
TN:
SF:t.2f297d1ceb8ac846b0f8e54aacc25a4abd7f1c4af75c2bc2cf1b0284a15c0166
DA:5,1
DA:8,1
DA:9,1
DA:13,1
DA:14,0
LF:5
LH:4
end_of_record
TN:
SF:t.2f459cfe7820054dc9374017b74efc70d38040ba852b146b4e146d2dd426a465
DA:6,1
DA:9,1
DA:11,1
DA:14,1
LF:4
LH:4
end_of_record
TN:
SF:t.2f8656582f486e6b189cbe0ee6960eae7674b5814273d538aebe0ecfbfab8f9c
DA:3,1
DA:4,1
LF:2
LH:2
end_of_record
TN:
SF:t.2f8dec7600ad5bb5e6801aaf0fb8eef7588e19fabeaa63e157055cb9430c6d4d
DA:6,1
DA:9,1
DA:11,1
DA:14,1
LF:4
LH:4
end_of_record
TN:
SF:t.2fb519ef6d8974336e54798b12bb2f50aa0ccc319a12a299d1b036ea94254844
DA:6,1
DA:9,1
DA:11,1
DA:14,1
LF:4
LH:4
end_of_record
TN:
SF:t.30092fafa8747201003d6875a7e6bdae8f0bfa0f646a8395ef7193abd46074d6
DA:5,1
DA:8,1
DA:9,1
DA:13,1
DA:14,0
LF:5
LH:4
end_of_record
TN:
SF:t.303f7cb877f2e2b37d6ac1edd4008f729f283e92442519afa70fb86caebd2159
DA:6,1
DA:9,1
DA:11,1
DA:14,1
LF:4
LH:4
end_of_record
TN:
SF:t.3081ed6c6648019ce811572ee510180ff67b7a55c497a40f221d3ec662c7155f
DA:6,1
DA:9,1
DA:11,1
DA:14,1
LF:4
LH:4
end_of_record
TN:
SF:t.30a8d83d94ec23f41bf178746abf4e572ac99da2c6b2559374ef0c2504fec1aa
DA:6,1
DA:9,1
DA:11,1
DA:14,1
LF:4
LH:4
end_of_record
TN:
SF:t.311246ea3c589c7ff85a8be55a8e58041f3c1e952a56c3d313dc3d993ab4df6a
DA:6,1
DA:9,1
DA:11,1
DA:14,1
LF:4
LH:4
end_of_record
TN:
SF:t.311d42a3c11ccc0721bb0b30852a2c133f190a76739142d3dfae3a1b8aca88e1
DA:6,1
DA:9,1
DA:11,1
DA:14,1
LF:4
LH:4
end_of_record
TN:
SF:t.3140ac9f4a1537e8c4a5e9508af185a4bf55b796bb733c3bea57094d4d265647
DA:6,1
DA:9,1
DA:11,1
DA:14,1
LF:4
LH:4
end_of_record
TN:
SF:t.3181ee0f72a43d29ff6632e949d8b5108d50998626017c5b32d8996fcb5b418f
DA:6,1
DA:9,1
DA:11,1
DA:14,1
LF:4
LH:4
end_of_record
TN:
SF:t.3197b64a3e3738aee6338a83ae3f254dc2b34fa067a26864cd64e8909bfba658
DA:5,1
DA:8,1
DA:9,1
DA:13,1
DA:14,0
LF:5
LH:4
end_of_record
TN:
SF:t.31cf87c4f1328ee2bcdef904c473f315badb9fa433babd2eb81846cb2d0f0c42
DA:5,1
DA:8,1
DA:9,1
DA:13,1
DA:14,0
LF:5
LH:4
end_of_record
TN:
SF:t.31e21df286cf3d78e11a511fbcd8572c367d4a9ec79320a0a545eeffb28cc0f6
DA:6,1
DA:9,1
DA:11,1
DA:14,1
LF:4
LH:4
end_of_record
TN:
SF:t.320efff074153f955fcf11eabd033497b8426ab8824d53b8213aa516804af92e
DA:6,1
DA:9,1
DA:11,1
DA:14,1
LF:4
LH:4
end_of_record
TN:
SF:t.321840f7b9568f4d3bd7796b2da7f62afe1146461b8251a6e3bcb07e37585acf
DA:6,1
DA:9,1
DA:11,1
DA:14,1
LF:4
LH:4
end_of_record
TN:
SF:t.321e004fbad5fefc6dc4f85a6defa92bc3a6b69296a6b6c00955468cafb78ad7
DA:6,1
DA:9,1
DA:11,1
DA:14,1
LF:4
LH:4
end_of_record
TN:
SF:t.32225b14e0f5856c32218e8a77b2d13312808c3d2e0a61d51f3b9ce52c23cbae
DA:6,1
DA:9,1
DA:11,1
DA:14,1
LF:4
LH:4
end_of_record
TN:
SF:t.3276eafd6d5ac1f46f9a8789d0101fa67cd53fe1524879236b5a68513f25d6c1
DA:6,1
DA:9,1
DA:11,1
DA:14,1
LF:4
LH:4
end_of_record
TN:
SF:t.3276f7140da5c5d1d6ef176bede74a614872b929b2697c94d6103bab5fcafe6a
DA:6,1
DA:9,1
DA:11,1
DA:14,1
LF:4
LH:4
end_of_record
TN:
SF:t.327a9271507989e85b028e1743eba7e103009f816cd78bb523fdae395a60dd1f
DA:6,1
DA:9,1
DA:11,1
DA:14,1
LF:4
LH:4
end_of_record
TN:
SF:t.32b8ca8e80898c7571e01db2d08a7da63edc1085affc599a3361f2b4dc51dbd3
DA:5,1
DA:8,1
DA:9,1
DA:13,1
DA:14,0
LF:5
LH:4
end_of_record
TN:
SF:t.32dd4983ee90a9dbe75ede93fc510edfa6312046c24b906cc2d8dd9c5c9f6a00
DA:6,1
DA:9,1
DA:11,1
DA:14,1
LF:4
LH:4
end_of_record
TN:
SF:t.332f6afd172b9f448b55dc9c590c43a3ac0506058572e3120cd3ebd299f577ac
DA:6,1
DA:9,1
DA:11,1
DA:14,1
LF:4
LH:4
end_of_record
TN:
SF:t.3366005a3e464256b2543560e394cd889f797c189f6a17c5c5344d65edb6cb88
DA:5,1
DA:8,1
DA:9,1
DA:13,1
DA:14,0
LF:5
LH:4
end_of_record
TN:
SF:t.3371553f3691a39faa7529f9f30a4791dc0ca29966d991b6a18af708f925e218
DA:6,1
DA:9,1
DA:11,1
DA:14,1
LF:4
LH:4
end_of_record
TN:
SF:t.33b5218c978bbe6d9ade1561de7a5092c9c02b33a74ba0955abf16e74c854e19
DA:5,1
DA:8,1
DA:9,1
DA:13,1
DA:14,0
LF:5
LH:4
end_of_record
TN:
SF:t.3436bb3bb1530493a032402db545f4835268bf232437e7c3bc34b2fc45379c0d
DA:4,1
LF:1
LH:1
end_of_record
TN:
SF:t.344d9f61542bf252fe6023446406f0056398a852b10b0ed39971255c062855de
DA:5,1
DA:8,1
DA:9,1
DA:13,1
DA:14,0
LF:5
LH:4
end_of_record
TN:
SF:t.34d83a5cbf0b8d7570becf35a9201d1ab3b7b953837a11a7b5ca8b244f78abf4
DA:5,1
DA:8,1
DA:9,1
DA:13,1
DA:14,0
LF:5
LH:4
end_of_record
TN:
SF:t.34f00d43d59c2303bab376e02268ecc76a02db53932d063ea31b9c60d2c928a5
DA:6,1
DA:9,1
DA:11,1
DA:14,1
LF:4
LH:4
end_of_record
TN:
SF:t.34fdf15d5ac502d26939d61a3c74beb6314f5bf786ae8aa6d06e7341b93270ca
DA:6,1
DA:9,1
DA:11,1
DA:14,1
LF:4
LH:4
end_of_record
TN:
SF:t.3507edaddfa8ea3bf4fd4c63cb6a951eb5c099ce2352c929cb421943a7178814
DA:6,1
DA:9,1
DA:11,1
DA:14,1
LF:4
LH:4
end_of_record
TN:
SF:t.351fb3429444e91e1ef34ab0a0ee043ad340122d4ec60b6595d84fe3769cee8a
DA:6,1
DA:9,1
DA:11,1
DA:14,1
LF:4
LH:4
end_of_record
TN:
SF:t.3521b4bb7b8f1a5e16fdb22fac4031c06880b7d31d1aea28a1560e2fbefb5813
DA:5,1
DA:8,1
DA:9,1
DA:13,1
DA:14,0
LF:5
LH:4
end_of_record
TN:
SF:t.35e5370186b07ab6342cddeb9c6f0927fed72e9fd904699e56e01ad27c92c76a
DA:6,1
DA:9,1
DA:11,1
DA:14,1
LF:4
LH:4
end_of_record
TN:
SF:t.35ef9db197120196b3e76a137729385b2ec59bbd9754de82d89975c73b0e8988
DA:5,1
DA:8,1
DA:9,1
DA:13,1
DA:14,0
LF:5
LH:4
end_of_record
TN:
SF:t.36301440edcfd908681795beaa17a663da7577eb3f1361522300219c5586c12a
DA:5,1
DA:8,1
DA:9,1
DA:13,1
DA:14,0
LF:5
LH:4
end_of_record
TN:
SF:t.3663cc45164897824cd9f98f79d1f4187a0be50b0ccd097fd1cc758c85afb688
DA:6,1
DA:9,1
DA:11,1
DA:14,1
LF:4
LH:4
end_of_record
TN:
SF:t.36643193e13f34720fcf93cc95ad93e64660d22be2f242ac376eba3c23679e7b
DA:6,1
DA:9,1
DA:11,1
DA:14,1
LF:4
LH:4
end_of_record
TN:
SF:t.36696b39bc626bcfbb0140a7767d4bd995b13dabd85f7cbde816631bcae624c4
DA:5,1
DA:8,1
DA:9,1
DA:13,1
DA:14,0
LF:5
LH:4
end_of_record
TN:
SF:t.3719e5a0fabcc7347ec2c04a07d4eb88da5cd2d2e783821c508f57a54b5fd440
DA:5,1
DA:8,1
DA:9,1
DA:13,1
DA:14,0
LF:5
LH:4
end_of_record
TN:
SF:t.372efd1a075922e3cff2fa21a961fc70dfa87bc5d15dfadedeec0c144e6ada09
DA:5,1
DA:8,1
DA:9,1
DA:13,1
DA:14,0
LF:5
LH:4
end_of_record
TN:
SF:t.377242afa9c0acd0db9386111ded7b2a3ba99ddade8a3f0e05dd078f549aa842
DA:6,1
DA:9,1
DA:11,1
DA:14,1
LF:4
LH:4
end_of_record
TN:
SF:t.37c1a74dd1a26b764e6723087e390701e38454fb4158d220806fb526271923f7
DA:6,1
DA:9,1
DA:11,1
DA:14,1
LF:4
LH:4
end_of_record
TN:
SF:t.37e751fe3bab1478d3a3cad9d01f33cab2e1525e003b54bec3d67def73619d3d
DA:5,1
DA:8,1
DA:9,1
DA:13,1
DA:14,0
LF:5
LH:4
end_of_record
TN:
SF:t.37e9cf0186e77d1b7f858bae7ce30abdd4075ecc61fe5db106d988d2a01f159e
DA:3,1
LF:1
LH:1
end_of_record
TN:
SF:t.380189229cd2b725fa2ed0caf3b17d7030444f1be09364b0fc8bf40adb28cddc
DA:5,1
DA:8,1
DA:9,1
DA:13,1
DA:14,0
LF:5
LH:4
end_of_record
TN:
SF:t.3805e01fce750deb1a93a928ad6eda69a40a8982da0912b406e36cedfeafec8a
DA:6,1
DA:9,1
DA:11,1
DA:14,1
LF:4
LH:4
end_of_record
TN:
SF:t.382fcb0c928a3a8310718ad2b58dc441585ca387c16aca39a0c2b8fc3439adad
DA:6,1
DA:9,1
DA:11,1
DA:14,1
LF:4
LH:4
end_of_record
TN:
SF:t.38413756a7722be65490e68d5e6fb6af78d7f1f4fa03ecc4adf90f5cb8962412
DA:6,1
DA:9,1
DA:11,1
DA:14,1
LF:4
LH:4
end_of_record
TN:
SF:t.386c90f7fe6e39af326a80f4fcb9d6c071eebb6ba1b29892e05c1fc8b5910cbf
DA:5,1
DA:8,1
DA:9,1
DA:13,1
DA:14,0
LF:5
LH:4
end_of_record
TN:
SF:t.38791632dac96f9f0575a6e638768b2f48ebb9634eee48108b7551de33d9e45d
DA:6,1
DA:9,1
DA:11,1
DA:14,1
LF:4
LH:4
end_of_record
TN:
SF:t.38bf09d7b83aaa384f24451a943964e6c466c011617a1c4461e3ab3614fed919
DA:5,1
DA:8,1
DA:9,1
DA:13,1
DA:14,0
LF:5
LH:4
end_of_record
TN:
SF:t.38c6641b03bd51b5b2d3087b61a0a37a372b7f41040ded78516947b573c6ea65
DA:6,1
DA:9,1
DA:11,1
DA:14,1
LF:4
LH:4
end_of_record
TN:
SF:t.38c93a246f72b78ab4076fb470916ea67b65b337058e99e72e633a76a4471dd1
DA:6,1
DA:9,1
DA:11,1
DA:14,1
LF:4
LH:4
end_of_record
TN:
SF:t.3903aa31a618b19fbb2e3339fbac4fbf3b1507fa3d539d83a708d2f0f51a6f68
DA:5,1
DA:8,1
DA:9,1
DA:13,1
DA:14,0
LF:5
LH:4
end_of_record
TN:
SF:t.392477fc3aac4d1da67c43893595bffcb38dbad7b3bb0298dfbcec6a0ad0dd09
DA:6,1
DA:9,1
DA:11,1
DA:14,1
LF:4
LH:4
end_of_record
TN:
SF:t.3965294746f59d4501f137e57340b8fbe0a8bec718c5a22a26aac067e647ceeb
DA:6,1
DA:9,1
DA:11,1
DA:14,1
LF:4
LH:4
end_of_record
TN:
SF:t.3975b6c8960151deea79c41c908ea9fa8b247bd6fedfb3dc6a192d1d6d3dc397
DA:6,1
DA:9,1
DA:11,1
DA:14,1
LF:4
LH:4
end_of_record
TN:
SF:t.39773cec60610776861e8e5f96fb74d414299847fcfa81dfdd5c9f4799d2e3f2
DA:6,1
DA:9,1
DA:11,1
DA:14,1
LF:4
LH:4
end_of_record
TN:
SF:t.39e12ecdd5ebdcd14a6b219eda83af1dd97539725f3f519ed3bb7fff0fe3900b
DA:5,1
DA:8,1
DA:9,1
DA:13,1
DA:14,0
LF:5
LH:4
end_of_record
TN:
SF:t.3a4131ff9a5fc674e01f2bab921e1f1eb0bec623d84dec0c33d0f5155ff07c5c
DA:6,1
DA:9,1
DA:11,1
DA:14,1
LF:4
LH:4
end_of_record
TN:
SF:t.3aa53dfb67b1f8103584a504cd9c1286f5f053cd3889129307903f5ccc8415cb
DA:6,1
DA:9,1
DA:11,1
DA:14,1
LF:4
LH:4
end_of_record
TN:
SF:t.3aa573a298d929fcd527b65ee4049b0d5d17f0f4aafe721e566591f52b9938a3
DA:6,1
DA:9,1
DA:11,1
DA:14,1
LF:4
LH:4
end_of_record
TN:
SF:t.3aa825cd1a8351233d6eb567edd8c5d373c2e133cae823e897d9fd54b8af5791
DA:5,1
DA:8,1
DA:9,1
DA:13,1
DA:14,0
LF:5
LH:4
end_of_record
TN:
SF:t.3ac5cd7e3e4fc01d4ed85e8c3fa7d02f664e317feea3b640b5e196a24197a386
DA:5,1
DA:8,1
DA:9,1
DA:13,1
DA:14,0
LF:5
LH:4
end_of_record
TN:
SF:t.3af25ccaff54d2be0ef4d2df279139125fb29d2db01efcd916a79baa980efe1f
DA:5,1
DA:8,1
DA:9,1
DA:13,1
DA:14,0
LF:5
LH:4
end_of_record
TN:
SF:t.3b345b165192da9eb79ce675471066d03de7aa5309e2d637bcb3ae05b220dfd7
DA:6,1
DA:9,1
DA:11,1
DA:14,1
LF:4
LH:4
end_of_record
TN:
SF:t.3b49131dfe2b4a898b17c91e17ba729300674ae1521958134dd43fb00cf58315
DA:5,1
DA:8,1
DA:9,1
DA:13,1
DA:14,0
LF:5
LH:4
end_of_record
TN:
SF:t.3b72b8a1e03c3e813677e73647ef91faba66bf23424bceb1714132fe36c6f0d4
DA:5,1
DA:8,1
DA:9,1
DA:13,1
DA:14,0
LF:5
LH:4
end_of_record
TN:
SF:t.3b76fcba0772c1c8225622635fe8a87a85b83c92bc11ab36afbbe51e468b6585
DA:5,1
DA:8,1
DA:9,1
DA:13,1
DA:14,0
LF:5
LH:4
end_of_record
TN:
SF:t.3bbfc4f2fbd5c721b5518aba7a0fc331157514a71bf8a06b5738b6137d60cc9c
DA:3,24
LF:1
LH:1
end_of_record
TN:
SF:t.3c0896a6f7a0456b59c226bf8c33d1271b723fc76fedb4de40513b86afad84b7
DA:5,1
DA:8,1
DA:9,1
DA:13,1
DA:14,0
LF:5
LH:4
end_of_record
TN:
SF:t.3c2fe8621a631d45ab70b2b9939a8da6696ed77d31efcb59766dcb24516640a5
DA:5,1
DA:8,1
DA:9,1
DA:13,1
DA:14,0
LF:5
LH:4
end_of_record
TN:
SF:t.3cb000da13d28204def9dd9259857d245ed93cbbe397d3b6c109f5df8664bb94
DA:6,1
DA:9,1
DA:11,1
DA:14,1
LF:4
LH:4
end_of_record
TN:
SF:t.3cb89a6bf1f1042251745d2ec8b7600573c73ac83b953e4aeb97e6b0f1b775a5
DA:6,1
DA:9,1
DA:11,1
DA:14,1
LF:4
LH:4
end_of_record
TN:
SF:t.3ccbb82ebee76179b2ff0add7acc0ae6ed63503ead53bbad434fdb05cd755fa3
DA:6,1
DA:9,1
DA:11,1
DA:14,1
LF:4
LH:4
end_of_record
TN:
SF:t.3cede24083b563edf4990689f6805cd0218d87ad02ac5d8c8659fd0e149a8677
DA:6,1
DA:9,1
DA:11,1
DA:14,1
LF:4
LH:4
end_of_record
TN:
SF:t.3cfc871e20d1dec75397ad56e888dfabb73717fb3341a3be2e0e1495741a2e77
DA:5,1
DA:8,1
DA:9,1
DA:13,1
DA:14,0
LF:5
LH:4
end_of_record
TN:
SF:t.3d1c536d35d8377c0846715ac1935bcf6891e38c713244f69ffb5c610d243513
DA:6,1
DA:9,1
DA:11,1
DA:14,1
LF:4
LH:4
end_of_record
TN:
SF:t.3d7b75d3415cd55726e68f9e9dc915a34fbe014a120f3548f0c6e56b3f972337
DA:6,1
DA:9,1
DA:11,1
DA:14,1
LF:4
LH:4
end_of_record
TN:
SF:t.3d90d61346ba3312f54f1524b3f5d87c40ee80cd55e73939a5e900a5c1580fb3
DA:6,1
DA:9,1
DA:11,1
DA:14,1
LF:4
LH:4
end_of_record
TN:
SF:t.3e20a69b79d45244b28d9d6c8f3ae9926d13f29606eb8f41f02ef2a5f0045368
DA:6,1
DA:9,1
DA:11,1
DA:14,1
LF:4
LH:4
end_of_record
TN:
SF:t.3e326dfd35e9276a1fc29d8e432593313d80625adedcfa29896b32f78c079ebd
DA:6,1
DA:9,1
DA:11,1
DA:14,1
LF:4
LH:4
end_of_record
TN:
SF:t.3e3edbe97f9d2052e752b620a2aa473319e042fa640b86da87a605b90b0835b5
DA:5,1
DA:8,1
DA:9,1
DA:13,1
DA:14,0
LF:5
LH:4
end_of_record
TN:
SF:t.3e403b0f9a40e955e97e74a817c33b6490443a6826838df93c5578884bb726a8
DA:6,1
DA:9,1
DA:11,1
DA:14,1
LF:4
LH:4
end_of_record
TN:
SF:t.3ec5327cb1fd984bfb18a4ed1cb61819225f35bd842e1c302eb07d1745a8bc36
DA:6,1
DA:9,1
DA:11,1
DA:14,1
LF:4
LH:4
end_of_record
TN:
SF:t.3efbae8d27e57a2035ebc26d7df03e1eb3ee4b45dafd1092636fc9e14d73dcc6
DA:3,4
DA:4,4
LF:2
LH:2
end_of_record
TN:
SF:t.3f157b8d14fcdecdb7b3223db97dde6542add6762aa918f314e14db52093a925
DA:4,1
LF:1
LH:1
end_of_record
TN:
SF:t.3f6171f97b0adaadf6d328112b4639adefd173a53ae4594eab66520a8b619c23
DA:6,1
DA:9,1
DA:11,1
DA:14,1
LF:4
LH:4
end_of_record
TN:
SF:t.3f72acfdcea706fa1af08d5fab8d2e9a6cdb1b60301a77cdf7fe6e2b3b2e0788
DA:5,1
DA:8,1
DA:9,1
DA:13,1
DA:14,0
LF:5
LH:4
end_of_record
TN:
SF:t.3fb12bc993586d98b861db6a52a976331e15c3c39f014af9d4091c6ca0e634bd
DA:5,1
DA:8,1
DA:9,1
DA:13,1
DA:14,0
LF:5
LH:4
end_of_record
TN:
SF:t.3fd1de4a6823e51663ebcfe86db7d9d566343d0c2138dd8f965bf69cb71a313a
DA:6,1
DA:9,1
DA:11,1
DA:14,1
LF:4
LH:4
end_of_record
TN:
SF:t.3fd69ab45dd580ad6f7a20b9d3f719e067074744930ebceb1e563d775339dec2
DA:6,1
DA:9,1
DA:11,1
DA:14,1
LF:4
LH:4
end_of_record
TN:
SF:t.3fe0a2aae25a2522047bb6956f578c51723b0b9795dba8f8bd52323d5e69e3d2
DA:6,1
DA:9,1
DA:11,1
DA:14,1
LF:4
LH:4
end_of_record
TN:
SF:t.40267aa23e7430ae03a84d6828a3cfc27a4a26724684a7a67ff769a015ea70a7
DA:5,1
DA:8,1
DA:9,1
DA:13,1
DA:14,0
LF:5
LH:4
end_of_record
TN:
SF:t.4069472c6bb170d942a6b4fa16a2066ffbb862ba7dd165ef1e5f48eeea1ff965
DA:6,1
DA:9,1
DA:11,1
DA:14,1
LF:4
LH:4
end_of_record
TN:
SF:t.40a94ad1978936114618ccda9350dbdc2c3858fbac9da64030ae082ab5cee0b5
DA:6,1
DA:9,1
DA:11,1
DA:14,1
LF:4
LH:4
end_of_record
TN:
SF:t.40ad40b2e34b55225e1ca4dc00c37c728f9c504f60685fa7f584e10963c8445e
DA:6,1
DA:9,1
DA:11,1
DA:14,1
LF:4
LH:4
end_of_record
TN:
SF:t.40b4f4d33197cc892f8ddc44b389cc7670ac7260bff2c1ce6bb2986c5203dd33
DA:6,1
DA:9,1
DA:11,1
DA:14,1
LF:4
LH:4
end_of_record
TN:
SF:t.40c7beeb3b2f4bf1fed139da06ded62bad8b381fe6d6d1e76009f989457f363c
DA:5,1
DA:8,1
DA:9,1
DA:13,1
DA:14,0
LF:5
LH:4
end_of_record
TN:
SF:t.40d4494a59b7bc66345817e4afc62a3a44c3bcc52a50ab76ce67394292b22d18
DA:6,1
DA:9,1
DA:11,1
DA:14,1
LF:4
LH:4
end_of_record
TN:
SF:t.40e9065f34252bf2d0240dd38e5cbb118f2c8352c57e271fa2e0fcd0ffad1e03
DA:5,1
DA:8,1
DA:9,1
DA:13,1
DA:14,0
LF:5
LH:4
end_of_record
TN:
SF:t.4102b960c7a8f5e1f4931e406b82d1f333ce9de60d6841a584755233226d26b3
DA:6,1
DA:9,1
DA:11,1
DA:14,1
LF:4
LH:4
end_of_record
TN:
SF:t.411ab9aa088b49227044065b7af90b0129ddc03b95e97d5bb2158725850d4a54
DA:6,1
DA:9,1
DA:11,1
DA:14,1
LF:4
LH:4
end_of_record
TN:
SF:t.412497269c170af027291f08fef97a4eedf4979b928593a921a8d0e1ce8b6339
DA:5,1
DA:8,1
DA:9,1
DA:13,1
DA:14,0
LF:5
LH:4
end_of_record
TN:
SF:t.4147e560fdfd177c1464120b193b79a1f8c9aff6598ac493d5cc58a79c907757
DA:6,1
DA:9,1
DA:11,1
DA:14,1
LF:4
LH:4
end_of_record
TN:
SF:t.4155fa3f202a427bffeaccdfacb1f770eac341d09508f91f70912c6bc608e92d
DA:6,1
DA:9,1
DA:11,1
DA:14,1
LF:4
LH:4
end_of_record
TN:
SF:t.41a1b2f1d2b388d436c381dda25c8b9ef226846b7a44136936e52a6ea182f346
DA:6,1
DA:9,1
DA:11,1
DA:14,1
LF:4
LH:4
end_of_record
TN:
SF:t.41ac87aa7ca5b58d32d225a45ffc9375f82466a16cf7f8e97c6b2321c76559c3
DA:6,1
DA:9,1
DA:11,1
DA:14,1
LF:4
LH:4
end_of_record
TN:
SF:t.42038a9d50fb7e9832a0d00bc17119b5d4fc5f10cf55bb3f8528e7a44c75e55d
DA:6,1
DA:9,1
DA:11,1
DA:14,1
LF:4
LH:4
end_of_record
TN:
SF:t.421ace9a62890a7f61d986b0ae8c205c657b5697ae9350c8ff2479d790ab7600
DA:6,1
DA:9,1
DA:11,1
DA:14,1
LF:4
LH:4
end_of_record
TN:
SF:t.4227bd3f471f5bda4fb980e0d8941f370d52914fa4ec9ff2b3667c58cf83f305
DA:6,1
DA:7,1
DA:10,1
DA:13,1
DA:14,1
DA:17,1
LF:6
LH:6
end_of_record
TN:
SF:t.423bf7b2767bfdc87497f186319a4ceba8c1b95c0a9f09b5ff2d1f9b16193fdc
DA:5,1
DA:8,1
DA:9,1
DA:13,1
DA:14,0
LF:5
LH:4
end_of_record
TN:
SF:t.425b5109ab8c9ad62bf001f77146d5d2ded9f1f75382d8134bc8504f1f338205
DA:6,1
DA:9,1
DA:11,1
DA:14,1
LF:4
LH:4
end_of_record
TN:
SF:t.428f566e2caf91448bd13f9041178fba8b80b1f7983f0017c0c74a7d55ef9983
DA:4,1
LF:1
LH:1
end_of_record
TN:
SF:t.42a7a4e2870ca14e937efa0b2e9fd7e17e6475eaa4e65f3e39850271c2824b01
DA:6,1
DA:9,1
DA:11,1
DA:14,1
LF:4
LH:4
end_of_record
TN:
SF:t.42c44f177f3c7abffe0e015629db7b48e8d81fbabbf0b3b4f8ac0120bbed65f8
DA:6,1
DA:9,1
DA:11,1
DA:14,1
LF:4
LH:4
end_of_record
TN:
SF:t.430a02259d46112dc39f702d69a851ec9a842ff9f5b88c7168974b0ebae4e991
DA:5,1
DA:8,1
DA:9,1
DA:13,1
DA:14,0
LF:5
LH:4
end_of_record
TN:
SF:t.430c066828e2d7e93f351c0f2adcaa977500c2c39214ff096f76244c32a50a79
DA:6,1
DA:9,1
DA:11,1
DA:14,1
LF:4
LH:4
end_of_record
TN:
SF:t.431e14db7c127c0c78bfd9e9256c7f375f2678dff5e7ecb255b4520aff504fe9
DA:6,1
DA:9,1
DA:11,1
DA:14,1
LF:4
LH:4
end_of_record
TN:
SF:t.4336ce6699fba9ccb6c2bb934879a0dd12e035adf97e61211c3c5529fb6865ab
DA:6,1
DA:9,1
DA:11,1
DA:14,1
LF:4
LH:4
end_of_record
TN:
SF:t.43702505dac5f45e65b3bcf8a1245950504f2cf1820706c7d89a5a407a4f265a
DA:6,1
DA:9,1
DA:11,1
DA:14,1
LF:4
LH:4
end_of_record
TN:
SF:t.43b787e0fad9af3503fca9df31e0dd4759dd4319f183bb91fdb6a4136d31035c
DA:6,1
DA:9,1
DA:11,1
DA:14,1
LF:4
LH:4
end_of_record
TN:
SF:t.440452ef3c8d3f7e861ffb2551580b5c6c0d32c0a7317d73e45a42851117a91e
DA:6,1
DA:9,1
DA:11,1
DA:14,1
LF:4
LH:4
end_of_record
TN:
SF:t.440cf595b53a81518cca49666db4b7b74502c509398075cc912297e13ec929de
DA:6,1
DA:9,1
DA:11,1
DA:14,1
LF:4
LH:4
end_of_record
TN:
SF:t.44336ddd7e0875107e4865f36e003e5fc2fb63674e3afe42e391846f26d0265a
DA:6,1
DA:9,1
DA:11,1
DA:14,1
LF:4
LH:4
end_of_record
TN:
SF:t.449db44d0a612f33f6d1d78f9e74ee5b618f4a7c27160c7681c99385b9c86a03
DA:5,1
DA:8,1
DA:9,1
DA:13,1
DA:14,0
LF:5
LH:4
end_of_record
TN:
SF:t.44ac7e9a47fa40b724d8649754a7ef3d70002ed85f71ada8b376e0ff4fe95837
DA:6,1
DA:9,1
DA:11,1
DA:14,1
LF:4
LH:4
end_of_record
TN:
SF:t.44b7928b9eb14161222054a5edb9165f7d672e0852a392cda39d9b1e8b47b1d7
DA:5,1
DA:8,1
DA:9,1
DA:13,1
DA:14,0
LF:5
LH:4
end_of_record
TN:
SF:t.44c413fc01d36fcffa9dbbc581301609ae40709997d9bbde1117ae73f1db0311
DA:6,1
DA:9,1
DA:11,1
DA:14,1
LF:4
LH:4
end_of_record
TN:
SF:t.458d8d9bb30a0eb9ba4ef27a58458fffd988782c3d2ef1120c1b973f82d474ee
DA:6,1
DA:9,1
DA:11,1
DA:14,1
LF:4
LH:4
end_of_record
TN:
SF:t.45988476183676d0e158edf936181cffda514347ac6567c83c4a5ac18b21c255
DA:6,1
DA:9,1
DA:11,1
DA:14,1
LF:4
LH:4
end_of_record
TN:
SF:t.464785e5980bf50208d16c04ed8b902725ef5432302c8d98f663c1ce22e0439a
DA:5,1
DA:8,1
DA:9,1
DA:13,1
DA:14,0
LF:5
LH:4
end_of_record
TN:
SF:t.466198421a63ca28344562312d8a3a2d8efd36587f6ee4a358b801adfad8c759
DA:6,1
DA:9,1
DA:11,1
DA:14,1
LF:4
LH:4
end_of_record
TN:
SF:t.46844362b282202a232ccae6a5e7f2c35aaec09a0e968d776768e36a797287cc
DA:6,1
DA:9,1
DA:11,1
DA:14,1
LF:4
LH:4
end_of_record
TN:
SF:t.46aaa76f4c0432fcb7e0e3a7bb11794ca992ba138dbdf88416566a01c361a060
DA:5,1
DA:8,1
DA:9,1
DA:13,1
DA:14,0
LF:5
LH:4
end_of_record
TN:
SF:t.46f6213cd7d50bad5b997a371f48d634aa55c8ab692707eb9f901f64eda701f0
DA:5,1
DA:8,1
DA:9,1
DA:13,1
DA:14,0
LF:5
LH:4
end_of_record
TN:
SF:t.47264267d52ef09a6f4472a75e5f9b40d22a01d5a3b071a9a9547fde64553474
DA:6,1
DA:9,1
DA:11,1
DA:14,1
LF:4
LH:4
end_of_record
TN:
SF:t.4760687fdcfb3c5d7a85a9afe78dc4074d7b84bae44d306bbb05a01cb57826e1
DA:5,1
DA:8,1
DA:9,1
DA:13,1
DA:14,0
LF:5
LH:4
end_of_record
TN:
SF:t.47637bf6b660857946d0a073b5c98b1135900ad1e344ae0c64f6522a21829678
DA:6,1
DA:9,1
DA:11,1
DA:14,1
LF:4
LH:4
end_of_record
TN:
SF:t.47724900562ae93ec5f3b664d8aaf5a56b548644d1b98c01b0c2238379dd71d8
DA:5,1
DA:8,1
DA:9,1
DA:13,1
DA:14,0
LF:5
LH:4
end_of_record
TN:
SF:t.478a13441c0150e38cb71174c588cbe19bf5b0a03149705420834e6d0f28be8e
DA:5,1
DA:8,1
DA:9,1
DA:13,1
DA:14,0
LF:5
LH:4
end_of_record
TN:
SF:t.47ba9cc3629e699c9018a6f795eb98afaa85a12f7691ab3bf91a286a4f66f44c
DA:6,1
DA:9,1
DA:11,1
DA:14,1
LF:4
LH:4
end_of_record
TN:
SF:t.47ce27b4974b28d71c95fcff8a214d6a44f5f1359c8faad62b858f15b177b5b5
DA:5,1
DA:8,1
DA:9,1
DA:13,1
DA:14,0
LF:5
LH:4
end_of_record
TN:
SF:t.47d42a1280906eedf0d47094037074adf2aa14ab16e90d7ed6f4321afccf1b6c
DA:6,1
DA:9,1
DA:11,1
DA:14,1
LF:4
LH:4
end_of_record
TN:
SF:t.47e7a0ac89a056860da4f4e07f3e47cd71eca6b6cf147fdb7c5aafc5eb30d919
DA:5,1
DA:8,1
DA:9,1
DA:13,1
DA:14,0
LF:5
LH:4
end_of_record
TN:
SF:t.4830acd9142e1df977b9b24f983792c04178f6e0ba54105052efa4865855d715
DA:6,1
DA:9,1
DA:11,1
DA:14,1
LF:4
LH:4
end_of_record
TN:
SF:t.4832a0b53d0c4d267220657bde927e3d36f9b9ee8ecf63eb9a6747dffbc572cc
DA:5,1
DA:8,1
DA:9,1
DA:13,1
DA:14,0
LF:5
LH:4
end_of_record
TN:
SF:t.489ff398850364c2a799a5ec812781840f3ec24330a3f2962c7904daba956b7e
DA:3,1
LF:1
LH:1
end_of_record
TN:
SF:t.48b0277e917b1872360beb908c6f68d4470f5e6ed0bc8a4779b52a98a8f0db60
DA:6,1
DA:9,1
DA:11,1
DA:14,1
LF:4
LH:4
end_of_record
TN:
SF:t.48b643ce8d727aa0054de4edbedee1fa82c839c5fd1e06345e7c581d0e2dcc31
DA:6,1
DA:9,1
DA:11,1
DA:14,1
LF:4
LH:4
end_of_record
TN:
SF:t.48da36bc2500cdf1a86bd1930d4f59e756dc979c0a39a549d17ba5a83454ebee
DA:6,1
DA:9,1
DA:11,1
DA:14,1
LF:4
LH:4
end_of_record
TN:
SF:t.492b499b32c8aa3edbf41f0f80892d76e0a082a7f56a5d4c7f5b27d1022f7bce
DA:5,1
DA:8,1
DA:9,1
DA:13,1
DA:14,0
LF:5
LH:4
end_of_record
TN:
SF:t.497435c16f58b570726fb1593140e14adf7385d9fe946b0dbfcbb66839585c12
DA:4,1
LF:1
LH:1
end_of_record
TN:
SF:t.4978098936b39ec98ef5fa4a3082959953abfcdb1b76e27bd89ec23c3162d34d
DA:6,1
DA:9,1
DA:11,1
DA:14,1
LF:4
LH:4
end_of_record
TN:
SF:t.49a9820591d4c24b73b8101f11098baeb4e47fac86a5666e3d22e23b79629492
DA:6,1
DA:9,1
DA:11,1
DA:14,1
LF:4
LH:4
end_of_record
TN:
SF:t.49ccf1505467ecd7a0bd03371dede419e9a3dc9aae3e05d7d5ba4f7f2bf49257
DA:6,1
DA:9,1
DA:11,1
DA:14,1
LF:4
LH:4
end_of_record
TN:
SF:t.4a2062eafc79e1f17587ed979502eed57dbd3b13bdd164ed88767915fef28b4f
DA:6,1
DA:9,1
DA:11,1
DA:14,1
LF:4
LH:4
end_of_record
TN:
SF:t.4a43a212fe08e2f89e7d9a4a08df0ac696b2c2bca2b7a5c3f26cc910ff058c0e
DA:5,1
DA:8,1
DA:9,1
DA:13,1
DA:14,0
LF:5
LH:4
end_of_record
TN:
SF:t.4a494e9a6779c4c0f62911034e12902b93852f82a265b3b8b758043066c81053
DA:3,24
LF:1
LH:1
end_of_record
TN:
SF:t.4a589c8de5fd78beacc7b2a0b6ba60f49b3a7cca47b26ed07514bdcb26206b5b
DA:6,1
DA:9,1
DA:11,1
DA:14,1
LF:4
LH:4
end_of_record
TN:
SF:t.4a84909fbc558506aa283212a9d1c59318445278a5c4ebc4f4b3f8ffd7dd9381
DA:3,1
DA:4,1
LF:2
LH:2
end_of_record
TN:
SF:t.4a94376c29673f33356b5aed780bc0530aef358b51ae2170138ed96b5e6cb55e
DA:6,1
DA:9,1
DA:11,1
DA:14,1
LF:4
LH:4
end_of_record
TN:
SF:t.4adcd18cb9c36c1825518fddeacdf83825a387ed37c1a2bbc0641fc2c3e8efc5
DA:5,1
DA:8,1
DA:9,1
DA:13,1
DA:14,0
LF:5
LH:4
end_of_record
TN:
SF:t.4ae083801a3854a1c542aad0060cb1569b5fa2c3fd70439441a20a69368f11fe
DA:6,1
DA:9,1
DA:11,1
DA:14,1
LF:4
LH:4
end_of_record
TN:
SF:t.4aecba9ec48c49b42f4414e8f8e446450e08b3619bf4f2456bdcef89a28ddebc
DA:6,1
DA:9,1
DA:11,1
DA:14,1
LF:4
LH:4
end_of_record
TN:
SF:t.4b042a0e76341838045291399d8db8a9841e677c697c2004e44c58f7bc1f5ae0
DA:6,1
DA:9,1
DA:11,1
DA:14,1
LF:4
LH:4
end_of_record
TN:
SF:t.4b0fdf7b50505e8289f5137be0945925bf5c9aca1cdf8b66c24d3057fc2f6ad1
DA:6,1
DA:9,1
DA:11,1
DA:14,1
LF:4
LH:4
end_of_record
TN:
SF:t.4b23baed3b9a5466cc66c4ed5778cb1330d74b4fe5e6e49601e4cbdeeb4073e3
DA:6,1
DA:9,1
DA:11,1
DA:14,1
LF:4
LH:4
end_of_record
TN:
SF:t.4b366e19aca2031a266b15afdfd33ec1d5e67396dc7424385f26ea039ec753d6
DA:6,1
DA:9,1
DA:11,1
DA:14,1
LF:4
LH:4
end_of_record
TN:
SF:t.4b3721906afbe51308a9b2f2679c5b41dfd06addbaecbdc8153ced6aa2bbb6af
DA:6,1
DA:9,1
DA:11,1
DA:14,1
LF:4
LH:4
end_of_record
TN:
SF:t.4b4384cfbee33b4916d4f48809cc1d3a1096948d2afb92711fd93da04dc35d9e
DA:6,1
DA:9,1
DA:11,1
DA:14,1
LF:4
LH:4
end_of_record
TN:
SF:t.4b4c683e37a34e9d8f338d96bc4eff0a65e0863b99ce754a2abf068c2cb5ad11
DA:6,1
DA:9,1
DA:11,1
DA:14,1
LF:4
LH:4
end_of_record
TN:
SF:t.4b8fc91538975d8ede454354291120daaa317185352afd31498d670348710ca8
DA:6,1
DA:9,1
DA:11,1
DA:14,1
LF:4
LH:4
end_of_record
TN:
SF:t.4b949896783ba7b67ac2cd7c903c2d02a0d2a5598a8e15c962e80932cf358bf2
DA:6,1
DA:9,1
DA:11,1
DA:14,1
LF:4
LH:4
end_of_record
TN:
SF:t.4b968c91c156c46e61d9a80108ba72af90447c33a44d2d8dfff8b41106be7de4
DA:5,1
DA:8,1
DA:9,1
DA:13,1
DA:14,0
LF:5
LH:4
end_of_record
TN:
SF:t.4b981559e17cd0dc5629eed351f140cce9a7ded4168de2b10cac28222412d153
DA:6,1
DA:9,1
DA:11,1
DA:14,1
LF:4
LH:4
end_of_record
TN:
SF:t.4b98ea3accac96527d131b9a9c2aa704f32798eb50ffc572d4ade25e7d7b1a64
DA:6,1
DA:9,1
DA:11,1
DA:14,1
LF:4
LH:4
end_of_record
TN:
SF:t.4bd70a644dd8eda8ecfcaf73f91db0b0e4e08fd5d44e0c35c6997404146f3cde
DA:6,1
DA:9,1
DA:11,1
DA:14,1
LF:4
LH:4
end_of_record
TN:
SF:t.4c01281c678edb44213a28be9b6a8dc5cd8d88cda630c4441e47311896d7d0ed
DA:5,1
DA:8,1
DA:9,1
DA:13,1
DA:14,0
LF:5
LH:4
end_of_record
TN:
SF:t.4c5932fbafd51c1033f4b0d826d52cdaa6efa0b9e27213c15de3eda1cf58348d
DA:6,1
DA:9,1
DA:11,1
DA:14,1
LF:4
LH:4
end_of_record
TN:
SF:t.4ce814304b4d87cbe5c6b9249a88f3ca58cb9508e0d8de7ed466c3fb6dd333a8
DA:6,1
DA:9,1
DA:11,1
DA:14,1
LF:4
LH:4
end_of_record
TN:
SF:t.4d40c03f0823b7084830668db1c05d74e99683b2e9fabc8e5e588ec5bcc0c273
DA:3,1
DA:4,1
LF:2
LH:2
end_of_record
TN:
SF:t.4d63556132e704f4b2d0fb32a8923504222c973f6a8c87cd61679535b3324f45
DA:6,1
DA:9,1
DA:11,1
DA:14,1
LF:4
LH:4
end_of_record
TN:
SF:t.4d6398472622f3fe32d57a9841df7c425fe71fa8b464f809eb2869e8cd549fca
DA:5,1
DA:8,1
DA:9,1
DA:13,1
DA:14,0
LF:5
LH:4
end_of_record
TN:
SF:t.4d9a0c309e3db26234ae9c3c3499c1538a1e58de8de675d13c70214fdb56e72e
DA:6,1
DA:9,1
DA:11,1
DA:14,1
LF:4
LH:4
end_of_record
TN:
SF:t.4dae3cfc4708ffa3c6e6e22bf7a655fc55e0b01e043cd34bd62f5490bd9d03df
DA:3,1
DA:4,1
LF:2
LH:2
end_of_record
TN:
SF:t.4dc5df580f08d86c7d4f0a5aec37576311df1aea0d3fc57e2e9a7d65d55c55e8
DA:5,1
DA:8,1
DA:9,1
DA:13,1
DA:14,0
LF:5
LH:4
end_of_record
TN:
SF:t.4dd7c03288a0ae99efb5857f5242316ec1c676584d4c6c4f67429abb7c1565d4
DA:6,1
DA:9,1
DA:11,1
DA:14,1
LF:4
LH:4
end_of_record
TN:
SF:t.4dd8b4f4c4de2429681c7da51ef89e28c3f3424c95035c1afe2683e1f81ad740
DA:6,1
DA:9,1
DA:11,1
DA:14,1
LF:4
LH:4
end_of_record
TN:
SF:t.4e07d730189e35653cfb56230fca10ae261c9098f8081ebcf1a945ad6e092b06
DA:5,1
DA:8,1
DA:9,1
DA:13,1
DA:14,0
LF:5
LH:4
end_of_record
TN:
SF:t.4ebc8cfefcfb9731c839ec5f5f46a6e5d4b7b39ee521ab0d47d734534c819737
DA:6,1
DA:9,1
DA:11,1
DA:14,1
LF:4
LH:4
end_of_record
TN:
SF:t.4ed1d05e5153c14ef67b63b3ef2b1cebc1bf0d43cc29119d5970f72fcd91e00c
DA:6,1
DA:9,1
DA:11,1
DA:14,1
LF:4
LH:4
end_of_record
TN:
SF:t.4edea9fb9abcfb7dccd6f3ea69c9ed2b0c613a063da72fe2940aba2c3ce47dee
DA:6,1
DA:9,1
DA:11,1
DA:14,1
LF:4
LH:4
end_of_record
TN:
SF:t.4f00170b3580e964d1fc9becb1dd4c734a2784dac23dc26df8b94880c6efa70e
DA:5,1
DA:8,1
DA:9,1
DA:13,1
DA:14,0
LF:5
LH:4
end_of_record
TN:
SF:t.4f0a5bc869b057d713825b986a4b3349a1230c1094ea7aa5fd250ac5b9b914fa
DA:6,1
DA:9,1
DA:11,1
DA:14,1
LF:4
LH:4
end_of_record
TN:
SF:t.4f69464c7cc34faf1a9ba95198893c096cce0f71fdd45c7d58e5d42bac3179b4
DA:6,1
DA:9,1
DA:11,1
DA:14,1
LF:4
LH:4
end_of_record
TN:
SF:t.4fc56a9d4064e7936b97877d6d50c74942b04b1860b3cfefda00a263d42ff255
DA:6,1
DA:9,1
DA:11,1
DA:14,1
LF:4
LH:4
end_of_record
TN:
SF:t.50111f0761f1aedfd2ef833d0be98a5fad787b20320d97f651785e8cfe926dc9
DA:4,1
LF:1
LH:1
end_of_record
TN:
SF:t.5032fca8f4901f3905ba039fe639dc67f8784acccf91ae2e260c9998e43edb78
DA:6,1
DA:9,1
DA:11,1
DA:14,1
LF:4
LH:4
end_of_record
TN:
SF:t.5062840d98b9faddd06b1b5c8e4eedaeb5b08c862421321faa5c70d5cf7d9e7f
DA:6,1
DA:9,1
DA:11,1
DA:14,1
LF:4
LH:4
end_of_record
TN:
SF:t.50bcd4b7c4ee24dce36f140edf4fba7a058e3d0b55a69c0b0c2dba1f203046bd
DA:4,1
LF:1
LH:1
end_of_record
TN:
SF:t.512f46833ed6e3fd8a7efe2165a361ee8022bf5c51858b58bc714512837b54f2
DA:6,1
DA:9,1
DA:11,1
DA:14,1
LF:4
LH:4
end_of_record
TN:
SF:t.516a407e42265b54d144741a9c6c40a3b43d0fda8d2fb6f5b6e479b208e06c16
DA:6,1
DA:9,1
DA:11,1
DA:14,1
LF:4
LH:4
end_of_record
TN:
SF:t.517d8d18e69d096e6b42933bc2950d653d0f63233e75ed66b159e9e12653340b
DA:6,1
DA:9,1
DA:11,1
DA:14,1
LF:4
LH:4
end_of_record
TN:
SF:t.5195153ffa39810088356eda61b409deeca1e281de3c517001e6d158dcffdb35
DA:6,1
DA:9,1
DA:11,1
DA:14,1
LF:4
LH:4
end_of_record
TN:
SF:t.5196e785f9b1022bf3fa8c717be850eea0705ab0a708de515a57ca49e3847a49
DA:6,1
DA:9,1
DA:11,1
DA:14,1
LF:4
LH:4
end_of_record
TN:
SF:t.519d91df180a06182d3a5e4d418e6acfdfd545ea7bc7e00cfbc732a1ab721eac
DA:5,1
DA:8,1
DA:9,1
DA:13,1
DA:14,0
LF:5
LH:4
end_of_record
TN:
SF:t.51cc20374d74a4eaf93e58bb4e7b3b0f3122689fa728be862cd5f187c2ed7c2c
DA:10,24
DA:14,24
DA:20,24
DA:21,24
DA:23,24
DA:25,24
LF:6
LH:6
end_of_record
TN:
SF:t.52328a4c365e8ca8118d356577391a58b5c65bb1504e4b33f1d8b1d6646af8f0
DA:6,1
DA:9,1
DA:11,1
DA:14,1
LF:4
LH:4
end_of_record
TN:
SF:t.52a40f2004328e439c4214d34871ff753af9b4553fdaf0dd376632b003f3c82c
DA:6,1
DA:9,1
DA:11,1
DA:14,1
LF:4
LH:4
end_of_record
TN:
SF:t.52e222895775675bb55b0da967fd8371e5002b8bfd81ceef90801490c28e4a0f
DA:6,1
DA:9,1
DA:11,1
DA:14,1
LF:4
LH:4
end_of_record
TN:
SF:t.5312d92c3aff35ac73dd51e2d80707f34ff838bddfad309e47d451d7be0e12ba
DA:5,1
DA:8,1
DA:9,1
DA:13,1
DA:14,0
LF:5
LH:4
end_of_record
TN:
SF:t.5322862920d290a30b8f369df397aee81200aac0e5eb3eda0390afd1dbcc7537
DA:6,1
DA:9,1
DA:11,1
DA:14,1
LF:4
LH:4
end_of_record
TN:
SF:t.5373a85c7a783c7688d580f2368e8102f036118da62b72f49f6e76bbf2d8d9b4
DA:5,1
DA:8,1
DA:9,1
DA:13,1
DA:14,0
LF:5
LH:4
end_of_record
TN:
SF:t.53d180390d7d4095c138f55bcf36d69c01442bac92c13bab8077769040ca9923
DA:5,1
DA:8,1
DA:9,1
DA:13,1
DA:14,0
LF:5
LH:4
end_of_record
TN:
SF:t.53ddd6cf5006a092e610f3363420798604062263bef98135656ff30c447eae01
DA:6,1
DA:9,1
DA:11,1
DA:14,1
LF:4
LH:4
end_of_record
TN:
SF:t.53f96132d9f9b2a99da39cad089e48cf2ce091bc3d3bad3e7ad55e1bf2b1fec4
DA:6,1
DA:9,1
DA:11,1
DA:14,1
LF:4
LH:4
end_of_record
TN:
SF:t.54014e8ca92783f4c53f7138db5b4ea3fbf1f9f1d0b70aa01252f853eca93f24
DA:6,1
DA:9,1
DA:11,1
DA:14,1
LF:4
LH:4
end_of_record
TN:
SF:t.540b5e3feacf6054f8163e8e53f76ab556e545dbe8a4c6a9834b44ddbc9b92c7
DA:6,1
DA:9,1
DA:11,1
DA:14,1
LF:4
LH:4
end_of_record
TN:
SF:t.5421652c60231fa879ff6292ff3a0dc231d2f1a835f764fb7a0d0acbacc458f3
DA:6,1
DA:9,1
DA:11,1
DA:14,1
LF:4
LH:4
end_of_record
TN:
SF:t.54420ff417fcc22fcd94f10ad4d9b1e1db830719d4870c80f313d067b0a70f38
DA:5,1
DA:8,1
DA:9,1
DA:13,1
DA:14,0
LF:5
LH:4
end_of_record
TN:
SF:t.545ff7e053e4606c6e0a77e1a151744acf164b3ad55bbb12bece4010852926c2
DA:6,1
DA:9,1
DA:11,1
DA:14,1
LF:4
LH:4
end_of_record
TN:
SF:t.54816e21dfb5bc31c6ce200ac2b83e675105109651f10cbcac3a1d8de5dcafe6
DA:5,1
DA:8,1
DA:9,1
DA:13,1
DA:14,0
LF:5
LH:4
end_of_record
TN:
SF:t.54a0625300f528b4e67727502a68b8dc59c9da7d33682d9e7b2f15e32f36efc0
DA:6,1
DA:9,1
DA:11,1
DA:14,1
LF:4
LH:4
end_of_record
TN:
SF:t.54f2d11df6533b36a48ef04ea555e21830f028b29ba217e804d76afaa84f9eae
DA:5,1
DA:8,1
DA:9,1
DA:13,1
DA:14,0
LF:5
LH:4
end_of_record
TN:
SF:t.551dd2e6c0198ad97d9c44f99839e4f0432a8a0333d5bef015f524f50dc18da0
DA:4,1
LF:1
LH:1
end_of_record
TN:
SF:t.5520873aa8eb28e274fdd8729946f55c6d395ed00fec9de4fae65328da74a809
DA:6,1
DA:9,1
DA:11,1
DA:14,1
LF:4
LH:4
end_of_record
TN:
SF:t.5537fd19bb47bad3b3183a9689954ffe5ca043830a7ff2cf7c2257a586e9d5a4
DA:5,1
DA:8,1
DA:9,1
DA:13,1
DA:14,0
LF:5
LH:4
end_of_record
TN:
SF:t.554d8f394e7ad9d6bc48dabbb13ba1370ac875303c7f25d956f5117b4fc9c5f9
DA:6,1
DA:9,1
DA:11,1
DA:14,1
LF:4
LH:4
end_of_record
TN:
SF:t.556d871acd8068e13101f017dd8647c9774cf4fc1f83890aeed158e698c7d103
DA:5,1
DA:8,1
DA:9,1
DA:13,1
DA:14,0
LF:5
LH:4
end_of_record
TN:
SF:t.5574173a51330042212670b4384e572d01b9b4af375a0ccaee1bc3f4cca8f488
DA:6,1
DA:9,1
DA:11,1
DA:14,1
LF:4
LH:4
end_of_record
TN:
SF:t.5576ce6b41cae29a72229ad34886b8dd8ba4f53a35ccfbd101516c2cf5239208
DA:6,1
DA:9,1
DA:11,1
DA:14,1
LF:4
LH:4
end_of_record
TN:
[...]
DA:6,1
DA:9,1
DA:11,1
DA:14,1
LF:4
LH:4
end_of_record
TN:
SF:t.e953a9991b52845bcd32fe4565c257581081fb9f9f3674250ddfe10cd2820321
DA:6,1
DA:9,1
DA:11,1
DA:14,1
LF:4
LH:4
end_of_record
TN:
SF:t.e96d08b06f13c3c4f9c3f802ec41d3d6afb7439c2f28d0bea28980cf1da048a5
DA:6,1
DA:9,1
DA:11,1
DA:14,1
LF:4
LH:4
end_of_record
TN:
SF:t.e994ff102328244183edb6b374fbd7a3fb1dc43bbf531c2f47ad71906741fd13
DA:6,1
DA:9,1
DA:11,1
DA:14,1
LF:4
LH:4
end_of_record
TN:
SF:t.e9a80d8b1fc3025b2adf3beabccc903601ad5bb1ed10dfac365ae48eab83f571
DA:5,1
DA:8,1
DA:9,1
DA:13,1
DA:14,0
LF:5
LH:4
end_of_record
TN:
SF:t.e9d2c16300c1ddf0d34801579b555eedb2bd2bb0abbd960aad26c099922dc9c0
DA:6,1
DA:9,1
DA:11,1
DA:14,1
LF:4
LH:4
end_of_record
TN:
SF:t.ea75c1ccf545fc5ba644c6490dba2f5c1ac69d0eafb6999693c6ba554ce56f00
DA:4,1
LF:1
LH:1
end_of_record
TN:
SF:t.ea7d5e8d9b93c86cc02bac794ed470c8de51ceee59f7aa6eee7800ad1abad7e0
DA:5,1
DA:8,1
DA:9,1
DA:13,1
DA:14,0
LF:5
LH:4
end_of_record
TN:
SF:t.ea91123354bd87eb370be390d70f639e2113ce36048533c2fce77c40911b59fe
DA:6,1
DA:9,1
DA:11,1
DA:14,1
LF:4
LH:4
end_of_record
TN:
SF:t.eab022526fd33d3ea2cb648cf43877e63a038dfa472e666b8789e29b7f9b92cc
DA:5,1
DA:8,1
DA:9,1
DA:13,1
DA:14,0
LF:5
LH:4
end_of_record
TN:
SF:t.ead562f4cd9505868e7de7debccf84277eb299053e1f667065d7644b1ab3df5b
DA:5,1
DA:8,1
DA:9,1
DA:13,1
DA:14,0
LF:5
LH:4
end_of_record
TN:
SF:t.eaf8fe1932b0c55bb20c434b007e2e57c0b23e01ac33edfcdfdb71c80903abf1
DA:6,1
DA:9,1
DA:11,1
DA:14,1
LF:4
LH:4
end_of_record
TN:
SF:t.eb0e88136a3e8256ea49575530df06285ae803ed1d8aa61988b2f66200fadd32
DA:5,1
DA:8,1
DA:9,1
DA:13,1
DA:14,0
LF:5
LH:4
end_of_record
TN:
SF:t.eba6010edc9230d776f6c744b4e4f13c70cecbd7fb89c793aeffc5cbbdfb2a87
DA:6,1
DA:9,1
DA:11,1
DA:14,1
LF:4
LH:4
end_of_record
TN:
SF:t.ebb3089261ad8174aaebfceaa10085928fd74e1c32f824bfee601618117ec7ef
DA:5,1
DA:8,1
DA:9,1
DA:13,1
DA:14,0
LF:5
LH:4
end_of_record
TN:
SF:t.ebe4bca6d81562588bcae6042c0af79bbbbea9fe391ec02180b636776953ac06
DA:5,1
DA:8,1
DA:9,1
DA:13,1
DA:14,0
LF:5
LH:4
end_of_record
TN:
SF:t.ec1d9089e889a764d6828372bc1828ffe0b81ca931dbf53fa24e1abdb5398fcf
DA:4,1
LF:1
LH:1
end_of_record
TN:
SF:t.ec3cf0caa914cfe6e5efbe9a6dc77ff7443dcf12777b10256356480c6bcc4c48
DA:6,1
DA:9,1
DA:11,1
DA:14,1
LF:4
LH:4
end_of_record
TN:
SF:t.ec64465cd463413e10825f883a3a08eace76138be5034e886cbf192241874d83
DA:6,1
DA:9,1
DA:11,1
DA:14,1
LF:4
LH:4
end_of_record
TN:
SF:t.ec71382ef9f36601958029aff400e99080dfab5190a1cd2a63b47f6f8c0473a4
DA:6,1
DA:9,1
DA:11,1
DA:14,1
LF:4
LH:4
end_of_record
TN:
SF:t.ec75a56da0d5c2ae475c1ede8934c3b769d445f49993ac0e0e8d2acec0ece45a
DA:6,1
DA:9,1
DA:11,1
DA:14,1
LF:4
LH:4
end_of_record
TN:
SF:t.ec97fec8146bcc2b0fcca7c41c3ed1bff87f416c99306ecf38e413e7094a0ea1
DA:5,1
DA:8,1
DA:9,1
DA:13,1
DA:14,0
LF:5
LH:4
end_of_record
TN:
SF:t.ed16c9e4405b90e3865eb3a38394e05310b355b908791ff19853fa6266692134
DA:6,1
DA:9,1
DA:11,1
DA:14,1
LF:4
LH:4
end_of_record
TN:
SF:t.ed33c01288a64da170a5094d5956ffc6c39373aa061d151e4dd3cf163c06f374
DA:6,1
DA:9,1
DA:11,1
DA:14,1
LF:4
LH:4
end_of_record
TN:
SF:t.ed3fb057df3d1dcf8eb75ac9c84cc88a8bf73d0080fa46a4e2e0ad91ba1dab97
DA:5,1
DA:8,1
DA:9,1
DA:13,1
DA:14,0
LF:5
LH:4
end_of_record
TN:
SF:t.ed4d4bac124373663a4ca7f320dc9c1db9e175bb09b8ffda675922e3db867b6d
DA:6,1
DA:9,1
DA:11,1
DA:14,1
LF:4
LH:4
end_of_record
TN:
SF:t.edacf3f2cdf8dc32b29cce58a7300ef77cf4fdf38c916b0f80862099be339325
DA:6,1
DA:9,1
DA:11,1
DA:14,1
LF:4
LH:4
end_of_record
TN:
SF:t.edec44c19645ea6a5d4978cadfe50115c3fc7b44bcdfecbac97018915797f3c1
DA:5,1
DA:8,1
DA:9,1
DA:13,1
DA:14,0
LF:5
LH:4
end_of_record
TN:
SF:t.edf938fafe9e7aca1325fd6770ebf8a919c5d6f2a0c8f0d9bc520e2029386c7b
DA:6,1
DA:9,1
DA:11,1
DA:14,1
LF:4
LH:4
end_of_record
TN:
SF:t.edfce7fc5f933f5d5d648247cae0d9e5d0950acbb850738887ce852263a7e96b
DA:5,1
DA:8,1
DA:9,1
DA:13,1
DA:14,0
LF:5
LH:4
end_of_record
TN:
SF:t.ee0879cb539e3521a4346a650138e353f9a08daf6697355ddbee97736a045796
DA:6,1
DA:9,1
DA:11,1
DA:14,1
LF:4
LH:4
end_of_record
TN:
SF:t.ee1fe494437b8ea7ba4cdd54295f66fa5116b9d36b24ee41097ea8d90fa9690c
DA:5,1
DA:8,1
DA:9,1
DA:13,1
DA:14,0
LF:5
LH:4
end_of_record
TN:
SF:t.ee354ecab5478520f1d17a12f874a9b356fa20166e2bbd542579207e00c42654
DA:6,1
DA:9,1
DA:11,1
DA:14,1
LF:4
LH:4
end_of_record
TN:
SF:t.ee48207d9db70d146234ecc36b2fda8f1818950ffad92ab2dfdfe130d7064ab6
DA:5,1
DA:8,1
DA:9,1
DA:13,1
DA:14,0
LF:5
LH:4
end_of_record
TN:
SF:t.ee8a636e8894784102807f6b67b2e4dbcea7f562e421eec220085fe8aa4fad86
DA:5,1
DA:8,1
DA:9,1
DA:13,1
DA:14,0
LF:5
LH:4
end_of_record
TN:
SF:t.eead0d30a70167ba3d0eab787836bb14a00fa346c8e5ad81f783098bdfa6f7f6
DA:4,1
LF:1
LH:1
end_of_record
TN:
SF:t.eeb303f766be4077f82ecf318ae8dd1de47d56fd348645bd10c051faf343c043
DA:3,1
LF:1
LH:1
end_of_record
TN:
SF:t.eeb33058d26ddc827abfba902f69add9951e1eb6999552a662dfd24f9540093a
DA:5,1
DA:8,1
DA:9,1
DA:13,1
DA:14,0
LF:5
LH:4
end_of_record
TN:
SF:t.eec6d6fb72049fd90049226c2ed2d70d04577e871c9dc74e124cce3dcbb27c08
DA:6,1
DA:9,1
DA:11,1
DA:14,1
LF:4
LH:4
end_of_record
TN:
SF:t.eed8036921952847dc7ef6c31dce7c17bd6d6f9fb1acd559dcb41547309cffe5
DA:6,1
DA:9,1
DA:11,1
DA:14,1
LF:4
LH:4
end_of_record
TN:
SF:t.eef8f4d4434045f55f00ab37b7a797c880f9d813e164326a8e2eef3f71486761
DA:6,1
DA:9,1
DA:11,1
DA:14,1
LF:4
LH:4
end_of_record
TN:
SF:t.eefb012a6bc640fc583324f851b81939f17bc88856577f568e777dfffb16c4ea
DA:5,1
DA:8,1
DA:9,1
DA:13,1
DA:14,0
LF:5
LH:4
end_of_record
TN:
SF:t.eefc84c6ab3fd4202bc52545e00b945e770e9b2c7a2a01d48d9f6036af019c4e
DA:5,1
DA:8,1
DA:9,1
DA:13,1
DA:14,0
LF:5
LH:4
end_of_record
TN:
SF:t.ef452ac4a4f27af0eb886f28fe325085bcf89429a6b74e0028b232da8548f8d4
DA:6,24
DA:9,24
LF:2
LH:2
end_of_record
TN:
SF:t.ef754c647863dd58f3a08cb7c47ca6524a773633af11a6d6cd22ca2b4ff59e60
DA:5,1
DA:8,1
DA:9,1
DA:13,1
DA:14,0
LF:5
LH:4
end_of_record
TN:
SF:t.ef8f3dc72897c2c1f3587897880b3ba6f6bac73105f0d3b55dbb1b8764220de0
DA:6,1
DA:9,1
DA:11,1
DA:14,1
LF:4
LH:4
end_of_record
TN:
SF:t.ef9d6977bbac2799bb5b36c7133d9c0501bf68c548dab86bedd05b0018faa84f
DA:5,1
DA:8,1
DA:9,1
DA:13,1
DA:14,0
LF:5
LH:4
end_of_record
TN:
SF:t.efb0c3c6640447b30a508436d65479b01c4ee8a45e9a21865bfba24212dde2b7
DA:6,1
DA:9,1
DA:11,1
DA:14,1
LF:4
LH:4
end_of_record
TN:
SF:t.efd6b99685ec379e0827e983a9cb982f4ea8e827cd6ac2fc4d7bbc61fb198de9
DA:4,1
LF:1
LH:1
end_of_record
TN:
SF:t.f05b9933a7d0406b579b6ffb782324aa00aabf553c1028152d17a70a803aa340
DA:6,1
DA:9,1
DA:11,1
DA:14,1
LF:4
LH:4
end_of_record
TN:
SF:t.f1191c125fd810d63a4f0d6e26c9f9eac2497a0badc2be89cc7a17459e54f4d0
DA:3,1
LF:1
LH:1
end_of_record
TN:
SF:t.f18b2d3a6fca9867b5409f9535bfd66ba1311d7bff64d1accb6dcb45df4127b7
DA:6,1
DA:9,1
DA:11,1
DA:14,1
LF:4
LH:4
end_of_record
TN:
SF:t.f1a6bf3126dd4997babe70346b2b5f6e9e04b6e76ec0d5f20f087bb001b12a0d
DA:6,1
DA:9,1
DA:11,1
DA:14,1
LF:4
LH:4
end_of_record
TN:
SF:t.f23bca8a253286a84ed06a11a8742863a20a040ec95710cfd5325e032bf516d4
DA:6,1
DA:9,1
DA:11,1
DA:14,1
LF:4
LH:4
end_of_record
TN:
SF:t.f26de01d1d2f9bb12ff8f5a2ca49220463bf0f01d39eb5771c29a32f2b550eee
DA:6,1
DA:9,1
DA:11,1
DA:14,1
LF:4
LH:4
end_of_record
TN:
SF:t.f29333a3b840954eb99c5c8313fbbd8ffb7629b1ea5b1533196b199e3c6374c6
DA:6,1
DA:9,1
DA:11,1
DA:14,1
LF:4
LH:4
end_of_record
TN:
SF:t.f3230a3928aead155f14029b6524c86b4bb09533e6bc572d94fd8a932aaed801
DA:5,1
DA:8,1
DA:9,1
DA:13,1
DA:14,0
LF:5
LH:4
end_of_record
TN:
SF:t.f336b3f750dd14a7ee915cdf30c9ba80ce84575d512c06b95fd3ce5dfc3054b2
DA:6,1
DA:9,1
DA:11,1
DA:14,1
LF:4
LH:4
end_of_record
TN:
SF:t.f35481b38e5775622808c7ebdf5acace1ce8cae6e563b23d31fba229a2eb93a3
DA:5,1
DA:8,1
DA:9,1
DA:13,1
DA:14,0
LF:5
LH:4
end_of_record
TN:
SF:t.f36be58f822c15f48cba98db577ded9e27f34f21ead69a1e8018b7c27d6a1493
DA:6,1
DA:9,1
DA:11,1
DA:14,1
LF:4
LH:4
end_of_record
TN:
SF:t.f39d82ad71c67a72b3890eb5f5dfaee25151be80c484fa30b9c33f64e77279f4
DA:6,1
DA:9,1
DA:11,1
DA:14,1
LF:4
LH:4
end_of_record
TN:
SF:t.f3b0edaa4df25ccff2cb65af169568dca8610161859b8fdaaa2d4be036b62bca
DA:6,1
DA:9,1
DA:11,1
DA:14,1
LF:4
LH:4
end_of_record
TN:
SF:t.f3bece31b6650a711ebbe623b0a333d6d01063e46d9abdc0b34b13a376a0bd6f
DA:5,1
DA:8,1
DA:9,1
DA:13,1
DA:14,0
LF:5
LH:4
end_of_record
TN:
SF:t.f3e449cb115fcf1c1651f11d9655d02bf9cfab504af059eecb795ec349c9a9b9
DA:5,1
DA:8,1
DA:9,1
DA:13,1
DA:14,0
LF:5
LH:4
end_of_record
TN:
SF:t.f4246cb4751fafa248e5f137976f4f8f2ee63c22c0c416c5454127f0247c5b4c
DA:6,1
DA:9,1
DA:11,1
DA:14,1
LF:4
LH:4
end_of_record
TN:
SF:t.f429cb70da320e509f471d395ef51f27c27125be54cc13f680e89b170ecea67d
DA:6,1
DA:9,1
DA:11,1
DA:14,1
LF:4
LH:4
end_of_record
TN:
SF:t.f438acb8f2177cc9bc2f1e7613931fa494f09867789bd0b769a7a431f920e4ac
DA:6,1
DA:9,1
DA:11,1
DA:14,1
LF:4
LH:4
end_of_record
TN:
SF:t.f45b304aa5aa617f8ea180e116c8377e11e88c49c8b8076ffde5fdfc3f780af7
DA:5,1
DA:8,1
DA:9,1
DA:13,1
DA:14,0
LF:5
LH:4
end_of_record
TN:
SF:t.f469c34e8140c721884ae80be437ae13377e932f6954cd79a19aacfe6b267653
DA:5,1
DA:8,1
DA:9,1
DA:13,1
DA:14,0
LF:5
LH:4
end_of_record
TN:
SF:t.f46e656080dd91d902efec53de9801b08547a30fde7dfbb17632c5c84e1ad536
DA:6,1
DA:9,1
DA:11,1
DA:14,1
LF:4
LH:4
end_of_record
TN:
SF:t.f470190e4e742d0c75aca13fe7741ec8ed2cc543e6bb1253933f4378cd5b0f6e
DA:6,1
DA:9,1
DA:11,1
DA:14,1
LF:4
LH:4
end_of_record
TN:
SF:t.f47a89b72a0254b5f5d53c70ddb1746714724d7942e590dff803021ea45fcb40
DA:6,1
DA:9,1
DA:11,1
DA:14,1
LF:4
LH:4
end_of_record
TN:
SF:t.f47ab8547610cbf7895c6af11ac9b8bd5c44636dbd49fbe939fa962ee1fc02d3
DA:3,1
LF:1
LH:1
end_of_record
TN:
SF:t.f48c0dd4e4b7752e7383ac7b7f016bf8bd0c7d16db27c67fe560aa1f6e191986
DA:6,1
DA:9,1
DA:11,1
DA:14,1
LF:4
LH:4
end_of_record
TN:
SF:t.f49631bf019f3d36647b0e0cc536c8c108c5ce62b7774f2e443fa35f86a45f74
DA:5,1
DA:8,1
DA:9,1
DA:13,1
DA:14,0
LF:5
LH:4
end_of_record
TN:
SF:t.f4a87ee76ce051dc302dfc60cad5d9614a800988cea32dd8308e361d91d17e55
DA:6,1
DA:9,1
DA:11,1
DA:14,1
LF:4
LH:4
end_of_record
TN:
SF:t.f4bfd9c9650b68322199296e2ce27c3391158b893bbd70938a59ce21b56cdde0
DA:5,1
DA:8,1
DA:9,1
DA:13,1
DA:14,0
LF:5
LH:4
end_of_record
TN:
SF:t.f4c7614276a985143fee43f8efec29c1096b42a15133c1158190162b8c8cfcd1
DA:6,1
DA:9,1
DA:11,1
DA:14,1
LF:4
LH:4
end_of_record
TN:
SF:t.f4d67ccf4c9ef5f8ebbf0e4e3145003c49e62de0957dbc73e18a7482751e9896
DA:6,1
DA:9,1
DA:11,1
DA:14,1
LF:4
LH:4
end_of_record
TN:
SF:t.f4da9dfc64501b9eeee6757253a6d0931c52c3b8e88d8d0108e0e71a076c5fb9
DA:6,1
DA:9,1
DA:11,1
DA:14,1
LF:4
LH:4
end_of_record
TN:
SF:t.f4ea2db80f5bed61093fdadae5c4d501a8e1a71c63119b20bec3795c56083d70
DA:3,24
LF:1
LH:1
end_of_record
TN:
SF:t.f4f2222dbc5ad105b8ccce5183d0afb6ebdc48c53bcddf917dca2e784e7abfa6
DA:6,1
DA:9,1
DA:11,1
DA:14,1
LF:4
LH:4
end_of_record
TN:
SF:t.f5286e50ae409710f50ed443d2341d4149036f2de3e7db9655aa7f2fa40db348
DA:5,1
DA:8,1
DA:9,1
DA:13,1
DA:14,0
LF:5
LH:4
end_of_record
TN:
SF:t.f5375ce69a5fb65db6b2b89298e60421fa6f1548263067af7d12161f39cf7d64
DA:5,1
DA:8,1
DA:9,1
DA:13,1
DA:14,0
LF:5
LH:4
end_of_record
TN:
SF:t.f56b5fcee243f08b648213bb059b36e7ad7520d99abaf0b8900e7b8f048f6119
DA:5,1
DA:8,1
DA:9,1
DA:13,1
DA:14,0
LF:5
LH:4
end_of_record
TN:
SF:t.f5c469455a0a3a6eaf73206f02f47efe103a4112d4023afce504250add40a4f4
DA:6,1
DA:9,1
DA:11,1
DA:14,1
LF:4
LH:4
end_of_record
TN:
SF:t.f5eca61dfabe1b46893a2ade7bc2aa5b0469ed1fb02a86911e62ff50adedefa1
DA:6,1
DA:9,1
DA:11,1
DA:14,1
LF:4
LH:4
end_of_record
TN:
SF:t.f60e29b366c30f6878da51af9ee24e2881bd4107dbca3fa6da19cdcc6e607fe7
DA:6,1
DA:9,1
DA:11,1
DA:14,1
LF:4
LH:4
end_of_record
TN:
SF:t.f615ad0c0c7b5832137b5b7ca81cc859b19e535e17b84c0a2528272d99ec6d52
DA:6,1
DA:9,1
DA:11,1
DA:14,1
LF:4
LH:4
end_of_record
TN:
SF:t.f674546e87520ff5ae8761e9634a82c97df1ad015fc98678b8657f45a1680e45
DA:5,1
DA:8,1
DA:9,1
DA:13,1
DA:14,0
LF:5
LH:4
end_of_record
TN:
SF:t.f6af032b536734c773d302f21aa2273fea47d0117a0787690410cacac37538a1
DA:6,1
DA:9,1
DA:11,1
DA:14,1
LF:4
LH:4
end_of_record
TN:
SF:t.f6af83f846349bcdca96b190b243bfbafab14d219e3029d26b6fd12450116bb7
DA:6,1
DA:9,1
DA:11,1
DA:14,1
LF:4
LH:4
end_of_record
TN:
SF:t.f70096d0ffa3644e9c2f7edbe59f55ae5b4eecaf9b4cd42e088a621ab44b503e
DA:6,1
DA:9,1
DA:11,1
DA:14,1
LF:4
LH:4
end_of_record
TN:
SF:t.f7024f7a2a95a3abff5fd689d54e1cd854dc43284f5ca879c2380255be8cbbb1
DA:6,1
DA:9,1
DA:11,1
DA:14,1
LF:4
LH:4
end_of_record
TN:
SF:t.f76502fef1aed7b381e8d56ae283bf6289191ab5bdd38c0c79f9fb178d8520e0
DA:6,1
DA:9,1
DA:11,1
DA:14,1
LF:4
LH:4
end_of_record
TN:
SF:t.f79354a49469b2158039eca958fa0a894609c1a5833500532f4feca221dd7b8a
DA:6,1
DA:9,1
DA:11,1
DA:14,1
LF:4
LH:4
end_of_record
TN:
SF:t.f795d86e8153387fe6288539d221a00dcd10aabee3a2553db83aee896e6d5da1
DA:6,1
DA:9,1
DA:11,1
DA:14,1
LF:4
LH:4
end_of_record
TN:
SF:t.f7ad1fc3a6c8095bdbe44e3ff1ad4792b4bce2e5393542e2df0c7d821ff62837
DA:5,1
DA:8,1
DA:9,1
DA:13,1
DA:14,0
LF:5
LH:4
end_of_record
TN:
SF:t.f7b119167d7ead0e94bef35a2951c1401ce791b895f61c22dcbc9b94645f564a
DA:3,1
DA:4,1
LF:2
LH:2
end_of_record
TN:
SF:t.f7cde4de753847a752b83756c2539c57dccdc9d2d9fe69fddd279bed8d90db96
DA:6,1
DA:9,1
DA:11,1
DA:14,1
LF:4
LH:4
end_of_record
TN:
SF:t.f7f8af7d810ef2dd98947568c627a94f6a899714293ef97a45fd164f46a36d71
DA:6,1
DA:9,1
DA:11,1
DA:14,1
LF:4
LH:4
end_of_record
TN:
SF:t.f7fa8755b3ee3ffaf14ab8891af85beb493600cb039c29f9f52d47cd83fed30c
DA:6,1
DA:9,1
DA:11,1
DA:14,1
LF:4
LH:4
end_of_record
TN:
SF:t.f826ce8f997fff559086b660db3cbcf75122126c450edf77e992ffe13b352d0e
DA:6,1
DA:9,1
DA:11,1
DA:14,1
LF:4
LH:4
end_of_record
TN:
SF:t.f8513048efa8b52fffdc80db65c267cab2b97a844133cc6787143699fb363109
DA:5,1
DA:8,1
DA:9,1
DA:13,1
DA:14,0
LF:5
LH:4
end_of_record
TN:
SF:t.f887667839888faf9e4a9e9bee6645ccb88bf820c78958216d82f545a1f264cc
DA:4,1
LF:1
LH:1
end_of_record
TN:
SF:t.f8bd468b5fdaa63264b52e71fb0d3bc97497bcbbe164582f0646b083ada0d540
DA:5,1
DA:8,1
DA:9,1
DA:13,1
DA:14,0
LF:5
LH:4
end_of_record
TN:
SF:t.f8c46d064dcec959e1f15b8cf600ddb77a1c7784d9e01db8e9917036f0d7b2f6
DA:6,1
DA:9,1
DA:11,1
DA:14,1
LF:4
LH:4
end_of_record
TN:
SF:t.f8e7c55900bb639c11edeb9769d0684ecc736d5f106aef4fb1d3b574e61c911e
DA:6,1
DA:9,1
DA:11,1
DA:14,1
LF:4
LH:4
end_of_record
TN:
SF:t.f9007260a286c445f3df81bd39bb21f6a592952cc00c0b3d18656b580c689a05
DA:3,1
DA:4,1
LF:2
LH:2
end_of_record
TN:
SF:t.f90571b9abb72ba3c5551e1646903b067e5c90a6f632117d3e20d6f2dd4a9846
DA:6,1
DA:9,1
DA:11,1
DA:14,1
LF:4
LH:4
end_of_record
TN:
SF:t.f939699c6c61e190b9d2c6f3f4e52647a9a822df9384137dfb8e4cb877f64f80
DA:6,1
DA:9,1
DA:11,1
DA:14,1
LF:4
LH:4
end_of_record
TN:
SF:t.f981aae33ea14070d79efb4d039b4dae647ddd033059d149b70c1a1561351c64
DA:5,1
DA:8,1
DA:9,1
DA:13,1
DA:14,0
LF:5
LH:4
end_of_record
TN:
SF:t.fa09bea83a3771b74c98f6374686ee25eea5d0dfde8092611ea84db191199b70
DA:5,1
DA:8,1
DA:9,1
DA:13,1
DA:14,0
LF:5
LH:4
end_of_record
TN:
SF:t.fa4c44e7d6e6a392c5c351a4c697ffdc829e4aa8924ab048a10308c37514bae2
DA:6,1
DA:9,1
DA:11,1
DA:14,1
LF:4
LH:4
end_of_record
TN:
SF:t.fa6b1b63ee3e17e9dd98e1fb32f66c05bb11537da4ccaa469bb1d50bb318b045
DA:6,1
DA:9,1
DA:11,1
DA:14,1
LF:4
LH:4
end_of_record
TN:
SF:t.fa736bc11d75ada1e0b4b4837f9e87e8b36edbee1988ac6ee814ad35fe5ef427
DA:6,1
DA:9,1
DA:11,1
DA:14,1
LF:4
LH:4
end_of_record
TN:
SF:t.fabb928b0ea1061c29f26c2ae2995bb68db26884cbf280d835278010dce9a8bb
DA:6,1
DA:9,1
DA:11,1
DA:14,1
LF:4
LH:4
end_of_record
TN:
SF:t.fabe6840e89b9a6cf31fc64b7c893a4a0cfd160a54186fd9f9454731038d1ecc
DA:6,1
DA:9,1
DA:11,1
DA:14,1
LF:4
LH:4
end_of_record
TN:
SF:t.fad670631327c55a702ca5c8cfd10ec4c114e57bb9f3af2a29a3551a27c56ea1
DA:6,1
DA:9,1
DA:11,1
DA:14,1
LF:4
LH:4
end_of_record
TN:
SF:t.fb3b9398c7b24bb2da19c98a4e483e98102a103e6ee2350fb1fbe3c2e7bbb33d
DA:5,1
DA:8,1
DA:9,1
DA:13,1
DA:14,0
LF:5
LH:4
end_of_record
TN:
SF:t.fb6971ff4728193e1e1a99a361762d478f0d849745b588561d80ddb51b06c11e
DA:6,1
DA:9,1
DA:11,1
DA:14,1
LF:4
LH:4
end_of_record
TN:
SF:t.fb6a10452cf65980b5e32c282370dc73343f98292f33a4ec263bcf8c006e9972
DA:6,1
DA:9,1
DA:11,1
DA:14,1
LF:4
LH:4
end_of_record
TN:
SF:t.fbb052b4aa7009471815fa2ea56961ac007890fe1ea89b420edfc9e29d6da6ff
DA:5,1
DA:8,1
DA:9,1
DA:13,1
DA:14,0
LF:5
LH:4
end_of_record
TN:
SF:t.fbdf86974060b29441a5e690ca9377bcfadcff74a5725991f258fd0af0dd3976
DA:6,1
DA:9,1
DA:11,1
DA:14,1
LF:4
LH:4
end_of_record
TN:
SF:t.fbf5e13c8693126a36a9651cd53b0fcfe2f0edebe50a4073934999aff1378f45
DA:6,1
DA:9,1
DA:11,1
DA:14,1
LF:4
LH:4
end_of_record
TN:
SF:t.fc0a33f633d19ccd6f7d54e4a4139e1e0ad728fddb50a57541e0126780afdf46
DA:6,1
DA:9,1
DA:11,1
DA:14,1
LF:4
LH:4
end_of_record
TN:
SF:t.fc39b887eec9baadefc10534f81b6b54d0da51c688692649290160f0e6065fa2
DA:6,1
DA:9,1
DA:11,1
DA:14,1
LF:4
LH:4
end_of_record
TN:
SF:t.fca2f63a65b5ccd2b001f441c1eca962c99b467055f89499aeb3fa039e514970
DA:6,1
DA:9,1
DA:11,1
DA:14,1
LF:4
LH:4
end_of_record
TN:
SF:t.fca6778fc2682a585163d3c45779f55b11af04b2057603be62a6835bed06374b
DA:6,1
DA:9,1
DA:11,1
DA:14,1
LF:4
LH:4
end_of_record
TN:
SF:t.fcb787b0a0db940b68f190a916942305aed2ea199758d56ecba52e7997119bf4
DA:6,1
DA:9,1
DA:11,1
DA:14,1
LF:4
LH:4
end_of_record
TN:
SF:t.fcbfef3d335bdd5a6481f77d35a9f49b0320b6727920436e172a9183d2daf7c3
DA:3,24
LF:1
LH:1
end_of_record
TN:
SF:t.fcddc49bbdd33cf5fe3841ea9bdbb9609ddf209456f3b824277825d9049bc281
DA:5,1
DA:8,1
DA:9,1
DA:13,1
DA:14,0
LF:5
LH:4
end_of_record
TN:
SF:t.fd146e8cec502286483fe2b28da2f7a2f131c68fe637fe3bc705ad22c13854e9
DA:4,1
LF:1
LH:1
end_of_record
TN:
SF:t.fd16a705dc8f9d54a86ab684996a88b249cb232ce19f27b65668db7f276f1baa
DA:6,1
DA:9,1
DA:11,1
DA:14,1
LF:4
LH:4
end_of_record
TN:
SF:t.fd2277473ea17c4d62f31663ade51d02e3d7d950e69371eafa30a4b00215afbe
DA:6,1
DA:9,1
DA:11,1
DA:14,1
LF:4
LH:4
end_of_record
TN:
SF:t.fd44277d5c92edea7d2ac38bda933e254f855f7384adb810545a79f1622f671a
DA:5,1
DA:8,1
DA:9,1
DA:13,1
DA:14,0
LF:5
LH:4
end_of_record
TN:
SF:t.fd63f100d4ff2de6518d9d5739eb089c17aa23306b5456e6e2a9575aea86fa68
DA:5,1
DA:8,1
DA:9,1
DA:13,1
DA:14,0
LF:5
LH:4
end_of_record
TN:
SF:t.fd959d842cbdad9fef50bc3e6a7777a43d14503b976259365e46952772ce30c6
DA:6,1
DA:9,1
DA:11,1
DA:14,1
LF:4
LH:4
end_of_record
TN:
SF:t.fd9e7bbb2201434a5079f953a8c768b3df0ad85e916df0b500447eab2144864a
DA:6,1
DA:9,1
DA:11,1
DA:14,1
LF:4
LH:4
end_of_record
TN:
SF:t.fdb85129e69d83f543fb9c67834a9bd9ccf21798aee1bddf6481358b39f57d58
DA:6,1
DA:9,1
DA:11,1
DA:14,1
LF:4
LH:4
end_of_record
TN:
SF:t.fde24d20fb35ef9ce3530af013e5b609f1929d0b0b188a3b3639b55aa3174a82
DA:5,1
DA:8,1
DA:9,1
DA:13,1
DA:14,0
LF:5
LH:4
end_of_record
TN:
SF:t.fe3407bc22ced21c98c63946326cec60e168a3e7472277304eef221393d167f8
DA:6,1
DA:9,1
DA:11,1
DA:14,1
LF:4
LH:4
end_of_record
TN:
SF:t.fe4fef9e779c69387cb7bbfed2b39950caf91cdfba72476d93f636a8f415b8e8
DA:6,1
DA:9,1
DA:11,1
DA:14,1
LF:4
LH:4
end_of_record
TN:
SF:t.fe95ef8c14ea34ed51219eedb259e644c05fae905ce724bb4fced24343f7c48e
DA:4,1
LF:1
LH:1
end_of_record
TN:
SF:t.feac8d0e153558817f22a27306cff6ccda02d47a87ab9cd1d1b4431715f55fc8
DA:4,1
LF:1
LH:1
end_of_record
TN:
SF:t.fedd2be59c5ccff96fe01c7d326287b769e53bbb0a9d5fc74db977f92880841c
DA:6,1
DA:9,1
DA:11,1
DA:14,1
LF:4
LH:4
end_of_record
TN:
SF:t.ff15174c72a47cfc43e6c26fd1b9f5bf5b30244fdf45cc0cbf665dd9521c579e
DA:6,1
DA:9,1
DA:11,1
DA:14,1
LF:4
LH:4
end_of_record
TN:
SF:t.ff1c2e4285de6c67f3a301cf9f83c0d3c7f9d6f12e52c9aa3b536e63be3b08a4
DA:6,1
DA:9,1
DA:11,1
DA:14,1
LF:4
LH:4
end_of_record
TN:
SF:t.ff36da446d9b4631790e9763477fa7a05acb844b2ac51cba7705241de7ff0ca8
DA:5,1
DA:8,1
DA:9,1
DA:13,1
DA:14,0
LF:5
LH:4
end_of_record
TN:
SF:t.ff4a3d9becfc18cdf8e5a627d4b4e1643705b2f2809d3124aae01dbc6ac5faa3
DA:6,1
DA:9,1
DA:11,1
DA:14,1
LF:4
LH:4
end_of_record
TN:
SF:t.ff53565728e0833f9f2998b9f84cc400a0570739ea5903d1499b72efeb4ee627
DA:6,1
DA:9,1
DA:11,1
DA:14,1
LF:4
LH:4
end_of_record
TN:
SF:t.ff59b12087dd073017406c103c7c685859318ef6c075c7d1413e64828dd6cdb9
DA:6,1
DA:9,1
DA:11,1
DA:14,1
LF:4
LH:4
end_of_record
TN:
SF:t.ff59b23fb0c031b4d5aed61c11b165d78f9a2d357941debea8062671a7401e9b
DA:5,1
DA:8,1
DA:9,1
DA:13,1
DA:14,0
LF:5
LH:4
end_of_record
TN:
SF:t.ffa3df30714bc1ca1d96eaa1faf8ef8919b42aee2278e6d3871f4c36133ed9e4
DA:3,24
LF:1
LH:1
end_of_record
TN:
SF:t.ffbc4bcadc59921e8b9709b054e7c3cad6bc97496a67da8a6acf01b9559d4156
DA:5,1
DA:8,1
DA:9,1
DA:13,1
DA:14,0
LF:5
LH:4
end_of_record
TN:
SF:t.ffd8729ce2d6232f8415b160761f7dbf2e1beb3e0b6f76e0303c47c513cf65c3
DA:6,1
DA:9,1
DA:11,1
DA:14,1
LF:4
LH:4
end_of_record
TN:
SF:t.ffdaa22b834f1b6886c1db03c24e69887d0ff129f13c5366d4a4098b338ba6db
DA:5,1
DA:8,1
DA:9,1
DA:13,1
DA:14,0
LF:5
LH:4
end_of_record
